Problem:    Antitrust
Rows:       13
Columns:    10 (3 integer, 3 binary)
Non-zeros:  31
Status:     INTEGER OPTIMAL
Objective:  z = 356 (MINimum)

   No.   Row name        Activity     Lower bound   Upper bound
------ ------------    ------------- ------------- -------------
     1 minmax1[1]                700            -0               
     2 minmax1[2]                649            -0               
     3 minmax1[3]                712            -0               
     4 minmax2[1]                 12            -0               
     5 minmax2[2]                 63            -0               
     6 minmax2[3]                  0            -0               
     7 def_y1[1]                 344           344             = 
     8 def_y1[2]                 293           293             = 
     9 def_y1[3]                 356           356             = 
    10 def_y2[1]                   0            -0             = 
    11 def_y2[2]                   0            -0             = 
    12 def_y2[3]                   0            -0             = 
    13 z                         356                             

   No. Column name       Activity     Lower bound   Upper bound
------ ------------    ------------- ------------- -------------
     1 x[1]         *              1             0             1 
     2 x[2]         *              1             0             1 
     3 x[3]         *              1             0             1 
     4 delta                     356                             
     5 y1[1]                       0             0               
     6 y1[2]                       0             0               
     7 y1[3]                       0             0               
     8 y2[1]                     344             0               
     9 y2[2]                     293             0               
    10 y2[3]                     356             0               

Integer feasibility conditions:

KKT.PE: max.abs.err = 0.00e+000 on row 0
        max.rel.err = 0.00e+000 on row 0
        High quality

KKT.PB: max.abs.err = 0.00e+000 on row 0
        max.rel.err = 0.00e+000 on row 0
        High quality

End of output
