Problem:    arbitri
Rows:       67
Columns:    47 (45 integer, 45 binary)
Non-zeros:  308
Status:     INTEGER OPTIMAL
Objective:  z = 1 (MINimum)

   No.   Row name        Activity     Lower bound   Upper bound
------ ------------    ------------- ------------- -------------
     1 assign[1,1]                 1             1             = 
     2 assign[1,2]                 1             1             = 
     3 assign[1,3]                 1             1             = 
     4 assign[2,1]                 1             1             = 
     5 assign[2,2]                 1             1             = 
     6 assign[2,3]                 1             1             = 
     7 assign[3,1]                 1             1             = 
     8 assign[3,2]                 1             1             = 
     9 assign[3,3]                 1             1             = 
    10 assign[4,1]                 1             1             = 
    11 assign[4,2]                 1             1             = 
    12 assign[4,3]                 1             1             = 
    13 assign[5,1]                 1             1             = 
    14 assign[5,2]                 1             1             = 
    15 assign[5,3]                 1             1             = 
    16 assign2[1,1]                1                           1 
    17 assign2[1,2]                1                           1 
    18 assign2[1,3]                1                           1 
    19 assign2[1,4]                1                           1 
    20 assign2[1,5]                1                           1 
    21 assign2[2,1]                1                           1 
    22 assign2[2,2]                1                           1 
    23 assign2[2,3]                1                           1 
    24 assign2[2,4]                1                           1 
    25 assign2[2,5]                1                           1 
    26 assign2[3,1]                1                           1 
    27 assign2[3,2]                1                           1 
    28 assign2[3,3]                1                           1 
    29 assign2[3,4]                1                           1 
    30 assign2[3,5]                1                           1 
    31 def_lower[1,A]
                                  -1                          -0 
    32 def_lower[1,B]
                                   0                          -0 
    33 def_lower[1,C]
                                   0                          -0 
    34 def_lower[1,D]
                                  -1                          -0 
    35 def_lower[1,E]
                                  -1                          -0 
    36 def_lower[1,F]
                                  -1                          -0 
    37 def_lower[2,A]
                                  -1                          -0 
    38 def_lower[2,B]
                                  -1                          -0 
    39 def_lower[2,C]
                                  -1                          -0 
    40 def_lower[2,D]
                                   0                          -0 
    41 def_lower[2,E]
                                  -1                          -0 
    42 def_lower[2,F]
                                   0                          -0 
    43 def_lower[3,A]
                                   0                          -0 
    44 def_lower[3,B]
                                  -1                          -0 
    45 def_lower[3,C]
                                  -1                          -0 
    46 def_lower[3,D]
                                  -1                          -0 
    47 def_lower[3,E]
                                   0                          -0 
    48 def_lower[3,F]
                                  -1                          -0 
    49 def_upper[1,A]
                                   0            -0               
    50 def_upper[1,B]
                                   1            -0               
    51 def_upper[1,C]
                                   1            -0               
    52 def_upper[1,D]
                                   0            -0               
    53 def_upper[1,E]
                                   0            -0               
    54 def_upper[1,F]
                                   0            -0               
    55 def_upper[2,A]
                                   0            -0               
    56 def_upper[2,B]
                                   0            -0               
    57 def_upper[2,C]
                                   0            -0               
    58 def_upper[2,D]
                                   1            -0               
    59 def_upper[2,E]
                                   0            -0               
    60 def_upper[2,F]
                                   1            -0               
    61 def_upper[3,A]
                                   1            -0               
    62 def_upper[3,B]
                                   0            -0               
    63 def_upper[3,C]
                                   0            -0               
    64 def_upper[3,D]
                                   0            -0               
    65 def_upper[3,E]
                                   1            -0               
    66 def_upper[3,F]
                                   0            -0               
    67 z                           1                             

   No. Column name       Activity     Lower bound   Upper bound
------ ------------    ------------- ------------- -------------
     1 x[1,1,1]     *              1             0             1 
     2 x[1,1,2]     *              0             0             1 
     3 x[1,1,3]     *              0             0             1 
     4 x[1,2,1]     *              0             0             1 
     5 x[1,2,2]     *              1             0             1 
     6 x[1,2,3]     *              0             0             1 
     7 x[1,3,1]     *              0             0             1 
     8 x[1,3,2]     *              0             0             1 
     9 x[1,3,3]     *              1             0             1 
    10 x[2,1,1]     *              1             0             1 
    11 x[2,1,2]     *              0             0             1 
    12 x[2,1,3]     *              0             0             1 
    13 x[2,2,1]     *              0             0             1 
    14 x[2,2,2]     *              0             0             1 
    15 x[2,2,3]     *              1             0             1 
    16 x[2,3,1]     *              0             0             1 
    17 x[2,3,2]     *              1             0             1 
    18 x[2,3,3]     *              0             0             1 
    19 x[3,1,1]     *              0             0             1 
    20 x[3,1,2]     *              1             0             1 
    21 x[3,1,3]     *              0             0             1 
    22 x[3,2,1]     *              0             0             1 
    23 x[3,2,2]     *              0             0             1 
    24 x[3,2,3]     *              1             0             1 
    25 x[3,3,1]     *              1             0             1 
    26 x[3,3,2]     *              0             0             1 
    27 x[3,3,3]     *              0             0             1 
    28 x[4,1,1]     *              0             0             1 
    29 x[4,1,2]     *              0             0             1 
    30 x[4,1,3]     *              1             0             1 
    31 x[4,2,1]     *              1             0             1 
    32 x[4,2,2]     *              0             0             1 
    33 x[4,2,3]     *              0             0             1 
    34 x[4,3,1]     *              0             0             1 
    35 x[4,3,2]     *              1             0             1 
    36 x[4,3,3]     *              0             0             1 
    37 x[5,1,1]     *              0             0             1 
    38 x[5,1,2]     *              1             0             1 
    39 x[5,1,3]     *              0             0             1 
    40 x[5,2,1]     *              0             0             1 
    41 x[5,2,2]     *              0             0             1 
    42 x[5,2,3]     *              1             0             1 
    43 x[5,3,1]     *              1             0             1 
    44 x[5,3,2]     *              0             0             1 
    45 x[5,3,3]     *              0             0             1 
    46 lower                       1                             
    47 upper                       2                             

Integer feasibility conditions:

KKT.PE: max.abs.err = 0.00e+000 on row 0
        max.rel.err = 0.00e+000 on row 0
        High quality

KKT.PB: max.abs.err = 0.00e+000 on row 0
        max.rel.err = 0.00e+000 on row 0
        High quality

End of output
