Problem:    AutoNoleggio
Rows:       102
Columns:    35 (35 integer, 35 binary)
Non-zeros:  351
Status:     INTEGER OPTIMAL
Objective:  z = 5400 (MAXimum)

   No.   Row name        Activity     Lower bound   Upper bound
------ ------------    ------------- ------------- -------------
     1 cars[1]                     1                           5 
     2 cars[2]                     1                           5 
     3 cars[3]                     0                           5 
     4 cars[4]                     1                           5 
     5 cars[5]                     1                           5 
     6 cars[6]                     1                           5 
     7 cars[7]                     0                           5 
     8 cars[8]                     0                           5 
     9 cars[9]                     0                           5 
    10 cars[10]                    0                           5 
    11 cars[11]                    1                           5 
    12 cars[12]                    1                           5 
    13 cars[13]                    1                           5 
    14 cars[14]                    1                           5 
    15 cars[15]                    0                           5 
    16 cars[16]                    0                           5 
    17 cars[17]                    0                           5 
    18 cars[18]                    1                           5 
    19 cars[19]                    0                           5 
    20 cars[20]                    0                           5 
    21 cars[21]                    1                           5 
    22 cars[22]                    0                           5 
    23 cars[23]                    1                           5 
    24 cars[24]                    0                           5 
    25 cars[25]                    0                           5 
    26 cars[26]                    1                           5 
    27 cars[27]                    1                           5 
    28 cars[28]                    0                           5 
    29 cars[29]                    0                           5 
    30 cars[30]                    1                           5 
    31 cars[31]                    1                           5 
    32 cars[32]                    0                           5 
    33 cars[33]                    0                           5 
    34 cars[34]                    0                           5 
    35 cars[35]                    0                           5 
    36 incompat[1]                 0                           5 
    37 incompat[2]                 3                           5 
    38 incompat[3]                 5                           5 
    39 incompat[4]                 5                           5 
    40 incompat[5]                 5                           5 
    41 incompat[6]                 4                           5 
    42 incompat[7]                 5                           5 
    43 incompat[8]                 5                           5 
    44 incompat[9]                 4                           5 
    45 incompat[10]                5                           5 
    46 incompat[11]                4                           5 
    47 incompat[12]                5                           5 
    48 incompat[13]                5                           5 
    49 incompat[14]                5                           5 
    50 incompat[15]                5                           5 
    51 incompat[16]                5                           5 
    52 incompat[17]                5                           5 
    53 incompat[18]                5                           5 
    54 incompat[19]                5                           5 
    55 incompat[20]                4                           5 
    56 incompat[21]                5                           5 
    57 incompat[22]                5                           5 
    58 incompat[23]                5                           5 
    59 incompat[24]                5                           5 
    60 incompat[25]                5                           5 
    61 incompat[26]                5                           5 
    62 incompat[27]                2                           5 
    63 incompat[28]                2                           5 
    64 incompat[29]                3                           5 
    65 incompat[30]                5                           5 
    66 incompat[31]                5                           5 
    67 incompat[32]                5                           5 
    68 incompat[33]                5                           5 
    69 incompat[34]                4                           5 
    70 incompat[35]                2                           5 
    71 integrity[1]                1                           1 
    72 integrity[2]                1                           1 
    73 integrity[3]                0                           1 
    74 integrity[4]                1                           1 
    75 integrity[5]                1                           1 
    76 integrity[6]                1                           1 
    77 integrity[7]                0                           1 
    78 integrity[8]                0                           1 
    79 integrity[9]                0                           1 
    80 integrity[10]
                                   0                           1 
    81 integrity[11]
                                   1                           1 
    82 integrity[12]
                                   1                           1 
    83 integrity[13]
                                   1                           1 
    84 integrity[14]
                                   1                           1 
    85 integrity[15]
                                   0                           1 
    86 integrity[16]
                                   0                           1 
    87 integrity[17]
                                   0                           1 
    88 integrity[18]
                                   1                           1 
    89 integrity[19]
                                   0                           1 
    90 integrity[20]
                                   0                           1 
    91 integrity[21]
                                   1                           1 
    92 integrity[22]
                                   0                           1 
    93 integrity[23]
                                   1                           1 
    94 integrity[24]
                                   0                           1 
    95 integrity[25]
                                   0                           1 
    96 integrity[26]
                                   1                           1 
    97 integrity[27]
                                   1                           1 
    98 integrity[28]
                                   0                           1 
    99 integrity[29]
                                   0                           1 
   100 integrity[30]
                                   1                           1 
   101 integrity[31]
                                   1                           1 
   102 z                        6400                             

   No. Column name       Activity     Lower bound   Upper bound
------ ------------    ------------- ------------- -------------
     1 x[1]         *              1             0             1 
     2 x[2]         *              1             0             1 
     3 x[3]         *              0             0             1 
     4 x[4]         *              1             0             1 
     5 x[5]         *              1             0             1 
     6 x[6]         *              1             0             1 
     7 x[7]         *              0             0             1 
     8 x[8]         *              0             0             1 
     9 x[9]         *              0             0             1 
    10 x[10]        *              0             0             1 
    11 x[11]        *              1             0             1 
    12 x[12]        *              1             0             1 
    13 x[13]        *              1             0             1 
    14 x[14]        *              1             0             1 
    15 x[15]        *              0             0             1 
    16 x[16]        *              0             0             1 
    17 x[17]        *              0             0             1 
    18 x[18]        *              1             0             1 
    19 x[19]        *              0             0             1 
    20 x[20]        *              0             0             1 
    21 x[21]        *              1             0             1 
    22 x[22]        *              0             0             1 
    23 x[23]        *              1             0             1 
    24 x[24]        *              0             0             1 
    25 x[25]        *              0             0             1 
    26 x[26]        *              1             0             1 
    27 x[27]        *              1             0             1 
    28 x[28]        *              0             0             1 
    29 x[29]        *              0             0             1 
    30 x[30]        *              1             0             1 
    31 x[31]        *              1             0             1 
    32 x[32]        *              0             0             1 
    33 x[33]        *              0             0             1 
    34 x[34]        *              0             0             1 
    35 x[35]        *              0             0             1 

Integer feasibility conditions:

KKT.PE: max.abs.err = 0.00e+000 on row 0
        max.rel.err = 0.00e+000 on row 0
        High quality

KKT.PB: max.abs.err = 0.00e+000 on row 0
        max.rel.err = 0.00e+000 on row 0
        High quality

End of output
