Problem:    Cammino
Rows:       22
Columns:    31 (31 integer, 31 binary)
Non-zeros:  155
Status:     INTEGER OPTIMAL
Objective:  z = 1 (MINimum)

   No.   Row name        Activity     Lower bound   Upper bound
------ ------------    ------------- ------------- -------------
     1 origine                     1             1             = 
     2 destinazione                1             1             = 
     3 flow_cons[2]                0            -0             = 
     4 flow_cons[3]                0            -0             = 
     5 flow_cons[4]                0            -0             = 
     6 flow_cons[5]                0            -0             = 
     7 flow_cons[6]                0            -0             = 
     8 no_cicli_in[1]
                                   0                           1 
     9 no_cicli_in[2]
                                   0                           1 
    10 no_cicli_in[3]
                                   0                           1 
    11 no_cicli_in[4]
                                   0                           1 
    12 no_cicli_in[5]
                                   0                           1 
    13 no_cicli_in[6]
                                   0                           1 
    14 no_cicli_in[7]
                                   1                           1 
    15 no_cicli_out[1]
                                   1                           1 
    16 no_cicli_out[2]
                                   0                           1 
    17 no_cicli_out[3]
                                   0                           1 
    18 no_cicli_out[4]
                                   0                           1 
    19 no_cicli_out[5]
                                   0                           1 
    20 no_cicli_out[6]
                                   0                           1 
    21 no_cicli_out[7]
                                   0                           1 
    22 z                           1                             

   No. Column name       Activity     Lower bound   Upper bound
------ ------------    ------------- ------------- -------------
     1 x[1,2]       *              0             0             1 
     2 x[1,3]       *              0             0             1 
     3 x[1,4]       *              0             0             1 
     4 x[1,5]       *              0             0             1 
     5 x[1,6]       *              0             0             1 
     6 x[1,7]       *              1             0             1 
     7 x[2,7]       *              0             0             1 
     8 x[3,7]       *              0             0             1 
     9 x[4,7]       *              0             0             1 
    10 x[5,7]       *              0             0             1 
    11 x[6,7]       *              0             0             1 
    12 x[3,2]       *              0             0             1 
    13 x[4,2]       *              0             0             1 
    14 x[5,2]       *              0             0             1 
    15 x[6,2]       *              0             0             1 
    16 x[2,3]       *              0             0             1 
    17 x[2,4]       *              0             0             1 
    18 x[2,5]       *              0             0             1 
    19 x[2,6]       *              0             0             1 
    20 x[4,3]       *              0             0             1 
    21 x[5,3]       *              0             0             1 
    22 x[6,3]       *              0             0             1 
    23 x[3,4]       *              0             0             1 
    24 x[3,5]       *              0             0             1 
    25 x[3,6]       *              0             0             1 
    26 x[5,4]       *              0             0             1 
    27 x[6,4]       *              0             0             1 
    28 x[4,5]       *              0             0             1 
    29 x[4,6]       *              0             0             1 
    30 x[6,5]       *              0             0             1 
    31 x[5,6]       *              0             0             1 

Integer feasibility conditions:

KKT.PE: max.abs.err = 0.00e+000 on row 0
        max.rel.err = 0.00e+000 on row 0
        High quality

KKT.PB: max.abs.err = 0.00e+000 on row 0
        max.rel.err = 0.00e+000 on row 0
        High quality

End of output
