Problem:    Chirurgia
Rows:       64
Columns:    30 (30 integer, 30 binary)
Non-zeros:  180
Status:     INTEGER OPTIMAL
Objective:  z = 10 (MAXimum)

   No.   Row name        Activity     Lower bound   Upper bound
------ ------------    ------------- ------------- -------------
     1 capacity[1]               355                         360 
     2 capacity[2]               360                         360 
     3 capacity[3]               420                         420 
     4 assign[1,2,1]
                                   1                           1 
     5 assign[1,2,2]
                                   1                           1 
     6 assign[1,2,3]
                                   1                           1 
     7 assign[1,2,4]
                                   0                           1 
     8 assign[1,2,5]
                                   1                           1 
     9 assign[1,2,6]
                                   0                           1 
    10 assign[1,2,7]
                                   0                           1 
    11 assign[1,2,8]
                                   1                           1 
    12 assign[1,2,9]
                                   0                           1 
    13 assign[1,2,10]
                                   1                           1 
    14 assign[1,3,1]
                                   0                           1 
    15 assign[1,3,2]
                                   0                           1 
    16 assign[1,3,3]
                                   1                           1 
    17 assign[1,3,4]
                                   1                           1 
    18 assign[1,3,5]
                                   1                           1 
    19 assign[1,3,6]
                                   1                           1 
    20 assign[1,3,7]
                                   1                           1 
    21 assign[1,3,8]
                                   1                           1 
    22 assign[1,3,9]
                                   1                           1 
    23 assign[1,3,10]
                                   0                           1 
    24 assign[2,1,1]
                                   1                           1 
    25 assign[2,1,2]
                                   1                           1 
    26 assign[2,1,3]
                                   1                           1 
    27 assign[2,1,4]
                                   0                           1 
    28 assign[2,1,5]
                                   1                           1 
    29 assign[2,1,6]
                                   0                           1 
    30 assign[2,1,7]
                                   0                           1 
    31 assign[2,1,8]
                                   1                           1 
    32 assign[2,1,9]
                                   0                           1 
    33 assign[2,1,10]
                                   1                           1 
    34 assign[2,3,1]
                                   1                           1 
    35 assign[2,3,2]
                                   1                           1 
    36 assign[2,3,3]
                                   0                           1 
    37 assign[2,3,4]
                                   1                           1 
    38 assign[2,3,5]
                                   0                           1 
    39 assign[2,3,6]
                                   1                           1 
    40 assign[2,3,7]
                                   1                           1 
    41 assign[2,3,8]
                                   0                           1 
    42 assign[2,3,9]
                                   1                           1 
    43 assign[2,3,10]
                                   1                           1 
    44 assign[3,1,1]
                                   0                           1 
    45 assign[3,1,2]
                                   0                           1 
    46 assign[3,1,3]
                                   1                           1 
    47 assign[3,1,4]
                                   1                           1 
    48 assign[3,1,5]
                                   1                           1 
    49 assign[3,1,6]
                                   1                           1 
    50 assign[3,1,7]
                                   1                           1 
    51 assign[3,1,8]
                                   1                           1 
    52 assign[3,1,9]
                                   1                           1 
    53 assign[3,1,10]
                                   0                           1 
    54 assign[3,2,1]
                                   1                           1 
    55 assign[3,2,2]
                                   1                           1 
    56 assign[3,2,3]
                                   0                           1 
    57 assign[3,2,4]
                                   1                           1 
    58 assign[3,2,5]
                                   0                           1 
    59 assign[3,2,6]
                                   1                           1 
    60 assign[3,2,7]
                                   1                           1 
    61 assign[3,2,8]
                                   0                           1 
    62 assign[3,2,9]
                                   1                           1 
    63 assign[3,2,10]
                                   1                           1 
    64 z                          10                             

   No. Column name       Activity     Lower bound   Upper bound
------ ------------    ------------- ------------- -------------
     1 x[1,1]       *              0             0             1 
     2 x[2,1]       *              0             0             1 
     3 x[3,1]       *              1             0             1 
     4 x[4,1]       *              0             0             1 
     5 x[5,1]       *              1             0             1 
     6 x[6,1]       *              0             0             1 
     7 x[7,1]       *              0             0             1 
     8 x[8,1]       *              1             0             1 
     9 x[9,1]       *              0             0             1 
    10 x[10,1]      *              0             0             1 
    11 x[1,2]       *              1             0             1 
    12 x[2,2]       *              1             0             1 
    13 x[3,2]       *              0             0             1 
    14 x[4,2]       *              0             0             1 
    15 x[5,2]       *              0             0             1 
    16 x[6,2]       *              0             0             1 
    17 x[7,2]       *              0             0             1 
    18 x[8,2]       *              0             0             1 
    19 x[9,2]       *              0             0             1 
    20 x[10,2]      *              1             0             1 
    21 x[1,3]       *              0             0             1 
    22 x[2,3]       *              0             0             1 
    23 x[3,3]       *              0             0             1 
    24 x[4,3]       *              1             0             1 
    25 x[5,3]       *              0             0             1 
    26 x[6,3]       *              1             0             1 
    27 x[7,3]       *              1             0             1 
    28 x[8,3]       *              0             0             1 
    29 x[9,3]       *              1             0             1 
    30 x[10,3]      *              0             0             1 

Integer feasibility conditions:

KKT.PE: max.abs.err = 0.00e+000 on row 0
        max.rel.err = 0.00e+000 on row 0
        High quality

KKT.PB: max.abs.err = 0.00e+000 on row 0
        max.rel.err = 0.00e+000 on row 0
        High quality

End of output
