Problem:    Concentratori
Rows:       44
Columns:    42 (42 integer, 42 binary)
Non-zeros:  180
Status:     INTEGER OPTIMAL
Objective:  z = 30105 (MINimum)

   No.   Row name        Activity     Lower bound   Upper bound
------ ------------    ------------- ------------- -------------
     1 conc                        2             2             = 
     2 capacity[1]                 0                          -0 
     3 capacity[2]               -10                          -0 
     4 capacity[3]                 0                          -0 
     5 capacity[4]                 0                          -0 
     6 capacity[5]                -5                          -0 
     7 capacity[6]                 0                          -0 
     8 servizio[1]                 1             1             = 
     9 servizio[2]                 1             1             = 
    10 servizio[3]                 1             1             = 
    11 servizio[4]                 1             1             = 
    12 servizio[5]                 1             1             = 
    13 servizio[6]                 1             1             = 
    14 integrity[1,2]
                                   0                          -0 
    15 integrity[1,3]
                                   0                          -0 
    16 integrity[1,4]
                                   0                          -0 
    17 integrity[1,5]
                                  -1                          -0 
    18 integrity[1,6]
                                   0                          -0 
    19 integrity[2,1]
                                   0                          -0 
    20 integrity[2,3]
                                   0                          -0 
    21 integrity[2,4]
                                   0                          -0 
    22 integrity[2,5]
                                  -1                          -0 
    23 integrity[2,6]
                                   0                          -0 
    24 integrity[3,1]
                                   0                          -0 
    25 integrity[3,2]
                                  -1                          -0 
    26 integrity[3,4]
                                   0                          -0 
    27 integrity[3,5]
                                   0                          -0 
    28 integrity[3,6]
                                   0                          -0 
    29 integrity[4,1]
                                   0                          -0 
    30 integrity[4,2]
                                  -1                          -0 
    31 integrity[4,3]
                                   0                          -0 
    32 integrity[4,5]
                                   0                          -0 
    33 integrity[4,6]
                                   0                          -0 
    34 integrity[5,1]
                                   0                          -0 
    35 integrity[5,2]
                                   0                          -0 
    36 integrity[5,3]
                                   0                          -0 
    37 integrity[5,4]
                                   0                          -0 
    38 integrity[5,6]
                                   0                          -0 
    39 integrity[6,1]
                                   0                          -0 
    40 integrity[6,2]
                                  -1                          -0 
    41 integrity[6,3]
                                   0                          -0 
    42 integrity[6,4]
                                   0                          -0 
    43 integrity[6,5]
                                   0                          -0 
    44 z                       30105                             

   No. Column name       Activity     Lower bound   Upper bound
------ ------------    ------------- ------------- -------------
     1 x[1]         *              0             0             1 
     2 x[2]         *              1             0             1 
     3 x[3]         *              0             0             1 
     4 x[4]         *              0             0             1 
     5 x[5]         *              1             0             1 
     6 x[6]         *              0             0             1 
     7 y[1,1]       *              0             0             1 
     8 y[2,1]       *              0             0             1 
     9 y[3,1]       *              0             0             1 
    10 y[4,1]       *              0             0             1 
    11 y[5,1]       *              0             0             1 
    12 y[6,1]       *              0             0             1 
    13 y[1,2]       *              1             0             1 
    14 y[2,2]       *              1             0             1 
    15 y[3,2]       *              0             0             1 
    16 y[4,2]       *              0             0             1 
    17 y[5,2]       *              1             0             1 
    18 y[6,2]       *              0             0             1 
    19 y[1,3]       *              0             0             1 
    20 y[2,3]       *              0             0             1 
    21 y[3,3]       *              0             0             1 
    22 y[4,3]       *              0             0             1 
    23 y[5,3]       *              0             0             1 
    24 y[6,3]       *              0             0             1 
    25 y[1,4]       *              0             0             1 
    26 y[2,4]       *              0             0             1 
    27 y[3,4]       *              0             0             1 
    28 y[4,4]       *              0             0             1 
    29 y[5,4]       *              0             0             1 
    30 y[6,4]       *              0             0             1 
    31 y[1,5]       *              0             0             1 
    32 y[2,5]       *              0             0             1 
    33 y[3,5]       *              1             0             1 
    34 y[4,5]       *              1             0             1 
    35 y[5,5]       *              0             0             1 
    36 y[6,5]       *              1             0             1 
    37 y[1,6]       *              0             0             1 
    38 y[2,6]       *              0             0             1 
    39 y[3,6]       *              0             0             1 
    40 y[4,6]       *              0             0             1 
    41 y[5,6]       *              0             0             1 
    42 y[6,6]       *              0             0             1 

Integer feasibility conditions:

KKT.PE: max.abs.err = 0.00e+000 on row 0
        max.rel.err = 0.00e+000 on row 0
        High quality

KKT.PB: max.abs.err = 0.00e+000 on row 0
        max.rel.err = 0.00e+000 on row 0
        High quality

End of output
