Problem:    Enigma_8612
Rows:       51
Columns:    72 (72 integer, 72 binary)
Non-zeros:  232
Status:     INTEGER OPTIMAL
Objective:  0 (MINimum)

   No.   Row name        Activity     Lower bound   Upper bound
------ ------------    ------------- ------------- -------------
     1 tutte_diverse[1]
                                   0                           1 
     2 tutte_diverse[2]
                                   1                           1 
     3 tutte_diverse[3]
                                   0                           1 
     4 tutte_diverse[4]
                                   0                           1 
     5 tutte_diverse[5]
                                   1                           1 
     6 tutte_diverse[6]
                                   0                           1 
     7 tutte_diverse[7]
                                   1                           1 
     8 tutte_diverse[8]
                                   1                           1 
     9 tutte_diverse[9]
                                   0                           1 
    10 assign[0]                   1             1             = 
    11 assign[1]                   1             1             = 
    12 assign[2]                   1             1             = 
    13 assign[3]                   1             1             = 
    14 permut1[1]                  0            -0             = 
    15 permut1[2]                  0            -0             = 
    16 permut1[3]                  0            -0             = 
    17 permut1[4]                  0            -0             = 
    18 permut1[5]                  0            -0             = 
    19 permut1[6]                  0            -0             = 
    20 permut1[7]                  0            -0             = 
    21 permut1[8]                  0            -0             = 
    22 permut1[9]                  0            -0             = 
    23 permut2[1]                  0            -0             = 
    24 permut2[2]                  0            -0             = 
    25 permut2[3]                  0            -0             = 
    26 permut2[4]                  0            -0             = 
    27 permut2[5]                  0            -0             = 
    28 permut2[6]                  0            -0             = 
    29 permut2[7]                  0            -0             = 
    30 permut2[8]                  0            -0             = 
    31 permut2[9]                  0            -0             = 
    32 permut3[1]                  0            -0             = 
    33 permut3[2]                  0            -0             = 
    34 permut3[3]                  0            -0             = 
    35 permut3[4]                  0            -0             = 
    36 permut3[5]                  0            -0             = 
    37 permut3[6]                  0            -0             = 
    38 permut3[7]                  0            -0             = 
    39 permut3[8]                  0            -0             = 
    40 permut3[9]                  0            -0             = 
    41 permut4[1]                  0            -0             = 
    42 permut4[2]                  0            -0             = 
    43 permut4[3]                  0            -0             = 
    44 permut4[4]                  0            -0             = 
    45 permut4[5]                  0            -0             = 
    46 permut4[6]                  0            -0             = 
    47 permut4[7]                  0            -0             = 
    48 permut4[8]                  0            -0             = 
    49 permut4[9]                  0            -0             = 
    50 Somma                    8612          8612             = 
    51 special                     2             2             = 

   No. Column name       Activity     Lower bound   Upper bound
------ ------------    ------------- ------------- -------------
     1 x1[0,1]      *              0             0             1 
     2 x1[1,1]      *              0             0             1 
     3 x1[2,1]      *              0             0             1 
     4 x1[3,1]      *              0             0             1 
     5 x1[0,2]      *              0             0             1 
     6 x1[1,2]      *              0             0             1 
     7 x1[2,2]      *              0             0             1 
     8 x1[3,2]      *              1             0             1 
     9 x1[0,3]      *              0             0             1 
    10 x1[1,3]      *              0             0             1 
    11 x1[2,3]      *              0             0             1 
    12 x1[3,3]      *              0             0             1 
    13 x1[0,4]      *              0             0             1 
    14 x1[1,4]      *              0             0             1 
    15 x1[2,4]      *              0             0             1 
    16 x1[3,4]      *              0             0             1 
    17 x1[0,5]      *              1             0             1 
    18 x1[1,5]      *              0             0             1 
    19 x1[2,5]      *              0             0             1 
    20 x1[3,5]      *              0             0             1 
    21 x1[0,6]      *              0             0             1 
    22 x1[1,6]      *              0             0             1 
    23 x1[2,6]      *              0             0             1 
    24 x1[3,6]      *              0             0             1 
    25 x1[0,7]      *              0             0             1 
    26 x1[1,7]      *              0             0             1 
    27 x1[2,7]      *              1             0             1 
    28 x1[3,7]      *              0             0             1 
    29 x1[0,8]      *              0             0             1 
    30 x1[1,8]      *              1             0             1 
    31 x1[2,8]      *              0             0             1 
    32 x1[3,8]      *              0             0             1 
    33 x1[0,9]      *              0             0             1 
    34 x1[1,9]      *              0             0             1 
    35 x1[2,9]      *              0             0             1 
    36 x1[3,9]      *              0             0             1 
    37 x2[1,1]      *              0             0             1 
    38 x2[1,2]      *              1             0             1 
    39 x2[1,3]      *              0             0             1 
    40 x2[1,4]      *              0             0             1 
    41 x2[1,5]      *              0             0             1 
    42 x2[1,6]      *              0             0             1 
    43 x2[1,7]      *              0             0             1 
    44 x2[1,8]      *              0             0             1 
    45 x2[1,9]      *              0             0             1 
    46 x2[0,1]      *              0             0             1 
    47 x2[0,2]      *              0             0             1 
    48 x2[0,3]      *              0             0             1 
    49 x2[0,4]      *              0             0             1 
    50 x2[0,5]      *              0             0             1 
    51 x2[0,6]      *              0             0             1 
    52 x2[0,7]      *              1             0             1 
    53 x2[0,8]      *              0             0             1 
    54 x2[0,9]      *              0             0             1 
    55 x2[2,1]      *              0             0             1 
    56 x2[2,2]      *              0             0             1 
    57 x2[2,3]      *              0             0             1 
    58 x2[2,4]      *              0             0             1 
    59 x2[2,5]      *              0             0             1 
    60 x2[2,6]      *              0             0             1 
    61 x2[2,7]      *              0             0             1 
    62 x2[2,8]      *              1             0             1 
    63 x2[2,9]      *              0             0             1 
    64 x2[3,1]      *              0             0             1 
    65 x2[3,2]      *              0             0             1 
    66 x2[3,3]      *              0             0             1 
    67 x2[3,4]      *              0             0             1 
    68 x2[3,5]      *              1             0             1 
    69 x2[3,6]      *              0             0             1 
    70 x2[3,7]      *              0             0             1 
    71 x2[3,8]      *              0             0             1 
    72 x2[3,9]      *              0             0             1 

2785 + 5827 = 8612
Integer feasibility conditions:

KKT.PE: max.abs.err = 0.00e+000 on row 0
        max.rel.err = 0.00e+000 on row 0
        High quality

KKT.PB: max.abs.err = 0.00e+000 on row 0
        max.rel.err = 0.00e+000 on row 0
        High quality

End of output
