Problem:    Frequenze
Rows:       44
Columns:    22 (22 integer, 22 binary)
Non-zeros:  108
Status:     INTEGER OPTIMAL
Objective:  z = 8 (MAXimum)

   No.   Row name        Activity     Lower bound   Upper bound
------ ------------    ------------- ------------- -------------
     1 assign[1,2]                 1                           1 
     2 assign[1,3]                 1                           1 
     3 assign[2,3]                 0                           1 
     4 assign[2,4]                 1                           1 
     5 assign[3,4]                 1                           1 
     6 assign[3,5]                 0                           1 
     7 assign[4,5]                 1                           1 
     8 assign[4,6]                 1                           1 
     9 assign[5,6]                 0                           1 
    10 assign[5,7]                 1                           1 
    11 assign[6,7]                 1                           1 
    12 assign[6,8]                 0                           1 
    13 assign[7,8]                 1                           1 
    14 assign[7,9]                 1                           1 
    15 assign[8,9]                 0                           1 
    16 assign[8,10]                1                           1 
    17 assign[9,10]                1                           1 
    18 assign[10,11]
                                   1                           1 
    19 assign[11,12]
                                   1                           1 
    20 assign[11,13]
                                   0                           1 
    21 assign[12,13]
                                   1                           1 
    22 assign[12,14]
                                   1                           1 
    23 assign[13,14]
                                   0                           1 
    24 assign[13,15]
                                   1                           1 
    25 assign[14,15]
                                   1                           1 
    26 assign[14,16]
                                   0                           1 
    27 assign[15,16]
                                   1                           1 
    28 assign[15,17]
                                   1                           1 
    29 assign[16,17]
                                   0                           1 
    30 assign[16,18]
                                   0                           1 
    31 assign[16,19]
                                   1                           1 
    32 assign[16,20]
                                   0                           1 
    33 assign[17,18]
                                   0                           1 
    34 assign[17,19]
                                   1                           1 
    35 assign[17,20]
                                   0                           1 
    36 assign[18,19]
                                   1                           1 
    37 assign[18,20]
                                   0                           1 
    38 assign[18,21]
                                   0                           1 
    39 assign[19,20]
                                   1                           1 
    40 assign[19,21]
                                   1                           1 
    41 assign[20,21]
                                   0                           1 
    42 assign[20,22]
                                   1                           1 
    43 assign[21,22]
                                   1                           1 
    44 z                           8                             

   No. Column name       Activity     Lower bound   Upper bound
------ ------------    ------------- ------------- -------------
     1 x[2]         *              0             0             1 
     2 x[1]         *              1             0             1 
     3 x[3]         *              0             0             1 
     4 x[4]         *              1             0             1 
     5 x[5]         *              0             0             1 
     6 x[6]         *              0             0             1 
     7 x[7]         *              1             0             1 
     8 x[8]         *              0             0             1 
     9 x[9]         *              0             0             1 
    10 x[10]        *              1             0             1 
    11 x[11]        *              0             0             1 
    12 x[12]        *              1             0             1 
    13 x[13]        *              0             0             1 
    14 x[14]        *              0             0             1 
    15 x[15]        *              1             0             1 
    16 x[16]        *              0             0             1 
    17 x[17]        *              0             0             1 
    18 x[18]        *              0             0             1 
    19 x[19]        *              1             0             1 
    20 x[20]        *              0             0             1 
    21 x[21]        *              0             0             1 
    22 x[22]        *              1             0             1 

Integer feasibility conditions:

KKT.PE: max.abs.err = 0.00e+000 on row 0
        max.rel.err = 0.00e+000 on row 0
        High quality

KKT.PB: max.abs.err = 0.00e+000 on row 0
        max.rel.err = 0.00e+000 on row 0
        High quality

End of output
