Problem:    Missione
Rows:       7
Columns:    26 (24 integer, 24 binary)
Non-zeros:  78
Status:     INTEGER OPTIMAL
Objective:  z = 25 (MAXimum)

   No.   Row name        Activity     Lower bound   Upper bound
------ ------------    ------------- ------------- -------------
     1 capacity                  100                         100 
     2 def_valtotale
                                   0            -0             = 
     3 z                          25                             
     4 maxmin[1]                   0                          -0 
     5 maxmin[2]                   0                          -0 
     6 maxmin[3]                  -5                          -0 
     7 maxmin[4]                  -5                          -0 

   No. Column name       Activity     Lower bound   Upper bound
------ ------------    ------------- ------------- -------------
     1 x[1,1]       *              0             0             1 
     2 x[1,2]       *              0             0             1 
     3 x[1,3]       *              0             0             1 
     4 x[1,4]       *              1             0             1 
     5 x[1,5]       *              0             0             1 
     6 x[1,6]       *              0             0             1 
     7 x[2,1]       *              0             0             1 
     8 x[2,2]       *              1             0             1 
     9 x[2,3]       *              0             0             1 
    10 x[2,4]       *              0             0             1 
    11 x[2,5]       *              0             0             1 
    12 x[2,6]       *              0             0             1 
    13 x[3,1]       *              0             0             1 
    14 x[3,2]       *              0             0             1 
    15 x[3,3]       *              1             0             1 
    16 x[3,4]       *              1             0             1 
    17 x[3,5]       *              0             0             1 
    18 x[3,6]       *              0             0             1 
    19 x[4,1]       *              0             0             1 
    20 x[4,2]       *              0             0             1 
    21 x[4,3]       *              1             0             1 
    22 x[4,4]       *              0             0             1 
    23 x[4,5]       *              0             0             1 
    24 x[4,6]       *              0             0             1 
    25 delta                      25                             
    26 val_totale                110                             

Integer feasibility conditions:

KKT.PE: max.abs.err = 0.00e+000 on row 0
        max.rel.err = 0.00e+000 on row 0
        High quality

KKT.PB: max.abs.err = 1.42e-014 on row 4
        max.rel.err = 1.42e-014 on row 4
        High quality

End of output
