Problem:    Ordini
Rows:       841
Columns:    120 (100 integer, 100 binary)
Non-zeros:  2490
Status:     INTEGER OPTIMAL
Objective:  z1 = 73 (MINimum)

   No.   Row name        Activity     Lower bound   Upper bound
------ ------------    ------------- ------------- -------------
     1 noLoop3[1,2,3]
                                   1                           2 
     2 noLoop3[1,2,4]
                                   1                           2 
     3 noLoop3[1,2,5]
                                   1                           2 
     4 noLoop3[1,2,6]
                                   1                           2 
     5 noLoop3[1,2,7]
                                   1                           2 
     6 noLoop3[1,2,8]
                                   1                           2 
     7 noLoop3[1,2,9]
                                   1                           2 
     8 noLoop3[1,2,10]
                                   1                           2 
     9 noLoop3[1,3,2]
                                   2                           2 
    10 noLoop3[1,3,4]
                                   1                           2 
    11 noLoop3[1,3,5]
                                   2                           2 
    12 noLoop3[1,3,6]
                                   1                           2 
    13 noLoop3[1,3,7]
                                   1                           2 
    14 noLoop3[1,3,8]
                                   1                           2 
    15 noLoop3[1,3,9]
                                   1                           2 
    16 noLoop3[1,3,10]
                                   2                           2 
    17 noLoop3[1,4,2]
                                   2                           2 
    18 noLoop3[1,4,3]
                                   2                           2 
    19 noLoop3[1,4,5]
                                   2                           2 
    20 noLoop3[1,4,6]
                                   2                           2 
    21 noLoop3[1,4,7]
                                   2                           2 
    22 noLoop3[1,4,8]
                                   2                           2 
    23 noLoop3[1,4,9]
                                   2                           2 
    24 noLoop3[1,4,10]
                                   2                           2 
    25 noLoop3[1,5,2]
                                   2                           2 
    26 noLoop3[1,5,3]
                                   1                           2 
    27 noLoop3[1,5,4]
                                   1                           2 
    28 noLoop3[1,5,6]
                                   1                           2 
    29 noLoop3[1,5,7]
                                   1                           2 
    30 noLoop3[1,5,8]
                                   1                           2 
    31 noLoop3[1,5,9]
                                   1                           2 
    32 noLoop3[1,5,10]
                                   1                           2 
    33 noLoop3[1,6,2]
                                   2                           2 
    34 noLoop3[1,6,3]
                                   2                           2 
    35 noLoop3[1,6,4]
                                   1                           2 
    36 noLoop3[1,6,5]
                                   2                           2 
    37 noLoop3[1,6,7]
                                   2                           2 
    38 noLoop3[1,6,8]
                                   2                           2 
    39 noLoop3[1,6,9]
                                   2                           2 
    40 noLoop3[1,6,10]
                                   2                           2 
    41 noLoop3[1,7,2]
                                   2                           2 
    42 noLoop3[1,7,3]
                                   2                           2 
    43 noLoop3[1,7,4]
                                   1                           2 
    44 noLoop3[1,7,5]
                                   2                           2 
    45 noLoop3[1,7,6]
                                   1                           2 
    46 noLoop3[1,7,8]
                                   1                           2 
    47 noLoop3[1,7,9]
                                   2                           2 
    48 noLoop3[1,7,10]
                                   2                           2 
    49 noLoop3[1,8,2]
                                   2                           2 
    50 noLoop3[1,8,3]
                                   2                           2 
    51 noLoop3[1,8,4]
                                   1                           2 
    52 noLoop3[1,8,5]
                                   2                           2 
    53 noLoop3[1,8,6]
                                   1                           2 
    54 noLoop3[1,8,7]
                                   2                           2 
    55 noLoop3[1,8,9]
                                   2                           2 
    56 noLoop3[1,8,10]
                                   2                           2 
    57 noLoop3[1,9,2]
                                   2                           2 
    58 noLoop3[1,9,3]
                                   2                           2 
    59 noLoop3[1,9,4]
                                   1                           2 
    60 noLoop3[1,9,5]
                                   2                           2 
    61 noLoop3[1,9,6]
                                   1                           2 
    62 noLoop3[1,9,7]
                                   1                           2 
    63 noLoop3[1,9,8]
                                   1                           2 
    64 noLoop3[1,9,10]
                                   2                           2 
    65 noLoop3[1,10,2]
                                   2                           2 
    66 noLoop3[1,10,3]
                                   1                           2 
    67 noLoop3[1,10,4]
                                   1                           2 
    68 noLoop3[1,10,5]
                                   2                           2 
    69 noLoop3[1,10,6]
                                   1                           2 
    70 noLoop3[1,10,7]
                                   1                           2 
    71 noLoop3[1,10,8]
                                   1                           2 
    72 noLoop3[1,10,9]
                                   1                           2 
    73 noLoop3[2,1,3]
                                   2                           2 
    74 noLoop3[2,1,4]
                                   2                           2 
    75 noLoop3[2,1,5]
                                   2                           2 
    76 noLoop3[2,1,6]
                                   2                           2 
    77 noLoop3[2,1,7]
                                   2                           2 
    78 noLoop3[2,1,8]
                                   2                           2 
    79 noLoop3[2,1,9]
                                   2                           2 
    80 noLoop3[2,1,10]
                                   2                           2 
    81 noLoop3[2,3,1]
                                   1                           2 
    82 noLoop3[2,3,4]
                                   1                           2 
    83 noLoop3[2,3,5]
                                   2                           2 
    84 noLoop3[2,3,6]
                                   1                           2 
    85 noLoop3[2,3,7]
                                   1                           2 
    86 noLoop3[2,3,8]
                                   1                           2 
    87 noLoop3[2,3,9]
                                   1                           2 
    88 noLoop3[2,3,10]
                                   2                           2 
    89 noLoop3[2,4,1]
                                   1                           2 
    90 noLoop3[2,4,3]
                                   2                           2 
    91 noLoop3[2,4,5]
                                   2                           2 
    92 noLoop3[2,4,6]
                                   2                           2 
    93 noLoop3[2,4,7]
                                   2                           2 
    94 noLoop3[2,4,8]
                                   2                           2 
    95 noLoop3[2,4,9]
                                   2                           2 
    96 noLoop3[2,4,10]
                                   2                           2 
    97 noLoop3[2,5,1]
                                   1                           2 
    98 noLoop3[2,5,3]
                                   1                           2 
    99 noLoop3[2,5,4]
                                   1                           2 
   100 noLoop3[2,5,6]
                                   1                           2 
   101 noLoop3[2,5,7]
                                   1                           2 
   102 noLoop3[2,5,8]
                                   1                           2 
   103 noLoop3[2,5,9]
                                   1                           2 
   104 noLoop3[2,5,10]
                                   1                           2 
   105 noLoop3[2,6,1]
                                   1                           2 
   106 noLoop3[2,6,3]
                                   2                           2 
   107 noLoop3[2,6,4]
                                   1                           2 
   108 noLoop3[2,6,5]
                                   2                           2 
   109 noLoop3[2,6,7]
                                   2                           2 
   110 noLoop3[2,6,8]
                                   2                           2 
   111 noLoop3[2,6,9]
                                   2                           2 
   112 noLoop3[2,6,10]
                                   2                           2 
   113 noLoop3[2,7,1]
                                   1                           2 
   114 noLoop3[2,7,3]
                                   2                           2 
   115 noLoop3[2,7,4]
                                   1                           2 
   116 noLoop3[2,7,5]
                                   2                           2 
   117 noLoop3[2,7,6]
                                   1                           2 
   118 noLoop3[2,7,8]
                                   1                           2 
   119 noLoop3[2,7,9]
                                   2                           2 
   120 noLoop3[2,7,10]
                                   2                           2 
   121 noLoop3[2,8,1]
                                   1                           2 
   122 noLoop3[2,8,3]
                                   2                           2 
   123 noLoop3[2,8,4]
                                   1                           2 
   124 noLoop3[2,8,5]
                                   2                           2 
   125 noLoop3[2,8,6]
                                   1                           2 
   126 noLoop3[2,8,7]
                                   2                           2 
   127 noLoop3[2,8,9]
                                   2                           2 
   128 noLoop3[2,8,10]
                                   2                           2 
   129 noLoop3[2,9,1]
                                   1                           2 
   130 noLoop3[2,9,3]
                                   2                           2 
   131 noLoop3[2,9,4]
                                   1                           2 
   132 noLoop3[2,9,5]
                                   2                           2 
   133 noLoop3[2,9,6]
                                   1                           2 
   134 noLoop3[2,9,7]
                                   1                           2 
   135 noLoop3[2,9,8]
                                   1                           2 
   136 noLoop3[2,9,10]
                                   2                           2 
   137 noLoop3[2,10,1]
                                   1                           2 
   138 noLoop3[2,10,3]
                                   1                           2 
   139 noLoop3[2,10,4]
                                   1                           2 
   140 noLoop3[2,10,5]
                                   2                           2 
   141 noLoop3[2,10,6]
                                   1                           2 
   142 noLoop3[2,10,7]
                                   1                           2 
   143 noLoop3[2,10,8]
                                   1                           2 
   144 noLoop3[2,10,9]
                                   1                           2 
   145 noLoop3[3,1,2]
                                   1                           2 
   146 noLoop3[3,1,4]
                                   2                           2 
   147 noLoop3[3,1,5]
                                   1                           2 
   148 noLoop3[3,1,6]
                                   2                           2 
   149 noLoop3[3,1,7]
                                   2                           2 
   150 noLoop3[3,1,8]
                                   2                           2 
   151 noLoop3[3,1,9]
                                   2                           2 
   152 noLoop3[3,1,10]
                                   1                           2 
   153 noLoop3[3,2,1]
                                   2                           2 
   154 noLoop3[3,2,4]
                                   2                           2 
   155 noLoop3[3,2,5]
                                   1                           2 
   156 noLoop3[3,2,6]
                                   2                           2 
   157 noLoop3[3,2,7]
                                   2                           2 
   158 noLoop3[3,2,8]
                                   2                           2 
   159 noLoop3[3,2,9]
                                   2                           2 
   160 noLoop3[3,2,10]
                                   1                           2 
   161 noLoop3[3,4,1]
                                   1                           2 
   162 noLoop3[3,4,2]
                                   1                           2 
   163 noLoop3[3,4,5]
                                   1                           2 
   164 noLoop3[3,4,6]
                                   2                           2 
   165 noLoop3[3,4,7]
                                   2                           2 
   166 noLoop3[3,4,8]
                                   2                           2 
   167 noLoop3[3,4,9]
                                   2                           2 
   168 noLoop3[3,4,10]
                                   1                           2 
   169 noLoop3[3,5,1]
                                   2                           2 
   170 noLoop3[3,5,2]
                                   2                           2 
   171 noLoop3[3,5,4]
                                   2                           2 
   172 noLoop3[3,5,6]
                                   2                           2 
   173 noLoop3[3,5,7]
                                   2                           2 
   174 noLoop3[3,5,8]
                                   2                           2 
   175 noLoop3[3,5,9]
                                   2                           2 
   176 noLoop3[3,5,10]
                                   1                           2 
   177 noLoop3[3,6,1]
                                   1                           2 
   178 noLoop3[3,6,2]
                                   1                           2 
   179 noLoop3[3,6,4]
                                   1                           2 
   180 noLoop3[3,6,5]
                                   1                           2 
   181 noLoop3[3,6,7]
                                   2                           2 
   182 noLoop3[3,6,8]
                                   2                           2 
   183 noLoop3[3,6,9]
                                   2                           2 
   184 noLoop3[3,6,10]
                                   1                           2 
   185 noLoop3[3,7,1]
                                   1                           2 
   186 noLoop3[3,7,2]
                                   1                           2 
   187 noLoop3[3,7,4]
                                   1                           2 
   188 noLoop3[3,7,5]
                                   1                           2 
   189 noLoop3[3,7,6]
                                   1                           2 
   190 noLoop3[3,7,8]
                                   1                           2 
   191 noLoop3[3,7,9]
                                   2                           2 
   192 noLoop3[3,7,10]
                                   1                           2 
   193 noLoop3[3,8,1]
                                   1                           2 
   194 noLoop3[3,8,2]
                                   1                           2 
   195 noLoop3[3,8,4]
                                   1                           2 
   196 noLoop3[3,8,5]
                                   1                           2 
   197 noLoop3[3,8,6]
                                   1                           2 
   198 noLoop3[3,8,7]
                                   2                           2 
   199 noLoop3[3,8,9]
                                   2                           2 
   200 noLoop3[3,8,10]
                                   1                           2 
   201 noLoop3[3,9,1]
                                   1                           2 
   202 noLoop3[3,9,2]
                                   1                           2 
   203 noLoop3[3,9,4]
                                   1                           2 
   204 noLoop3[3,9,5]
                                   1                           2 
   205 noLoop3[3,9,6]
                                   1                           2 
   206 noLoop3[3,9,7]
                                   1                           2 
   207 noLoop3[3,9,8]
                                   1                           2 
   208 noLoop3[3,9,10]
                                   1                           2 
   209 noLoop3[3,10,1]
                                   2                           2 
   210 noLoop3[3,10,2]
                                   2                           2 
   211 noLoop3[3,10,4]
                                   2                           2 
   212 noLoop3[3,10,5]
                                   2                           2 
   213 noLoop3[3,10,6]
                                   2                           2 
   214 noLoop3[3,10,7]
                                   2                           2 
   215 noLoop3[3,10,8]
                                   2                           2 
   216 noLoop3[3,10,9]
                                   2                           2 
   217 noLoop3[4,1,2]
                                   1                           2 
   218 noLoop3[4,1,3]
                                   1                           2 
   219 noLoop3[4,1,5]
                                   1                           2 
   220 noLoop3[4,1,6]
                                   1                           2 
   221 noLoop3[4,1,7]
                                   1                           2 
   222 noLoop3[4,1,8]
                                   1                           2 
   223 noLoop3[4,1,9]
                                   1                           2 
   224 noLoop3[4,1,10]
                                   1                           2 
   225 noLoop3[4,2,1]
                                   2                           2 
   226 noLoop3[4,2,3]
                                   1                           2 
   227 noLoop3[4,2,5]
                                   1                           2 
   228 noLoop3[4,2,6]
                                   1                           2 
   229 noLoop3[4,2,7]
                                   1                           2 
   230 noLoop3[4,2,8]
                                   1                           2 
   231 noLoop3[4,2,9]
                                   1                           2 
   232 noLoop3[4,2,10]
                                   1                           2 
   233 noLoop3[4,3,1]
                                   2                           2 
   234 noLoop3[4,3,2]
                                   2                           2 
   235 noLoop3[4,3,5]
                                   2                           2 
   236 noLoop3[4,3,6]
                                   1                           2 
   237 noLoop3[4,3,7]
                                   1                           2 
   238 noLoop3[4,3,8]
                                   1                           2 
   239 noLoop3[4,3,9]
                                   1                           2 
   240 noLoop3[4,3,10]
                                   2                           2 
   241 noLoop3[4,5,1]
                                   2                           2 
   242 noLoop3[4,5,2]
                                   2                           2 
   243 noLoop3[4,5,3]
                                   1                           2 
   244 noLoop3[4,5,6]
                                   1                           2 
   245 noLoop3[4,5,7]
                                   1                           2 
   246 noLoop3[4,5,8]
                                   1                           2 
   247 noLoop3[4,5,9]
                                   1                           2 
   248 noLoop3[4,5,10]
                                   1                           2 
   249 noLoop3[4,6,1]
                                   2                           2 
   250 noLoop3[4,6,2]
                                   2                           2 
   251 noLoop3[4,6,3]
                                   2                           2 
   252 noLoop3[4,6,5]
                                   2                           2 
   253 noLoop3[4,6,7]
                                   2                           2 
   254 noLoop3[4,6,8]
                                   2                           2 
   255 noLoop3[4,6,9]
                                   2                           2 
   256 noLoop3[4,6,10]
                                   2                           2 
   257 noLoop3[4,7,1]
                                   2                           2 
   258 noLoop3[4,7,2]
                                   2                           2 
   259 noLoop3[4,7,3]
                                   2                           2 
   260 noLoop3[4,7,5]
                                   2                           2 
   261 noLoop3[4,7,6]
                                   1                           2 
   262 noLoop3[4,7,8]
                                   1                           2 
   263 noLoop3[4,7,9]
                                   2                           2 
   264 noLoop3[4,7,10]
                                   2                           2 
   265 noLoop3[4,8,1]
                                   2                           2 
   266 noLoop3[4,8,2]
                                   2                           2 
   267 noLoop3[4,8,3]
                                   2                           2 
   268 noLoop3[4,8,5]
                                   2                           2 
   269 noLoop3[4,8,6]
                                   1                           2 
   270 noLoop3[4,8,7]
                                   2                           2 
   271 noLoop3[4,8,9]
                                   2                           2 
   272 noLoop3[4,8,10]
                                   2                           2 
   273 noLoop3[4,9,1]
                                   2                           2 
   274 noLoop3[4,9,2]
                                   2                           2 
   275 noLoop3[4,9,3]
                                   2                           2 
   276 noLoop3[4,9,5]
                                   2                           2 
   277 noLoop3[4,9,6]
                                   1                           2 
   278 noLoop3[4,9,7]
                                   1                           2 
   279 noLoop3[4,9,8]
                                   1                           2 
   280 noLoop3[4,9,10]
                                   2                           2 
   281 noLoop3[4,10,1]
                                   2                           2 
   282 noLoop3[4,10,2]
                                   2                           2 
   283 noLoop3[4,10,3]
                                   1                           2 
   284 noLoop3[4,10,5]
                                   2                           2 
   285 noLoop3[4,10,6]
                                   1                           2 
   286 noLoop3[4,10,7]
                                   1                           2 
   287 noLoop3[4,10,8]
                                   1                           2 
   288 noLoop3[4,10,9]
                                   1                           2 
   289 noLoop3[5,1,2]
                                   1                           2 
   290 noLoop3[5,1,3]
                                   2                           2 
   291 noLoop3[5,1,4]
                                   2                           2 
   292 noLoop3[5,1,6]
                                   2                           2 
   293 noLoop3[5,1,7]
                                   2                           2 
   294 noLoop3[5,1,8]
                                   2                           2 
   295 noLoop3[5,1,9]
                                   2                           2 
   296 noLoop3[5,1,10]
                                   2                           2 
   297 noLoop3[5,2,1]
                                   2                           2 
   298 noLoop3[5,2,3]
                                   2                           2 
   299 noLoop3[5,2,4]
                                   2                           2 
   300 noLoop3[5,2,6]
                                   2                           2 
   301 noLoop3[5,2,7]
                                   2                           2 
   302 noLoop3[5,2,8]
                                   2                           2 
   303 noLoop3[5,2,9]
                                   2                           2 
   304 noLoop3[5,2,10]
                                   2                           2 
   305 noLoop3[5,3,1]
                                   1                           2 
   306 noLoop3[5,3,2]
                                   1                           2 
   307 noLoop3[5,3,4]
                                   1                           2 
   308 noLoop3[5,3,6]
                                   1                           2 
   309 noLoop3[5,3,7]
                                   1                           2 
   310 noLoop3[5,3,8]
                                   1                           2 
   311 noLoop3[5,3,9]
                                   1                           2 
   312 noLoop3[5,3,10]
                                   2                           2 
   313 noLoop3[5,4,1]
                                   1                           2 
   314 noLoop3[5,4,2]
                                   1                           2 
   315 noLoop3[5,4,3]
                                   2                           2 
   316 noLoop3[5,4,6]
                                   2                           2 
   317 noLoop3[5,4,7]
                                   2                           2 
   318 noLoop3[5,4,8]
                                   2                           2 
   319 noLoop3[5,4,9]
                                   2                           2 
   320 noLoop3[5,4,10]
                                   2                           2 
   321 noLoop3[5,6,1]
                                   1                           2 
   322 noLoop3[5,6,2]
                                   1                           2 
   323 noLoop3[5,6,3]
                                   2                           2 
   324 noLoop3[5,6,4]
                                   1                           2 
   325 noLoop3[5,6,7]
                                   2                           2 
   326 noLoop3[5,6,8]
                                   2                           2 
   327 noLoop3[5,6,9]
                                   2                           2 
   328 noLoop3[5,6,10]
                                   2                           2 
   329 noLoop3[5,7,1]
                                   1                           2 
   330 noLoop3[5,7,2]
                                   1                           2 
   331 noLoop3[5,7,3]
                                   2                           2 
   332 noLoop3[5,7,4]
                                   1                           2 
   333 noLoop3[5,7,6]
                                   1                           2 
   334 noLoop3[5,7,8]
                                   1                           2 
   335 noLoop3[5,7,9]
                                   2                           2 
   336 noLoop3[5,7,10]
                                   2                           2 
   337 noLoop3[5,8,1]
                                   1                           2 
   338 noLoop3[5,8,2]
                                   1                           2 
   339 noLoop3[5,8,3]
                                   2                           2 
   340 noLoop3[5,8,4]
                                   1                           2 
   341 noLoop3[5,8,6]
                                   1                           2 
   342 noLoop3[5,8,7]
                                   2                           2 
   343 noLoop3[5,8,9]
                                   2                           2 
   344 noLoop3[5,8,10]
                                   2                           2 
   345 noLoop3[5,9,1]
                                   1                           2 
   346 noLoop3[5,9,2]
                                   1                           2 
   347 noLoop3[5,9,3]
                                   2                           2 
   348 noLoop3[5,9,4]
                                   1                           2 
   349 noLoop3[5,9,6]
                                   1                           2 
   350 noLoop3[5,9,7]
                                   1                           2 
   351 noLoop3[5,9,8]
                                   1                           2 
   352 noLoop3[5,9,10]
                                   2                           2 
   353 noLoop3[5,10,1]
                                   1                           2 
   354 noLoop3[5,10,2]
                                   1                           2 
   355 noLoop3[5,10,3]
                                   1                           2 
   356 noLoop3[5,10,4]
                                   1                           2 
   357 noLoop3[5,10,6]
                                   1                           2 
   358 noLoop3[5,10,7]
                                   1                           2 
   359 noLoop3[5,10,8]
                                   1                           2 
   360 noLoop3[5,10,9]
                                   1                           2 
   361 noLoop3[6,1,2]
                                   1                           2 
   362 noLoop3[6,1,3]
                                   1                           2 
   363 noLoop3[6,1,4]
                                   2                           2 
   364 noLoop3[6,1,5]
                                   1                           2 
   365 noLoop3[6,1,7]
                                   1                           2 
   366 noLoop3[6,1,8]
                                   1                           2 
   367 noLoop3[6,1,9]
                                   1                           2 
   368 noLoop3[6,1,10]
                                   1                           2 
   369 noLoop3[6,2,1]
                                   2                           2 
   370 noLoop3[6,2,3]
                                   1                           2 
   371 noLoop3[6,2,4]
                                   2                           2 
   372 noLoop3[6,2,5]
                                   1                           2 
   373 noLoop3[6,2,7]
                                   1                           2 
   374 noLoop3[6,2,8]
                                   1                           2 
   375 noLoop3[6,2,9]
                                   1                           2 
   376 noLoop3[6,2,10]
                                   1                           2 
   377 noLoop3[6,3,1]
                                   2                           2 
   378 noLoop3[6,3,2]
                                   2                           2 
   379 noLoop3[6,3,4]
                                   2                           2 
   380 noLoop3[6,3,5]
                                   2                           2 
   381 noLoop3[6,3,7]
                                   1                           2 
   382 noLoop3[6,3,8]
                                   1                           2 
   383 noLoop3[6,3,9]
                                   1                           2 
   384 noLoop3[6,3,10]
                                   2                           2 
   385 noLoop3[6,4,1]
                                   1                           2 
   386 noLoop3[6,4,2]
                                   1                           2 
   387 noLoop3[6,4,3]
                                   1                           2 
   388 noLoop3[6,4,5]
                                   1                           2 
   389 noLoop3[6,4,7]
                                   1                           2 
   390 noLoop3[6,4,8]
                                   1                           2 
   391 noLoop3[6,4,9]
                                   1                           2 
   392 noLoop3[6,4,10]
                                   1                           2 
   393 noLoop3[6,5,1]
                                   2                           2 
   394 noLoop3[6,5,2]
                                   2                           2 
   395 noLoop3[6,5,3]
                                   1                           2 
   396 noLoop3[6,5,4]
                                   2                           2 
   397 noLoop3[6,5,7]
                                   1                           2 
   398 noLoop3[6,5,8]
                                   1                           2 
   399 noLoop3[6,5,9]
                                   1                           2 
   400 noLoop3[6,5,10]
                                   1                           2 
   401 noLoop3[6,7,1]
                                   2                           2 
   402 noLoop3[6,7,2]
                                   2                           2 
   403 noLoop3[6,7,3]
                                   2                           2 
   404 noLoop3[6,7,4]
                                   2                           2 
   405 noLoop3[6,7,5]
                                   2                           2 
   406 noLoop3[6,7,8]
                                   1                           2 
   407 noLoop3[6,7,9]
                                   2                           2 
   408 noLoop3[6,7,10]
                                   2                           2 
   409 noLoop3[6,8,1]
                                   2                           2 
   410 noLoop3[6,8,2]
                                   2                           2 
   411 noLoop3[6,8,3]
                                   2                           2 
   412 noLoop3[6,8,4]
                                   2                           2 
   413 noLoop3[6,8,5]
                                   2                           2 
   414 noLoop3[6,8,7]
                                   2                           2 
   415 noLoop3[6,8,9]
                                   2                           2 
   416 noLoop3[6,8,10]
                                   2                           2 
   417 noLoop3[6,9,1]
                                   2                           2 
   418 noLoop3[6,9,2]
                                   2                           2 
   419 noLoop3[6,9,3]
                                   2                           2 
   420 noLoop3[6,9,4]
                                   2                           2 
   421 noLoop3[6,9,5]
                                   2                           2 
   422 noLoop3[6,9,7]
                                   1                           2 
   423 noLoop3[6,9,8]
                                   1                           2 
   424 noLoop3[6,9,10]
                                   2                           2 
   425 noLoop3[6,10,1]
                                   2                           2 
   426 noLoop3[6,10,2]
                                   2                           2 
   427 noLoop3[6,10,3]
                                   1                           2 
   428 noLoop3[6,10,4]
                                   2                           2 
   429 noLoop3[6,10,5]
                                   2                           2 
   430 noLoop3[6,10,7]
                                   1                           2 
   431 noLoop3[6,10,8]
                                   1                           2 
   432 noLoop3[6,10,9]
                                   1                           2 
   433 noLoop3[7,1,2]
                                   1                           2 
   434 noLoop3[7,1,3]
                                   1                           2 
   435 noLoop3[7,1,4]
                                   2                           2 
   436 noLoop3[7,1,5]
                                   1                           2 
   437 noLoop3[7,1,6]
                                   2                           2 
   438 noLoop3[7,1,8]
                                   2                           2 
   439 noLoop3[7,1,9]
                                   1                           2 
   440 noLoop3[7,1,10]
                                   1                           2 
   441 noLoop3[7,2,1]
                                   2                           2 
   442 noLoop3[7,2,3]
                                   1                           2 
   443 noLoop3[7,2,4]
                                   2                           2 
   444 noLoop3[7,2,5]
                                   1                           2 
   445 noLoop3[7,2,6]
                                   2                           2 
   446 noLoop3[7,2,8]
                                   2                           2 
   447 noLoop3[7,2,9]
                                   1                           2 
   448 noLoop3[7,2,10]
                                   1                           2 
   449 noLoop3[7,3,1]
                                   2                           2 
   450 noLoop3[7,3,2]
                                   2                           2 
   451 noLoop3[7,3,4]
                                   2                           2 
   452 noLoop3[7,3,5]
                                   2                           2 
   453 noLoop3[7,3,6]
                                   2                           2 
   454 noLoop3[7,3,8]
                                   2                           2 
   455 noLoop3[7,3,9]
                                   1                           2 
   456 noLoop3[7,3,10]
                                   2                           2 
   457 noLoop3[7,4,1]
                                   1                           2 
   458 noLoop3[7,4,2]
                                   1                           2 
   459 noLoop3[7,4,3]
                                   1                           2 
   460 noLoop3[7,4,5]
                                   1                           2 
   461 noLoop3[7,4,6]
                                   2                           2 
   462 noLoop3[7,4,8]
                                   2                           2 
   463 noLoop3[7,4,9]
                                   1                           2 
   464 noLoop3[7,4,10]
                                   1                           2 
   465 noLoop3[7,5,1]
                                   2                           2 
   466 noLoop3[7,5,2]
                                   2                           2 
   467 noLoop3[7,5,3]
                                   1                           2 
   468 noLoop3[7,5,4]
                                   2                           2 
   469 noLoop3[7,5,6]
                                   2                           2 
   470 noLoop3[7,5,8]
                                   2                           2 
   471 noLoop3[7,5,9]
                                   1                           2 
   472 noLoop3[7,5,10]
                                   1                           2 
   473 noLoop3[7,6,1]
                                   1                           2 
   474 noLoop3[7,6,2]
                                   1                           2 
   475 noLoop3[7,6,3]
                                   1                           2 
   476 noLoop3[7,6,4]
                                   1                           2 
   477 noLoop3[7,6,5]
                                   1                           2 
   478 noLoop3[7,6,8]
                                   2                           2 
   479 noLoop3[7,6,9]
                                   1                           2 
   480 noLoop3[7,6,10]
                                   1                           2 
   481 noLoop3[7,8,1]
                                   1                           2 
   482 noLoop3[7,8,2]
                                   1                           2 
   483 noLoop3[7,8,3]
                                   1                           2 
   484 noLoop3[7,8,4]
                                   1                           2 
   485 noLoop3[7,8,5]
                                   1                           2 
   486 noLoop3[7,8,6]
                                   1                           2 
   487 noLoop3[7,8,9]
                                   1                           2 
   488 noLoop3[7,8,10]
                                   1                           2 
   489 noLoop3[7,9,1]
                                   2                           2 
   490 noLoop3[7,9,2]
                                   2                           2 
   491 noLoop3[7,9,3]
                                   2                           2 
   492 noLoop3[7,9,4]
                                   2                           2 
   493 noLoop3[7,9,5]
                                   2                           2 
   494 noLoop3[7,9,6]
                                   2                           2 
   495 noLoop3[7,9,8]
                                   2                           2 
   496 noLoop3[7,9,10]
                                   2                           2 
   497 noLoop3[7,10,1]
                                   2                           2 
   498 noLoop3[7,10,2]
                                   2                           2 
   499 noLoop3[7,10,3]
                                   1                           2 
   500 noLoop3[7,10,4]
                                   2                           2 
   501 noLoop3[7,10,5]
                                   2                           2 
   502 noLoop3[7,10,6]
                                   2                           2 
   503 noLoop3[7,10,8]
                                   2                           2 
   504 noLoop3[7,10,9]
                                   1                           2 
   505 noLoop3[8,1,2]
                                   1                           2 
   506 noLoop3[8,1,3]
                                   1                           2 
   507 noLoop3[8,1,4]
                                   2                           2 
   508 noLoop3[8,1,5]
                                   1                           2 
   509 noLoop3[8,1,6]
                                   2                           2 
   510 noLoop3[8,1,7]
                                   1                           2 
   511 noLoop3[8,1,9]
                                   1                           2 
   512 noLoop3[8,1,10]
                                   1                           2 
   513 noLoop3[8,2,1]
                                   2                           2 
   514 noLoop3[8,2,3]
                                   1                           2 
   515 noLoop3[8,2,4]
                                   2                           2 
   516 noLoop3[8,2,5]
                                   1                           2 
   517 noLoop3[8,2,6]
                                   2                           2 
   518 noLoop3[8,2,7]
                                   1                           2 
   519 noLoop3[8,2,9]
                                   1                           2 
   520 noLoop3[8,2,10]
                                   1                           2 
   521 noLoop3[8,3,1]
                                   2                           2 
   522 noLoop3[8,3,2]
                                   2                           2 
   523 noLoop3[8,3,4]
                                   2                           2 
   524 noLoop3[8,3,5]
                                   2                           2 
   525 noLoop3[8,3,6]
                                   2                           2 
   526 noLoop3[8,3,7]
                                   1                           2 
   527 noLoop3[8,3,9]
                                   1                           2 
   528 noLoop3[8,3,10]
                                   2                           2 
   529 noLoop3[8,4,1]
                                   1                           2 
   530 noLoop3[8,4,2]
                                   1                           2 
   531 noLoop3[8,4,3]
                                   1                           2 
   532 noLoop3[8,4,5]
                                   1                           2 
   533 noLoop3[8,4,6]
                                   2                           2 
   534 noLoop3[8,4,7]
                                   1                           2 
   535 noLoop3[8,4,9]
                                   1                           2 
   536 noLoop3[8,4,10]
                                   1                           2 
   537 noLoop3[8,5,1]
                                   2                           2 
   538 noLoop3[8,5,2]
                                   2                           2 
   539 noLoop3[8,5,3]
                                   1                           2 
   540 noLoop3[8,5,4]
                                   2                           2 
   541 noLoop3[8,5,6]
                                   2                           2 
   542 noLoop3[8,5,7]
                                   1                           2 
   543 noLoop3[8,5,9]
                                   1                           2 
   544 noLoop3[8,5,10]
                                   1                           2 
   545 noLoop3[8,6,1]
                                   1                           2 
   546 noLoop3[8,6,2]
                                   1                           2 
   547 noLoop3[8,6,3]
                                   1                           2 
   548 noLoop3[8,6,4]
                                   1                           2 
   549 noLoop3[8,6,5]
                                   1                           2 
   550 noLoop3[8,6,7]
                                   1                           2 
   551 noLoop3[8,6,9]
                                   1                           2 
   552 noLoop3[8,6,10]
                                   1                           2 
   553 noLoop3[8,7,1]
                                   2                           2 
   554 noLoop3[8,7,2]
                                   2                           2 
   555 noLoop3[8,7,3]
                                   2                           2 
   556 noLoop3[8,7,4]
                                   2                           2 
   557 noLoop3[8,7,5]
                                   2                           2 
   558 noLoop3[8,7,6]
                                   2                           2 
   559 noLoop3[8,7,9]
                                   2                           2 
   560 noLoop3[8,7,10]
                                   2                           2 
   561 noLoop3[8,9,1]
                                   2                           2 
   562 noLoop3[8,9,2]
                                   2                           2 
   563 noLoop3[8,9,3]
                                   2                           2 
   564 noLoop3[8,9,4]
                                   2                           2 
   565 noLoop3[8,9,5]
                                   2                           2 
   566 noLoop3[8,9,6]
                                   2                           2 
   567 noLoop3[8,9,7]
                                   1                           2 
   568 noLoop3[8,9,10]
                                   2                           2 
   569 noLoop3[8,10,1]
                                   2                           2 
   570 noLoop3[8,10,2]
                                   2                           2 
   571 noLoop3[8,10,3]
                                   1                           2 
   572 noLoop3[8,10,4]
                                   2                           2 
   573 noLoop3[8,10,5]
                                   2                           2 
   574 noLoop3[8,10,6]
                                   2                           2 
   575 noLoop3[8,10,7]
                                   1                           2 
   576 noLoop3[8,10,9]
                                   1                           2 
   577 noLoop3[9,1,2]
                                   1                           2 
   578 noLoop3[9,1,3]
                                   1                           2 
   579 noLoop3[9,1,4]
                                   2                           2 
   580 noLoop3[9,1,5]
                                   1                           2 
   581 noLoop3[9,1,6]
                                   2                           2 
   582 noLoop3[9,1,7]
                                   2                           2 
   583 noLoop3[9,1,8]
                                   2                           2 
   584 noLoop3[9,1,10]
                                   1                           2 
   585 noLoop3[9,2,1]
                                   2                           2 
   586 noLoop3[9,2,3]
                                   1                           2 
   587 noLoop3[9,2,4]
                                   2                           2 
   588 noLoop3[9,2,5]
                                   1                           2 
   589 noLoop3[9,2,6]
                                   2                           2 
   590 noLoop3[9,2,7]
                                   2                           2 
   591 noLoop3[9,2,8]
                                   2                           2 
   592 noLoop3[9,2,10]
                                   1                           2 
   593 noLoop3[9,3,1]
                                   2                           2 
   594 noLoop3[9,3,2]
                                   2                           2 
   595 noLoop3[9,3,4]
                                   2                           2 
   596 noLoop3[9,3,5]
                                   2                           2 
   597 noLoop3[9,3,6]
                                   2                           2 
   598 noLoop3[9,3,7]
                                   2                           2 
   599 noLoop3[9,3,8]
                                   2                           2 
   600 noLoop3[9,3,10]
                                   2                           2 
   601 noLoop3[9,4,1]
                                   1                           2 
   602 noLoop3[9,4,2]
                                   1                           2 
   603 noLoop3[9,4,3]
                                   1                           2 
   604 noLoop3[9,4,5]
                                   1                           2 
   605 noLoop3[9,4,6]
                                   2                           2 
   606 noLoop3[9,4,7]
                                   2                           2 
   607 noLoop3[9,4,8]
                                   2                           2 
   608 noLoop3[9,4,10]
                                   1                           2 
   609 noLoop3[9,5,1]
                                   2                           2 
   610 noLoop3[9,5,2]
                                   2                           2 
   611 noLoop3[9,5,3]
                                   1                           2 
   612 noLoop3[9,5,4]
                                   2                           2 
   613 noLoop3[9,5,6]
                                   2                           2 
   614 noLoop3[9,5,7]
                                   2                           2 
   615 noLoop3[9,5,8]
                                   2                           2 
   616 noLoop3[9,5,10]
                                   1                           2 
   617 noLoop3[9,6,1]
                                   1                           2 
   618 noLoop3[9,6,2]
                                   1                           2 
   619 noLoop3[9,6,3]
                                   1                           2 
   620 noLoop3[9,6,4]
                                   1                           2 
   621 noLoop3[9,6,5]
                                   1                           2 
   622 noLoop3[9,6,7]
                                   2                           2 
   623 noLoop3[9,6,8]
                                   2                           2 
   624 noLoop3[9,6,10]
                                   1                           2 
   625 noLoop3[9,7,1]
                                   1                           2 
   626 noLoop3[9,7,2]
                                   1                           2 
   627 noLoop3[9,7,3]
                                   1                           2 
   628 noLoop3[9,7,4]
                                   1                           2 
   629 noLoop3[9,7,5]
                                   1                           2 
   630 noLoop3[9,7,6]
                                   1                           2 
   631 noLoop3[9,7,8]
                                   1                           2 
   632 noLoop3[9,7,10]
                                   1                           2 
   633 noLoop3[9,8,1]
                                   1                           2 
   634 noLoop3[9,8,2]
                                   1                           2 
   635 noLoop3[9,8,3]
                                   1                           2 
   636 noLoop3[9,8,4]
                                   1                           2 
   637 noLoop3[9,8,5]
                                   1                           2 
   638 noLoop3[9,8,6]
                                   1                           2 
   639 noLoop3[9,8,7]
                                   2                           2 
   640 noLoop3[9,8,10]
                                   1                           2 
   641 noLoop3[9,10,1]
                                   2                           2 
   642 noLoop3[9,10,2]
                                   2                           2 
   643 noLoop3[9,10,3]
                                   1                           2 
   644 noLoop3[9,10,4]
                                   2                           2 
   645 noLoop3[9,10,5]
                                   2                           2 
   646 noLoop3[9,10,6]
                                   2                           2 
   647 noLoop3[9,10,7]
                                   2                           2 
   648 noLoop3[9,10,8]
                                   2                           2 
   649 noLoop3[10,1,2]
                                   1                           2 
   650 noLoop3[10,1,3]
                                   2                           2 
   651 noLoop3[10,1,4]
                                   2                           2 
   652 noLoop3[10,1,5]
                                   1                           2 
   653 noLoop3[10,1,6]
                                   2                           2 
   654 noLoop3[10,1,7]
                                   2                           2 
   655 noLoop3[10,1,8]
                                   2                           2 
   656 noLoop3[10,1,9]
                                   2                           2 
   657 noLoop3[10,2,1]
                                   2                           2 
   658 noLoop3[10,2,3]
                                   2                           2 
   659 noLoop3[10,2,4]
                                   2                           2 
   660 noLoop3[10,2,5]
                                   1                           2 
   661 noLoop3[10,2,6]
                                   2                           2 
   662 noLoop3[10,2,7]
                                   2                           2 
   663 noLoop3[10,2,8]
                                   2                           2 
   664 noLoop3[10,2,9]
                                   2                           2 
   665 noLoop3[10,3,1]
                                   1                           2 
   666 noLoop3[10,3,2]
                                   1                           2 
   667 noLoop3[10,3,4]
                                   1                           2 
   668 noLoop3[10,3,5]
                                   1                           2 
   669 noLoop3[10,3,6]
                                   1                           2 
   670 noLoop3[10,3,7]
                                   1                           2 
   671 noLoop3[10,3,8]
                                   1                           2 
   672 noLoop3[10,3,9]
                                   1                           2 
   673 noLoop3[10,4,1]
                                   1                           2 
   674 noLoop3[10,4,2]
                                   1                           2 
   675 noLoop3[10,4,3]
                                   2                           2 
   676 noLoop3[10,4,5]
                                   1                           2 
   677 noLoop3[10,4,6]
                                   2                           2 
   678 noLoop3[10,4,7]
                                   2                           2 
   679 noLoop3[10,4,8]
                                   2                           2 
   680 noLoop3[10,4,9]
                                   2                           2 
   681 noLoop3[10,5,1]
                                   2                           2 
   682 noLoop3[10,5,2]
                                   2                           2 
   683 noLoop3[10,5,3]
                                   2                           2 
   684 noLoop3[10,5,4]
                                   2                           2 
   685 noLoop3[10,5,6]
                                   2                           2 
   686 noLoop3[10,5,7]
                                   2                           2 
   687 noLoop3[10,5,8]
                                   2                           2 
   688 noLoop3[10,5,9]
                                   2                           2 
   689 noLoop3[10,6,1]
                                   1                           2 
   690 noLoop3[10,6,2]
                                   1                           2 
   691 noLoop3[10,6,3]
                                   2                           2 
   692 noLoop3[10,6,4]
                                   1                           2 
   693 noLoop3[10,6,5]
                                   1                           2 
   694 noLoop3[10,6,7]
                                   2                           2 
   695 noLoop3[10,6,8]
                                   2                           2 
   696 noLoop3[10,6,9]
                                   2                           2 
   697 noLoop3[10,7,1]
                                   1                           2 
   698 noLoop3[10,7,2]
                                   1                           2 
   699 noLoop3[10,7,3]
                                   2                           2 
   700 noLoop3[10,7,4]
                                   1                           2 
   701 noLoop3[10,7,5]
                                   1                           2 
   702 noLoop3[10,7,6]
                                   1                           2 
   703 noLoop3[10,7,8]
                                   1                           2 
   704 noLoop3[10,7,9]
                                   2                           2 
   705 noLoop3[10,8,1]
                                   1                           2 
   706 noLoop3[10,8,2]
                                   1                           2 
   707 noLoop3[10,8,3]
                                   2                           2 
   708 noLoop3[10,8,4]
                                   1                           2 
   709 noLoop3[10,8,5]
                                   1                           2 
   710 noLoop3[10,8,6]
                                   1                           2 
   711 noLoop3[10,8,7]
                                   2                           2 
   712 noLoop3[10,8,9]
                                   2                           2 
   713 noLoop3[10,9,1]
                                   1                           2 
   714 noLoop3[10,9,2]
                                   1                           2 
   715 noLoop3[10,9,3]
                                   2                           2 
   716 noLoop3[10,9,4]
                                   1                           2 
   717 noLoop3[10,9,5]
                                   1                           2 
   718 noLoop3[10,9,6]
                                   1                           2 
   719 noLoop3[10,9,7]
                                   1                           2 
   720 noLoop3[10,9,8]
                                   1                           2 
   721 nodiag[1]                   0            -0             = 
   722 nodiag[2]                   0            -0             = 
   723 nodiag[3]                   0            -0             = 
   724 nodiag[4]                   0            -0             = 
   725 nodiag[5]                   0            -0             = 
   726 nodiag[6]                   0            -0             = 
   727 nodiag[7]                   0            -0             = 
   728 nodiag[8]                   0            -0             = 
   729 nodiag[9]                   0            -0             = 
   730 nodiag[10]                  0            -0             = 
   731 preced[1,2]                 1             1             = 
   732 preced[1,3]                 1             1             = 
   733 preced[1,4]                 1             1             = 
   734 preced[1,5]                 1             1             = 
   735 preced[1,6]                 1             1             = 
   736 preced[1,7]                 1             1             = 
   737 preced[1,8]                 1             1             = 
   738 preced[1,9]                 1             1             = 
   739 preced[1,10]                1             1             = 
   740 preced[2,1]                 1             1             = 
   741 preced[2,3]                 1             1             = 
   742 preced[2,4]                 1             1             = 
   743 preced[2,5]                 1             1             = 
   744 preced[2,6]                 1             1             = 
   745 preced[2,7]                 1             1             = 
   746 preced[2,8]                 1             1             = 
   747 preced[2,9]                 1             1             = 
   748 preced[2,10]                1             1             = 
   749 preced[3,1]                 1             1             = 
   750 preced[3,2]                 1             1             = 
   751 preced[3,4]                 1             1             = 
   752 preced[3,5]                 1             1             = 
   753 preced[3,6]                 1             1             = 
   754 preced[3,7]                 1             1             = 
   755 preced[3,8]                 1             1             = 
   756 preced[3,9]                 1             1             = 
   757 preced[3,10]                1             1             = 
   758 preced[4,1]                 1             1             = 
   759 preced[4,2]                 1             1             = 
   760 preced[4,3]                 1             1             = 
   761 preced[4,5]                 1             1             = 
   762 preced[4,6]                 1             1             = 
   763 preced[4,7]                 1             1             = 
   764 preced[4,8]                 1             1             = 
   765 preced[4,9]                 1             1             = 
   766 preced[4,10]                1             1             = 
   767 preced[5,1]                 1             1             = 
   768 preced[5,2]                 1             1             = 
   769 preced[5,3]                 1             1             = 
   770 preced[5,4]                 1             1             = 
   771 preced[5,6]                 1             1             = 
   772 preced[5,7]                 1             1             = 
   773 preced[5,8]                 1             1             = 
   774 preced[5,9]                 1             1             = 
   775 preced[5,10]                1             1             = 
   776 preced[6,1]                 1             1             = 
   777 preced[6,2]                 1             1             = 
   778 preced[6,3]                 1             1             = 
   779 preced[6,4]                 1             1             = 
   780 preced[6,5]                 1             1             = 
   781 preced[6,7]                 1             1             = 
   782 preced[6,8]                 1             1             = 
   783 preced[6,9]                 1             1             = 
   784 preced[6,10]                1             1             = 
   785 preced[7,1]                 1             1             = 
   786 preced[7,2]                 1             1             = 
   787 preced[7,3]                 1             1             = 
   788 preced[7,4]                 1             1             = 
   789 preced[7,5]                 1             1             = 
   790 preced[7,6]                 1             1             = 
   791 preced[7,8]                 1             1             = 
   792 preced[7,9]                 1             1             = 
   793 preced[7,10]                1             1             = 
   794 preced[8,1]                 1             1             = 
   795 preced[8,2]                 1             1             = 
   796 preced[8,3]                 1             1             = 
   797 preced[8,4]                 1             1             = 
   798 preced[8,5]                 1             1             = 
   799 preced[8,6]                 1             1             = 
   800 preced[8,7]                 1             1             = 
   801 preced[8,9]                 1             1             = 
   802 preced[8,10]                1             1             = 
   803 preced[9,1]                 1             1             = 
   804 preced[9,2]                 1             1             = 
   805 preced[9,3]                 1             1             = 
   806 preced[9,4]                 1             1             = 
   807 preced[9,5]                 1             1             = 
   808 preced[9,6]                 1             1             = 
   809 preced[9,7]                 1             1             = 
   810 preced[9,8]                 1             1             = 
   811 preced[9,10]                1             1             = 
   812 preced[10,1]                1             1             = 
   813 preced[10,2]                1             1             = 
   814 preced[10,3]                1             1             = 
   815 preced[10,4]                1             1             = 
   816 preced[10,5]                1             1             = 
   817 preced[10,6]                1             1             = 
   818 preced[10,7]                1             1             = 
   819 preced[10,8]                1             1             = 
   820 preced[10,9]                1             1             = 
   821 completion[1]
                                  24            24             = 
   822 completion[2]
                                  12            12             = 
   823 completion[3]
                                  30            30             = 
   824 completion[4]
                                  15            15             = 
   825 completion[5]
                                  18            18             = 
   826 completion[6]
                                   7             7             = 
   827 completion[7]
                                   8             8             = 
   828 completion[8]
                                  15            15             = 
   829 completion[9]
                                  14            14             = 
   830 completion[10]
                                  22            22             = 
   831 tardiness[1]              -50           -50               
   832 tardiness[2]              -30           -50               
   833 tardiness[3]              -90           -90               
   834 tardiness[4]              -69           -70               
   835 tardiness[5]              -18           -50               
   836 tardiness[6]              -76           -80               
   837 tardiness[7]              -99          -100               
   838 tardiness[8]              -90           -90               
   839 tardiness[9]             -113          -120               
   840 tardiness[10]
                                -150          -150               
   841 z1                         73                             

   No. Column name       Activity     Lower bound   Upper bound
------ ------------    ------------- ------------- -------------
     1 x[3,1]       *              0             0             1 
     2 x[2,3]       *              1             0             1 
     3 x[1,2]       *              0             0             1 
     4 x[4,1]       *              0             0             1 
     5 x[2,4]       *              1             0             1 
     6 x[5,1]       *              1             0             1 
     7 x[2,5]       *              0             0             1 
     8 x[6,1]       *              0             0             1 
     9 x[2,6]       *              1             0             1 
    10 x[7,1]       *              0             0             1 
    11 x[2,7]       *              1             0             1 
    12 x[8,1]       *              0             0             1 
    13 x[2,8]       *              1             0             1 
    14 x[9,1]       *              0             0             1 
    15 x[2,9]       *              1             0             1 
    16 x[10,1]      *              0             0             1 
    17 x[2,10]      *              1             0             1 
    18 x[2,1]       *              1             0             1 
    19 x[3,2]       *              0             0             1 
    20 x[1,3]       *              1             0             1 
    21 x[3,4]       *              0             0             1 
    22 x[3,5]       *              0             0             1 
    23 x[3,6]       *              0             0             1 
    24 x[3,7]       *              0             0             1 
    25 x[3,8]       *              0             0             1 
    26 x[3,9]       *              0             0             1 
    27 x[3,10]      *              1             0             1 
    28 x[4,2]       *              0             0             1 
    29 x[1,4]       *              1             0             1 
    30 x[4,3]       *              1             0             1 
    31 x[4,5]       *              0             0             1 
    32 x[4,6]       *              1             0             1 
    33 x[4,7]       *              1             0             1 
    34 x[4,8]       *              1             0             1 
    35 x[4,9]       *              1             0             1 
    36 x[4,10]      *              1             0             1 
    37 x[5,2]       *              1             0             1 
    38 x[1,5]       *              0             0             1 
    39 x[5,3]       *              1             0             1 
    40 x[5,4]       *              1             0             1 
    41 x[5,6]       *              1             0             1 
    42 x[5,7]       *              1             0             1 
    43 x[5,8]       *              1             0             1 
    44 x[5,9]       *              1             0             1 
    45 x[5,10]      *              1             0             1 
    46 x[6,2]       *              0             0             1 
    47 x[1,6]       *              1             0             1 
    48 x[6,3]       *              1             0             1 
    49 x[6,4]       *              0             0             1 
    50 x[6,5]       *              0             0             1 
    51 x[6,7]       *              1             0             1 
    52 x[6,8]       *              1             0             1 
    53 x[6,9]       *              1             0             1 
    54 x[6,10]      *              1             0             1 
    55 x[7,2]       *              0             0             1 
    56 x[1,7]       *              1             0             1 
    57 x[7,3]       *              1             0             1 
    58 x[7,4]       *              0             0             1 
    59 x[7,5]       *              0             0             1 
    60 x[7,6]       *              0             0             1 
    61 x[7,8]       *              0             0             1 
    62 x[7,9]       *              1             0             1 
    63 x[7,10]      *              1             0             1 
    64 x[8,2]       *              0             0             1 
    65 x[1,8]       *              1             0             1 
    66 x[8,3]       *              1             0             1 
    67 x[8,4]       *              0             0             1 
    68 x[8,5]       *              0             0             1 
    69 x[8,6]       *              0             0             1 
    70 x[8,7]       *              1             0             1 
    71 x[8,9]       *              1             0             1 
    72 x[8,10]      *              1             0             1 
    73 x[9,2]       *              0             0             1 
    74 x[1,9]       *              1             0             1 
    75 x[9,3]       *              1             0             1 
    76 x[9,4]       *              0             0             1 
    77 x[9,5]       *              0             0             1 
    78 x[9,6]       *              0             0             1 
    79 x[9,7]       *              0             0             1 
    80 x[9,8]       *              0             0             1 
    81 x[9,10]      *              1             0             1 
    82 x[10,2]      *              0             0             1 
    83 x[1,10]      *              1             0             1 
    84 x[10,3]      *              0             0             1 
    85 x[10,4]      *              0             0             1 
    86 x[10,5]      *              0             0             1 
    87 x[10,6]      *              0             0             1 
    88 x[10,7]      *              0             0             1 
    89 x[10,8]      *              0             0             1 
    90 x[10,9]      *              0             0             1 
    91 x[1,1]       *              0             0             1 
    92 x[2,2]       *              0             0             1 
    93 x[3,3]       *              0             0             1 
    94 x[4,4]       *              0             0             1 
    95 x[5,5]       *              0             0             1 
    96 x[6,6]       *              0             0             1 
    97 x[7,7]       *              0             0             1 
    98 x[8,8]       *              0             0             1 
    99 x[9,9]       *              0             0             1 
   100 x[10,10]     *              0             0             1 
   101 c[1]                       54                             
   102 c[2]                       30                             
   103 c[3]                      143                             
   104 c[4]                       69                             
   105 c[5]                       18                             
   106 c[6]                       76                             
   107 c[7]                       99                             
   108 c[8]                       91                             
   109 c[9]                      113                             
   110 c[10]                     165                             
   111 t[1]                        4             0               
   112 t[2]                        0             0               
   113 t[3]                       53             0               
   114 t[4]                        0             0               
   115 t[5]                        0             0               
   116 t[6]                        0             0               
   117 t[7]                        0             0               
   118 t[8]                        1             0               
   119 t[9]                        0             0               
   120 t[10]                      15             0               

Integer feasibility conditions:

KKT.PE: max.abs.err = 0.00e+000 on row 0
        max.rel.err = 0.00e+000 on row 0
        High quality

KKT.PB: max.abs.err = 1.42e-014 on row 824
        max.rel.err = 1.78e-015 on row 826
        High quality

End of output
