Problem:    PacchiPostali
Rows:       28
Columns:    48 (48 integer, 48 binary)
Non-zeros:  236
Status:     INTEGER OPTIMAL
Objective:  z = 25000 (MINimum)

   No.   Row name        Activity     Lower bound   Upper bound
------ ------------    ------------- ------------- -------------
     1 assign[1]                   1             1             = 
     2 assign[2]                   1             1             = 
     3 assign[3]                   1             1             = 
     4 assign[4]                   1             1             = 
     5 assign[5]                   1             1             = 
     6 assign[6]                   1             1             = 
     7 assign[7]                   1             1             = 
     8 assign[8]                   1             1             = 
     9 assign[9]                   1             1             = 
    10 assign[10]                  1             1             = 
    11 assign[11]                  1             1             = 
    12 minimo_volume[1,1]
                                   0            -0               
    13 minimo_volume[1,2]
                                  43            -0               
    14 minimo_volume[2,1]
                                  68            -0               
    15 minimo_volume[2,2]
                                   0            -0               
    16 volume_massimo[1,1]
                                   0                          -0 
    17 volume_massimo[1,2]
                                -107                          -0 
    18 volume_massimo[2,1]
                                -812                          -0 
    19 volume_massimo[2,2]
                                   0                          -0 
    20 minimo_peso[1,1]
                                   0            -0               
    21 minimo_peso[1,2]
                                1390            -0               
    22 minimo_peso[2,1]
                                2925            -0               
    23 minimo_peso[2,2]
                                   0            -0               
    24 massimo_peso[1,1]
                                   0                          -0 
    25 massimo_peso[1,2]
                                -110                          -0 
    26 massimo_peso[2,1]
                                 -75                          -0 
    27 massimo_peso[2,2]
                                   0                          -0 
    28 z                       25000                             

   No. Column name       Activity     Lower bound   Upper bound
------ ------------    ------------- ------------- -------------
     1 x[1,1,1]     *              0             0             1 
     2 x[1,1,2]     *              0             0             1 
     3 x[1,2,1]     *              1             0             1 
     4 x[1,2,2]     *              0             0             1 
     5 x[2,1,1]     *              0             0             1 
     6 x[2,1,2]     *              0             0             1 
     7 x[2,2,1]     *              1             0             1 
     8 x[2,2,2]     *              0             0             1 
     9 x[3,1,1]     *              0             0             1 
    10 x[3,1,2]     *              0             0             1 
    11 x[3,2,1]     *              1             0             1 
    12 x[3,2,2]     *              0             0             1 
    13 x[4,1,1]     *              0             0             1 
    14 x[4,1,2]     *              1             0             1 
    15 x[4,2,1]     *              0             0             1 
    16 x[4,2,2]     *              0             0             1 
    17 x[5,1,1]     *              0             0             1 
    18 x[5,1,2]     *              0             0             1 
    19 x[5,2,1]     *              1             0             1 
    20 x[5,2,2]     *              0             0             1 
    21 x[6,1,1]     *              0             0             1 
    22 x[6,1,2]     *              0             0             1 
    23 x[6,2,1]     *              1             0             1 
    24 x[6,2,2]     *              0             0             1 
    25 x[7,1,1]     *              0             0             1 
    26 x[7,1,2]     *              0             0             1 
    27 x[7,2,1]     *              1             0             1 
    28 x[7,2,2]     *              0             0             1 
    29 x[8,1,1]     *              0             0             1 
    30 x[8,1,2]     *              0             0             1 
    31 x[8,2,1]     *              1             0             1 
    32 x[8,2,2]     *              0             0             1 
    33 x[9,1,1]     *              0             0             1 
    34 x[9,1,2]     *              0             0             1 
    35 x[9,2,1]     *              1             0             1 
    36 x[9,2,2]     *              0             0             1 
    37 x[10,1,1]    *              0             0             1 
    38 x[10,1,2]    *              0             0             1 
    39 x[10,2,1]    *              1             0             1 
    40 x[10,2,2]    *              0             0             1 
    41 x[11,1,1]    *              0             0             1 
    42 x[11,1,2]    *              1             0             1 
    43 x[11,2,1]    *              0             0             1 
    44 x[11,2,2]    *              0             0             1 
    45 y[1,1]       *              0             0             1 
    46 y[1,2]       *              1             0             1 
    47 y[2,1]       *              1             0             1 
    48 y[2,2]       *              0             0             1 

Integer feasibility conditions:

KKT.PE: max.abs.err = 0.00e+000 on row 0
        max.rel.err = 0.00e+000 on row 0
        High quality

KKT.PB: max.abs.err = 0.00e+000 on row 0
        max.rel.err = 0.00e+000 on row 0
        High quality

End of output
