Problem:    Ponti
Rows:       27
Columns:    24 (24 integer, 24 binary)
Non-zeros:  84
Status:     INTEGER OPTIMAL
Objective:  z1 = 58 (MINimum)

   No.   Row name        Activity     Lower bound   Upper bound
------ ------------    ------------- ------------- -------------
     1 link_bridge[A]
                                   1             1             = 
     2 link_bridge[B]
                                   1             1             = 
     3 link_bridge[C]
                                   1             1             = 
     4 link_bridge[D]
                                   1             1             = 
     5 link_bridge[E]
                                   1             1             = 
     6 link_build_bridge[1,A]
                                   0                          -0 
     7 link_build_bridge[1,B]
                                   0                          -0 
     8 link_build_bridge[1,C]
                                  -1                          -0 
     9 link_build_bridge[1,D]
                                  -1                          -0 
    10 link_build_bridge[1,E]
                                  -1                          -0 
    11 link_build_bridge[2,A]
                                   0                          -0 
    12 link_build_bridge[2,B]
                                   0                          -0 
    13 link_build_bridge[2,C]
                                   0                          -0 
    14 link_build_bridge[2,D]
                                   0                          -0 
    15 link_build_bridge[2,E]
                                   0                          -0 
    16 link_build_bridge[3,A]
                                  -1                          -0 
    17 link_build_bridge[3,B]
                                  -1                          -0 
    18 link_build_bridge[3,C]
                                   0                          -0 
    19 link_build_bridge[3,D]
                                   0                          -0 
    20 link_build_bridge[3,E]
                                   0                          -0 
    21 link_build_bridge[4,A]
                                   0                          -0 
    22 link_build_bridge[4,B]
                                   0                          -0 
    23 link_build_bridge[4,C]
                                   0                          -0 
    24 link_build_bridge[4,D]
                                   0                          -0 
    25 link_build_bridge[4,E]
                                   0                          -0 
    26 build_bridge                2             2             = 
    27 z1                         58                             

   No. Column name       Activity     Lower bound   Upper bound
------ ------------    ------------- ------------- -------------
     1 x[1]         *              1             0             1 
     2 x[2]         *              0             0             1 
     3 x[3]         *              1             0             1 
     4 x[4]         *              0             0             1 
     5 y[1,A]       *              1             0             1 
     6 y[2,A]       *              0             0             1 
     7 y[3,A]       *              0             0             1 
     8 y[4,A]       *              0             0             1 
     9 y[1,B]       *              1             0             1 
    10 y[2,B]       *              0             0             1 
    11 y[3,B]       *              0             0             1 
    12 y[4,B]       *              0             0             1 
    13 y[1,C]       *              0             0             1 
    14 y[2,C]       *              0             0             1 
    15 y[3,C]       *              1             0             1 
    16 y[4,C]       *              0             0             1 
    17 y[1,D]       *              0             0             1 
    18 y[2,D]       *              0             0             1 
    19 y[3,D]       *              1             0             1 
    20 y[4,D]       *              0             0             1 
    21 y[1,E]       *              0             0             1 
    22 y[2,E]       *              0             0             1 
    23 y[3,E]       *              1             0             1 
    24 y[4,E]       *              0             0             1 

Integer feasibility conditions:

KKT.PE: max.abs.err = 0.00e+000 on row 0
        max.rel.err = 0.00e+000 on row 0
        High quality

KKT.PB: max.abs.err = 0.00e+000 on row 0
        max.rel.err = 0.00e+000 on row 0
        High quality

End of output
