Problem:    Portavalori
Rows:       16
Columns:    16 (6 integer, 6 binary)
Non-zeros:  43
Status:     INTEGER OPTIMAL
Objective:  z = 238.1944444 (MINimum)

   No.   Row name        Activity     Lower bound   Upper bound
------ ------------    ------------- ------------- -------------
     1 def_n                    3500          3500             = 
     2 def_time[1]                 0            -0               
     3 def_time[2]                 0            -0               
     4 def_time[3]                 0            -0               
     5 no_guardia[1]
                            -2333.33                          -0 
     6 no_guardia[2]
                            -2138.89                          -0 
     7 no_guardia[3]
                            -2527.78                          -0 
     8 time_complete1[1]
                            -1.94444            -7               
     9 time_complete1[2]
                            -1.94444            -7               
    10 time_complete1[3]
                            -1.94444            -7               
    11 time_complete2[1]
                            -1.94444            -7               
    12 time_complete2[2]
                            -1.94444            -7               
    13 time_complete2[3]
                            -1.94444            -7               
    14 capacity                 4000          3500               
    15 drive                       2            -0               
    16 z                     238.194                             

   No. Column name       Activity     Lower bound   Upper bound
------ ------------    ------------- ------------- -------------
     1 x[1]         *              0             0             1 
     2 x[2]         *              0             0             1 
     3 x[3]         *              1             0             1 
     4 y[1]         *              1             0             1 
     5 y[2]         *              1             0             1 
     6 y[3]         *              1             0             1 
     7 tf[1]                       0             0               
     8 tf[2]                       0             0               
     9 tf[3]                       0             0               
    10 tg[1]                       0             0               
    11 tg[2]                       0             0               
    12 tg[3]                       0             0               
    13 time                  1.94444             0               
    14 n[1]                  1166.67             0               
    15 n[2]                  1361.11             0               
    16 n[3]                  972.222             0               

Integer feasibility conditions:

KKT.PE: max.abs.err = 0.00e+000 on row 0
        max.rel.err = 0.00e+000 on row 0
        High quality

KKT.PB: max.abs.err = 4.55e-013 on row 1
        max.rel.err = 1.30e-016 on row 1
        High quality

End of output
