Problem:    pronto_intervento
Rows:       52
Columns:    49 (48 integer, 48 binary)
Non-zeros:  171
Status:     INTEGER OPTIMAL
Objective:  z = 11 (MINimum)

   No.   Row name        Activity     Lower bound   Upper bound
------ ------------    ------------- ------------- -------------
     1 def_delta                   0            -0               
     2 assign[1,1]                 0                          -0 
     3 assign[1,2]                -1                          -0 
     4 assign[1,3]                -1                          -0 
     5 assign[1,4]                -1                          -0 
     6 assign[1,5]                 0                          -0 
     7 assign[1,6]                 0                          -0 
     8 assign[1,7]                 0                          -0 
     9 assign[2,1]                -1                          -0 
    10 assign[2,2]                 0                          -0 
    11 assign[2,3]                 0                          -0 
    12 assign[2,4]                -1                          -0 
    13 assign[2,5]                -1                          -0 
    14 assign[2,6]                -1                          -0 
    15 assign[2,7]                -1                          -0 
    16 assign[3,1]                 0                          -0 
    17 assign[3,2]                 0                          -0 
    18 assign[3,3]                 0                          -0 
    19 assign[3,4]                 0                          -0 
    20 assign[3,5]                 0                          -0 
    21 assign[3,6]                 0                          -0 
    22 assign[3,7]                 0                          -0 
    23 assign[4,1]                -1                          -0 
    24 assign[4,2]                -1                          -0 
    25 assign[4,3]                -1                          -0 
    26 assign[4,4]                 0                          -0 
    27 assign[4,5]                -1                          -0 
    28 assign[4,6]                -1                          -0 
    29 assign[4,7]                -1                          -0 
    30 assign[5,1]                 0                          -0 
    31 assign[5,2]                 0                          -0 
    32 assign[5,3]                 0                          -0 
    33 assign[5,4]                 0                          -0 
    34 assign[5,5]                 0                          -0 
    35 assign[5,6]                 0                          -0 
    36 assign[5,7]                 0                          -0 
    37 assign[6,1]                 0                          -0 
    38 assign[6,2]                 0                          -0 
    39 assign[6,3]                 0                          -0 
    40 assign[6,4]                 0                          -0 
    41 assign[6,5]                 0                          -0 
    42 assign[6,6]                 0                          -0 
    43 assign[6,7]                 0                          -0 
    44 Count_squadre
                                   3             3             = 
    45 Obiettivo_assign[1]
                                   1             1             = 
    46 Obiettivo_assign[2]
                                   1             1             = 
    47 Obiettivo_assign[3]
                                   1             1             = 
    48 Obiettivo_assign[4]
                                   1             1             = 
    49 Obiettivo_assign[5]
                                   1             1             = 
    50 Obiettivo_assign[6]
                                   1             1             = 
    51 Obiettivo_assign[7]
                                   1             1             = 
    52 z                          11                             

   No. Column name       Activity     Lower bound   Upper bound
------ ------------    ------------- ------------- -------------
     1 x[1]         *              1             0             1 
     2 x[2]         *              1             0             1 
     3 x[3]         *              0             0             1 
     4 x[4]         *              1             0             1 
     5 x[5]         *              0             0             1 
     6 x[6]         *              0             0             1 
     7 y[1,1]       *              1             0             1 
     8 y[2,1]       *              0             0             1 
     9 y[3,1]       *              0             0             1 
    10 y[4,1]       *              0             0             1 
    11 y[5,1]       *              1             0             1 
    12 y[6,1]       *              1             0             1 
    13 y[7,1]       *              1             0             1 
    14 y[1,2]       *              0             0             1 
    15 y[2,2]       *              1             0             1 
    16 y[3,2]       *              1             0             1 
    17 y[4,2]       *              0             0             1 
    18 y[5,2]       *              0             0             1 
    19 y[6,2]       *              0             0             1 
    20 y[7,2]       *              0             0             1 
    21 y[1,3]       *              0             0             1 
    22 y[2,3]       *              0             0             1 
    23 y[3,3]       *              0             0             1 
    24 y[4,3]       *              0             0             1 
    25 y[5,3]       *              0             0             1 
    26 y[6,3]       *              0             0             1 
    27 y[7,3]       *              0             0             1 
    28 y[1,4]       *              0             0             1 
    29 y[2,4]       *              0             0             1 
    30 y[3,4]       *              0             0             1 
    31 y[4,4]       *              1             0             1 
    32 y[5,4]       *              0             0             1 
    33 y[6,4]       *              0             0             1 
    34 y[7,4]       *              0             0             1 
    35 y[1,5]       *              0             0             1 
    36 y[2,5]       *              0             0             1 
    37 y[3,5]       *              0             0             1 
    38 y[4,5]       *              0             0             1 
    39 y[5,5]       *              0             0             1 
    40 y[6,5]       *              0             0             1 
    41 y[7,5]       *              0             0             1 
    42 y[1,6]       *              0             0             1 
    43 y[2,6]       *              0             0             1 
    44 y[3,6]       *              0             0             1 
    45 y[4,6]       *              0             0             1 
    46 y[5,6]       *              0             0             1 
    47 y[6,6]       *              0             0             1 
    48 y[7,6]       *              0             0             1 
    49 delta                      11             0               

Integer feasibility conditions:

KKT.PE: max.abs.err = 0.00e+000 on row 0
        max.rel.err = 0.00e+000 on row 0
        High quality

KKT.PB: max.abs.err = 0.00e+000 on row 0
        max.rel.err = 0.00e+000 on row 0
        High quality

End of output
