Problem:    Rover
Rows:       158
Columns:    119 (56 integer, 56 binary)
Non-zeros:  470
Status:     INTEGER OPTIMAL
Objective:  z = 430 (MAXimum)

   No.   Row name        Activity     Lower bound   Upper bound
------ ------------    ------------- ------------- -------------
     1 integrity[1]                0                          -0 
     2 integrity[2]                0                          -0 
     3 integrity[3]                0                          -0 
     4 integrity[4]                0                          -0 
     5 integrity[5]                0                          -0 
     6 integrity[6]                0                          -0 
     7 integrity[7]               -4                          -0 
     8 integrity2[1]
                                   1                           1 
     9 integrity2[2]
                                   1                           1 
    10 integrity2[3]
                                   1                           1 
    11 integrity2[4]
                                   1                           1 
    12 integrity2[5]
                                   1                           1 
    13 integrity2[6]
                                   1                           1 
    14 integrity2[7]
                                   0                           1 
    15 flow[1]                     0                          -0 
    16 flow[2]                    -1                          -0 
    17 flow[3]                     0                          -0 
    18 flow[4]                     0                          -0 
    19 flow[5]                     0                          -0 
    20 flow[6]                     0                          -0 
    21 flowSito7[1]                1                           1 
    22 flowSito7[2]                0                           1 
    23 flowSito7[3]                1                           1 
    24 flowSito7[4]                1                           1 
    25 flowSito7[5]                1                           1 
    26 flowSito7[6]                0                           1 
    27 flowSito7[7]                0                           1 
    28 noanelli[1]                 0            -0             = 
    29 noanelli[2]                 0            -0             = 
    30 noanelli[3]                 0            -0             = 
    31 noanelli[4]                 0            -0             = 
    32 noanelli[5]                 0            -0             = 
    33 noanelli[6]                 0            -0             = 
    34 noanelli[7]                 0            -0             = 
    35 energyMove[1,1]
                                   0            -0             = 
    36 energyMove[1,2]
                                 104           104             = 
    37 energyMove[1,3]
                                 112           112             = 
    38 energyMove[1,4]
                                 128           128             = 
    39 energyMove[1,5]
                                 104           104             = 
    40 energyMove[1,6]
                                 104           104             = 
    41 energyMove[1,7]
                                 104           104             = 
    42 energyMove[2,1]
                                 104           104             = 
    43 energyMove[2,2]
                                   0            -0             = 
    44 energyMove[2,3]
                                 120           120             = 
    45 energyMove[2,4]
                                 112           112             = 
    46 energyMove[2,5]
                                 128           128             = 
    47 energyMove[2,6]
                                 112           112             = 
    48 energyMove[2,7]
                                  88            88             = 
    49 energyMove[3,1]
                                 112           112             = 
    50 energyMove[3,2]
                                 120           120             = 
    51 energyMove[3,3]
                                   0            -0             = 
    52 energyMove[3,4]
                                 120           120             = 
    53 energyMove[3,5]
                                 144           144             = 
    54 energyMove[3,6]
                                 104           104             = 
    55 energyMove[3,7]
                                 136           136             = 
    56 energyMove[4,1]
                                 128           128             = 
    57 energyMove[4,2]
                                 112           112             = 
    58 energyMove[4,3]
                                 120           120             = 
    59 energyMove[4,4]
                                   0            -0             = 
    60 energyMove[4,5]
                                 136           136             = 
    61 energyMove[4,6]
                                 128           128             = 
    62 energyMove[4,7]
                                 144           144             = 
    63 energyMove[5,1]
                                 104           104             = 
    64 energyMove[5,2]
                                 128           128             = 
    65 energyMove[5,3]
                                 144           144             = 
    66 energyMove[5,4]
                                 136           136             = 
    67 energyMove[5,5]
                                   0            -0             = 
    68 energyMove[5,6]
                                 144           144             = 
    69 energyMove[5,7]
                                 120           120             = 
    70 energyMove[6,1]
                                 104           104             = 
    71 energyMove[6,2]
                                 112           112             = 
    72 energyMove[6,3]
                                 104           104             = 
    73 energyMove[6,4]
                                 128           128             = 
    74 energyMove[6,5]
                                 144           144             = 
    75 energyMove[6,6]
                                   0            -0             = 
    76 energyMove[6,7]
                                 120           120             = 
    77 energyMove[7,1]
                                 104           104             = 
    78 energyMove[7,2]
                                  88            88             = 
    79 energyMove[7,3]
                                 136           136             = 
    80 energyMove[7,4]
                                 144           144             = 
    81 energyMove[7,5]
                                 120           120             = 
    82 energyMove[7,6]
                                 120           120             = 
    83 energyMove[7,7]
                                   0            -0             = 
    84 energyTot                1000                        1000 
    85 time                      400                         400 
    86 calcoloEnergy[1,2]
                             -432.75          -955               
    87 calcoloEnergy[1,3]
                             -129.75          -930               
    88 calcoloEnergy[1,4]
                                -128          -890               
    89 calcoloEnergy[1,5]
                                -104          -950               
    90 calcoloEnergy[1,6]
                             -295.75          -975               
    91 calcoloEnergy[2,1]
                              224.75          -940               
    92 calcoloEnergy[2,3]
                                 191          -930               
    93 calcoloEnergy[2,4]
                             -783.25          -890               
    94 calcoloEnergy[2,5]
                              200.75          -950               
    95 calcoloEnergy[2,6]
                                -975          -975               
    96 calcoloEnergy[3,1]
                              -94.25          -940               
    97 calcoloEnergy[3,2]
                                -431          -955               
    98 calcoloEnergy[3,4]
                             -102.25          -890               
    99 calcoloEnergy[3,5]
                             -126.25          -950               
   100 calcoloEnergy[3,6]
                                -278          -975               
   101 calcoloEnergy[4,1]
                                -128          -940               
   102 calcoloEnergy[4,2]
                             -440.75          -955               
   103 calcoloEnergy[4,3]
                             -137.75          -930               
   104 calcoloEnergy[4,5]
                                -136          -950               
   105 calcoloEnergy[4,6]
                             -319.75          -975               
   106 calcoloEnergy[5,1]
                                -104          -940               
   107 calcoloEnergy[5,2]
                             -456.75          -955               
   108 calcoloEnergy[5,3]
                             -161.75          -930               
   109 calcoloEnergy[5,4]
                                -136          -890               
   110 calcoloEnergy[5,6]
                             -335.75          -975               
   111 calcoloEnergy[6,1]
                               87.75          -940               
   112 calcoloEnergy[6,2]
                                -249          -955               
   113 calcoloEnergy[6,3]
                                -930          -930               
   114 calcoloEnergy[6,4]
                               63.75          -890               
   115 calcoloEnergy[6,5]
                               47.75          -950               
   116 calcoloEnergy[7,1]
                             -642.25          -940               
   117 calcoloEnergy[7,2]
                                -955          -955               
   118 calcoloEnergy[7,3]
                                 308          -930               
   119 calcoloEnergy[7,4]
                              317.75          -890               
   120 calcoloEnergy[7,5]
                             -658.25          -950               
   121 calcoloEnergy[7,6]
                                 150          -975               
   122 calcoloTime[1,2]
                              -117.5          -367               
   123 calcoloTime[1,3]
                               -40.5          -346               
   124 calcoloTime[1,4]
                                   0          -324               
   125 calcoloTime[1,5]
                                   0          -362               
   126 calcoloTime[1,6]
                               -93.5          -377               
   127 calcoloTime[2,1]
                               117.5          -352               
   128 calcoloTime[2,3]
                                  77          -345               
   129 calcoloTime[2,4]
                              -282.5          -326               
   130 calcoloTime[2,5]
                               117.5          -359               
   131 calcoloTime[2,6]
                                -376          -376               
   132 calcoloTime[3,1]
                                40.5          -351               
   133 calcoloTime[3,2]
                                 -77          -365               
   134 calcoloTime[3,4]
                                40.5          -325               
   135 calcoloTime[3,5]
                                40.5          -357               
   136 calcoloTime[3,6]
                                 -53          -377               
   137 calcoloTime[4,1]
                                   0          -349               
   138 calcoloTime[4,2]
                              -117.5          -366               
   139 calcoloTime[4,3]
                               -40.5          -345               
   140 calcoloTime[4,5]
                                   0          -358               
   141 calcoloTime[4,6]
                               -93.5          -374               
   142 calcoloTime[5,1]
                                   0          -352               
   143 calcoloTime[5,2]
                              -117.5          -364               
   144 calcoloTime[5,3]
                               -40.5          -342               
   145 calcoloTime[5,4]
                                   0          -323               
   146 calcoloTime[5,6]
                               -93.5          -372               
   147 calcoloTime[6,1]
                                93.5          -352               
   148 calcoloTime[6,2]
                                 -24          -366               
   149 calcoloTime[6,3]
                                -347          -347               
   150 calcoloTime[6,4]
                                93.5          -324               
   151 calcoloTime[6,5]
                                93.5          -357               
   152 calcoloTime[7,1]
                              -251.5          -352               
   153 calcoloTime[7,2]
                                -369          -369               
   154 calcoloTime[7,3]
                                 108          -343               
   155 calcoloTime[7,4]
                               148.5          -322               
   156 calcoloTime[7,5]
                              -251.5          -360               
   157 calcoloTime[7,6]
                                  55          -375               
   158 z                         430                             

   No. Column name       Activity     Lower bound   Upper bound
------ ------------    ------------- ------------- -------------
     1 x[1]         *              1             0             1 
     2 x[2]         *              1             0             1 
     3 x[3]         *              1             0             1 
     4 x[4]         *              1             0             1 
     5 x[5]         *              1             0             1 
     6 x[6]         *              1             0             1 
     7 x[7]         *              0             0             1 
     8 y[1,1]       *              0             0             1 
     9 y[1,2]       *              0             0             1 
    10 y[1,3]       *              0             0             1 
    11 y[1,4]       *              0             0             1 
    12 y[1,5]       *              0             0             1 
    13 y[1,6]       *              0             0             1 
    14 y[1,7]       *              1             0             1 
    15 y[2,1]       *              0             0             1 
    16 y[2,2]       *              0             0             1 
    17 y[2,3]       *              0             0             1 
    18 y[2,4]       *              0             0             1 
    19 y[2,5]       *              0             0             1 
    20 y[2,6]       *              0             0             1 
    21 y[2,7]       *              1             0             1 
    22 y[3,1]       *              0             0             1 
    23 y[3,2]       *              0             0             1 
    24 y[3,3]       *              0             0             1 
    25 y[3,4]       *              0             0             1 
    26 y[3,5]       *              0             0             1 
    27 y[3,6]       *              1             0             1 
    28 y[3,7]       *              0             0             1 
    29 y[4,1]       *              0             0             1 
    30 y[4,2]       *              1             0             1 
    31 y[4,3]       *              0             0             1 
    32 y[4,4]       *              0             0             1 
    33 y[4,5]       *              0             0             1 
    34 y[4,6]       *              0             0             1 
    35 y[4,7]       *              0             0             1 
    36 y[5,1]       *              0             0             1 
    37 y[5,2]       *              0             0             1 
    38 y[5,3]       *              0             0             1 
    39 y[5,4]       *              0             0             1 
    40 y[5,5]       *              0             0             1 
    41 y[5,6]       *              0             0             1 
    42 y[5,7]       *              1             0             1 
    43 y[6,1]       *              0             0             1 
    44 y[6,2]       *              1             0             1 
    45 y[6,3]       *              0             0             1 
    46 y[6,4]       *              0             0             1 
    47 y[6,5]       *              0             0             1 
    48 y[6,6]       *              0             0             1 
    49 y[6,7]       *              0             0             1 
    50 y[7,1]       *              1             0             1 
    51 y[7,2]       *              0             0             1 
    52 y[7,3]       *              1             0             1 
    53 y[7,4]       *              1             0             1 
    54 y[7,5]       *              1             0             1 
    55 y[7,6]       *              0             0             1 
    56 y[7,7]       *              0             0             1 
    57 e[1]                        0             0               
    58 e[2]                   328.75             0               
    59 e[3]                    17.75             0               
    60 e[4]                        0             0               
    61 e[5]                        0             0               
    62 e[6]                   191.75             0               
    63 e[7]                   461.75             0               
    64 t[1]                        0             0               
    65 t[2]                    117.5             0               
    66 t[3]                     40.5             0               
    67 t[4]                        0             0               
    68 t[5]                        0             0               
    69 t[6]                     93.5             0               
    70 t[7]                    148.5             0               
    71 emove[1,1]                  0             0               
    72 emove[1,2]                104             0               
    73 emove[1,3]                112             0               
    74 emove[1,4]                128             0               
    75 emove[1,5]                104             0               
    76 emove[1,6]                104             0               
    77 emove[1,7]                104             0               
    78 emove[2,1]                104             0               
    79 emove[2,2]                  0             0               
    80 emove[2,3]                120             0               
    81 emove[2,4]                112             0               
    82 emove[2,5]                128             0               
    83 emove[2,6]                112             0               
    84 emove[2,7]                 88             0               
    85 emove[3,1]                112             0               
    86 emove[3,2]                120             0               
    87 emove[3,3]                  0             0               
    88 emove[3,4]                120             0               
    89 emove[3,5]                144             0               
    90 emove[3,6]                104             0               
    91 emove[3,7]                136             0               
    92 emove[4,1]                128             0               
    93 emove[4,2]                112             0               
    94 emove[4,3]                120             0               
    95 emove[4,4]                  0             0               
    96 emove[4,5]                136             0               
    97 emove[4,6]                128             0               
    98 emove[4,7]                144             0               
    99 emove[5,1]                104             0               
   100 emove[5,2]                128             0               
   101 emove[5,3]                144             0               
   102 emove[5,4]                136             0               
   103 emove[5,5]                  0             0               
   104 emove[5,6]                144             0               
   105 emove[5,7]                120             0               
   106 emove[6,1]                104             0               
   107 emove[6,2]                112             0               
   108 emove[6,3]                104             0               
   109 emove[6,4]                128             0               
   110 emove[6,5]                144             0               
   111 emove[6,6]                  0             0               
   112 emove[6,7]                120             0               
   113 emove[7,1]                104             0               
   114 emove[7,2]                 88             0               
   115 emove[7,3]                136             0               
   116 emove[7,4]                144             0               
   117 emove[7,5]                120             0               
   118 emove[7,6]                120             0               
   119 emove[7,7]                  0             0               

Integer feasibility conditions:

KKT.PE: max.abs.err = 0.00e+000 on row 0
        max.rel.err = 0.00e+000 on row 0
        High quality

KKT.PB: max.abs.err = 0.00e+000 on row 0
        max.rel.err = 0.00e+000 on row 0
        High quality

End of output
