Problem:    Scaffale
Rows:       65
Columns:    52 (48 integer, 48 binary)
Non-zeros:  229
Status:     INTEGER OPTIMAL
Objective:  z = 93 (MINimum)

   No.   Row name        Activity     Lower bound   Upper bound
------ ------------    ------------- ------------- -------------
     1 assign[1]                   1             1             = 
     2 assign[2]                   1             1             = 
     3 assign[3]                   1             1             = 
     4 assign[4]                   1             1             = 
     5 assign[5]                   1             1             = 
     6 assign[6]                   1             1             = 
     7 assign[7]                   1             1             = 
     8 assign[8]                   1             1             = 
     9 assign[9]                   1             1             = 
    10 assign[10]                  1             1             = 
    11 assign[11]                  1             1             = 
    12 assign[12]                  1             1             = 
    13 capacity[1]               108                         116 
    14 capacity[2]               109                         116 
    15 capacity[3]                98                         116 
    16 capacity[4]                41                         116 
    17 height[2,1]                25            -0               
    18 height[2,2]                25            -0               
    19 height[2,3]                25            -0               
    20 height[2,4]                25            -0               
    21 height[2,5]                 0            -0               
    22 height[2,6]                 5            -0               
    23 height[2,7]                25            -0               
    24 height[2,8]                25            -0               
    25 height[2,9]                 6            -0               
    26 height[2,10]               25            -0               
    27 height[2,11]                3            -0               
    28 height[2,12]               25            -0               
    29 height[3,1]                18            -0               
    30 height[3,2]                 3            -0               
    31 height[3,3]                18            -0               
    32 height[3,4]                18            -0               
    33 height[3,5]                18            -0               
    34 height[3,6]                18            -0               
    35 height[3,7]                18            -0               
    36 height[3,8]                 0            -0               
    37 height[3,9]                18            -0               
    38 height[3,10]               18            -0               
    39 height[3,11]               18            -0               
    40 height[3,12]               18            -0               
    41 height[4,1]                 0            -0               
    42 height[4,2]                10            -0               
    43 height[4,3]                10            -0               
    44 height[4,4]                10            -0               
    45 height[4,5]                10            -0               
    46 height[4,6]                10            -0               
    47 height[4,7]                10            -0               
    48 height[4,8]                10            -0               
    49 height[4,9]                10            -0               
    50 height[4,10]               10            -0               
    51 height[4,11]               10            -0               
    52 height[4,12]               10            -0               
    53 firstheight[1]
                                  40            -0               
    54 firstheight[2]
                                  40            -0               
    55 firstheight[3]
                                   0            -0               
    56 firstheight[4]
                                  15            -0               
    57 firstheight[5]
                                  40            -0               
    58 firstheight[6]
                                  40            -0               
    59 firstheight[7]
                                   9            -0               
    60 firstheight[8]
                                  40            -0               
    61 firstheight[9]
                                  40            -0               
    62 firstheight[10]
                                   7            -0               
    63 firstheight[11]
                                  40            -0               
    64 firstheight[12]
                                   6            -0               
    65 z                          93                             

   No. Column name       Activity     Lower bound   Upper bound
------ ------------    ------------- ------------- -------------
     1 x[1,1]       *              0             0             1 
     2 x[1,2]       *              0             0             1 
     3 x[1,3]       *              0             0             1 
     4 x[1,4]       *              1             0             1 
     5 x[2,1]       *              0             0             1 
     6 x[2,2]       *              0             0             1 
     7 x[2,3]       *              1             0             1 
     8 x[2,4]       *              0             0             1 
     9 x[3,1]       *              1             0             1 
    10 x[3,2]       *              0             0             1 
    11 x[3,3]       *              0             0             1 
    12 x[3,4]       *              0             0             1 
    13 x[4,1]       *              1             0             1 
    14 x[4,2]       *              0             0             1 
    15 x[4,3]       *              0             0             1 
    16 x[4,4]       *              0             0             1 
    17 x[5,1]       *              0             0             1 
    18 x[5,2]       *              1             0             1 
    19 x[5,3]       *              0             0             1 
    20 x[5,4]       *              0             0             1 
    21 x[6,1]       *              0             0             1 
    22 x[6,2]       *              1             0             1 
    23 x[6,3]       *              0             0             1 
    24 x[6,4]       *              0             0             1 
    25 x[7,1]       *              1             0             1 
    26 x[7,2]       *              0             0             1 
    27 x[7,3]       *              0             0             1 
    28 x[7,4]       *              0             0             1 
    29 x[8,1]       *              0             0             1 
    30 x[8,2]       *              0             0             1 
    31 x[8,3]       *              1             0             1 
    32 x[8,4]       *              0             0             1 
    33 x[9,1]       *              0             0             1 
    34 x[9,2]       *              1             0             1 
    35 x[9,3]       *              0             0             1 
    36 x[9,4]       *              0             0             1 
    37 x[10,1]      *              1             0             1 
    38 x[10,2]      *              0             0             1 
    39 x[10,3]      *              0             0             1 
    40 x[10,4]      *              0             0             1 
    41 x[11,1]      *              0             0             1 
    42 x[11,2]      *              1             0             1 
    43 x[11,3]      *              0             0             1 
    44 x[11,4]      *              0             0             1 
    45 x[12,1]      *              1             0             1 
    46 x[12,2]      *              0             0             1 
    47 x[12,3]      *              0             0             1 
    48 x[12,4]      *              0             0             1 
    49 y[1]                       40             0               
    50 y[2]                       65             0               
    51 y[3]                       83             0               
    52 y[4]                       93             0               

Integer feasibility conditions:

KKT.PE: max.abs.err = 0.00e+000 on row 0
        max.rel.err = 0.00e+000 on row 0
        High quality

KKT.PB: max.abs.err = 0.00e+000 on row 0
        max.rel.err = 0.00e+000 on row 0
        High quality

End of output
