Problem:    SpedizioneUrgente
Rows:       29
Columns:    24 (24 integer, 24 binary)
Non-zeros:  120
Status:     INTEGER OPTIMAL
Objective:  z2 = 11 (MAXimum)

   No.   Row name        Activity     Lower bound   Upper bound
------ ------------    ------------- ------------- -------------
     1 peso[1]                  2465                        2900 
     2 peso[2]                  1935                        1950 
     3 volumeMax[1]               89                          90 
     4 volumeMax[2]               71                         100 
     5 assign[1,1,2]
                                   1                           1 
     6 assign[1,2,1]
                                   1                           1 
     7 assign[2,1,2]
                                   1                           1 
     8 assign[2,2,1]
                                   1                           1 
     9 assign[3,1,2]
                                   1                           1 
    10 assign[3,2,1]
                                   1                           1 
    11 assign[4,1,2]
                                   1                           1 
    12 assign[4,2,1]
                                   1                           1 
    13 assign[5,1,2]
                                   1                           1 
    14 assign[5,2,1]
                                   1                           1 
    15 assign[6,1,2]
                                   1                           1 
    16 assign[6,2,1]
                                   1                           1 
    17 assign[7,1,2]
                                   1                           1 
    18 assign[7,2,1]
                                   1                           1 
    19 assign[8,1,2]
                                   1                           1 
    20 assign[8,2,1]
                                   1                           1 
    21 assign[9,1,2]
                                   0                           1 
    22 assign[9,2,1]
                                   0                           1 
    23 assign[10,1,2]
                                   1                           1 
    24 assign[10,2,1]
                                   1                           1 
    25 assign[11,1,2]
                                   1                           1 
    26 assign[11,2,1]
                                   1                           1 
    27 assign[12,1,2]
                                   1                           1 
    28 assign[12,2,1]
                                   1                           1 
    29 z2                         11                             

   No. Column name       Activity     Lower bound   Upper bound
------ ------------    ------------- ------------- -------------
     1 x[1,1]       *              1             0             1 
     2 x[2,1]       *              1             0             1 
     3 x[3,1]       *              1             0             1 
     4 x[4,1]       *              0             0             1 
     5 x[5,1]       *              1             0             1 
     6 x[6,1]       *              0             0             1 
     7 x[7,1]       *              1             0             1 
     8 x[8,1]       *              0             0             1 
     9 x[9,1]       *              0             0             1 
    10 x[10,1]      *              1             0             1 
    11 x[11,1]      *              1             0             1 
    12 x[12,1]      *              1             0             1 
    13 x[1,2]       *              0             0             1 
    14 x[2,2]       *              0             0             1 
    15 x[3,2]       *              0             0             1 
    16 x[4,2]       *              1             0             1 
    17 x[5,2]       *              0             0             1 
    18 x[6,2]       *              1             0             1 
    19 x[7,2]       *              0             0             1 
    20 x[8,2]       *              1             0             1 
    21 x[9,2]       *              0             0             1 
    22 x[10,2]      *              0             0             1 
    23 x[11,2]      *              0             0             1 
    24 x[12,2]      *              0             0             1 

Integer feasibility conditions:

KKT.PE: max.abs.err = 0.00e+000 on row 0
        max.rel.err = 0.00e+000 on row 0
        High quality

KKT.PB: max.abs.err = 0.00e+000 on row 0
        max.rel.err = 0.00e+000 on row 0
        High quality

End of output
