Problem:    Autostrada
Rows:       29
Columns:    7
Non-zeros:  91
Status:     OPTIMAL
Objective:  z = 138760 (MAXimum)

   No.   Row name   St   Activity     Lower bound   Upper bound    Marginal
------ ------------ -- ------------- ------------- ------------- -------------
     1 vantaggio[0,1]
                    B             -4           -10               
     2 vantaggio[0,2]
                    B            -10           -15               
     3 vantaggio[0,3]
                    NL           -20           -20                        -335 
     4 vantaggio[0,4]
                    B            -25           -26               
     5 vantaggio[0,5]
                    NL           -33           -33                        -560 
     6 vantaggio[0,6]
                    NL           -38           -38                       -1305 
     7 vantaggio[0,7]
                    NL           -41           -41                        -925 
     8 vantaggio[1,2]
                    B             -6           -10               
     9 vantaggio[1,3]
                    B            -16           -18               
    10 vantaggio[1,4]
                    B            -21           -21               
    11 vantaggio[1,5]
                    B            -29           -30               
    12 vantaggio[1,6]
                    B            -34           -34               
    13 vantaggio[1,7]
                    NL           -37           -37                        -670 
    14 vantaggio[2,3]
                    NL           -10           -10                         -45 
    15 vantaggio[2,4]
                    NL           -15           -15                         -55 
    16 vantaggio[2,5]
                    B            -23           -24               
    17 vantaggio[2,6]
                    B            -28           -30               
    18 vantaggio[2,7]
                    B            -31           -33               
    19 vantaggio[3,4]
                    B             -5           -10               
    20 vantaggio[3,5]
                    B            -13           -17               
    21 vantaggio[3,6]
                    B            -18           -21               
    22 vantaggio[3,7]
                    B            -21           -31               
    23 vantaggio[4,5]
                    B             -8           -10               
    24 vantaggio[4,6]
                    B            -13           -14               
    25 vantaggio[4,7]
                    B            -16           -19               
    26 vantaggio[5,6]
                    B             -5           -10               
    27 vantaggio[5,7]
                    B             -8           -14               
    28 vantaggio[6,7]
                    B             -3           -10               
    29 z            B         138760                             

   No. Column name  St   Activity     Lower bound   Upper bound    Marginal
------ ------------ -- ------------- ------------- ------------- -------------
     1 x[0]         B              4             0               
     2 x[1]         B              6             0               
     3 x[2]         B             10             0               
     4 x[3]         B              5             0               
     5 x[4]         B              8             0               
     6 x[5]         B              5             0               
     7 x[6]         B              3             0               

Karush-Kuhn-Tucker optimality conditions:

KKT.PE: max.abs.err = 0.00e+000 on row 0
        max.rel.err = 0.00e+000 on row 0
        High quality

KKT.PB: max.abs.err = 0.00e+000 on row 0
        max.rel.err = 0.00e+000 on row 0
        High quality

KKT.DE: max.abs.err = 0.00e+000 on column 0
        max.rel.err = 0.00e+000 on column 0
        High quality

KKT.DB: max.abs.err = 0.00e+000 on row 0
        max.rel.err = 0.00e+000 on row 0
        High quality

End of output
