Problem:    Botanica
Rows:       21
Columns:    12
Non-zeros:  70
Status:     OPTIMAL
Objective:  z = 93237.5 (MAXimum)

   No.   Row name   St   Activity     Lower bound   Upper bound    Marginal
------ ------------ -- ------------- ------------- ------------- -------------
     1 satisfy[Acqua_dolce]
                    NL             0            -0                          -1 
     2 satisfy[Sali_minerali]
                    NL             0            -0                          -4 
     3 satisfy[Calore]
                    NL             0            -0                          -1 
     4 satisfy[Luce]
                    NL             0            -0                        -1.5 
     5 satisfy[Vitamine]
                    NL             0            -0                        -3.6 
     6 max_coltivazione[Azalea]
                    B              5                         100 
     7 max_coltivazione[Begonia]
                    NU           100                         100          2756 
     8 max_coltivazione[Carota]
                    NU           100                         100        1587.6 
     9 max_coltivazione[Datteri]
                    B              5                         100 
    10 max_coltivazione[Erba_cipollina]
                    B              5                         100 
    11 max_coltivazione[Fragolina_di_bosco]
                    B              5                         100 
    12 max_coltivazione[Giaggiolo]
                    NU           100                         100          1338 
    13 min_coltivazione[Azalea]
                    NL             5             5                       -1377 
    14 min_coltivazione[Begonia]
                    B            100             5               
    15 min_coltivazione[Carota]
                    B            100             5               
    16 min_coltivazione[Datteri]
                    NL             5             5                      -91600 
    17 min_coltivazione[Erba_cipollina]
                    NL             5             5                      -876.5 
    18 min_coltivazione[Fragolina_di_bosco]
                    NL             5             5                       -1131 
    19 min_coltivazione[Giaggiolo]
                    B            100             5               
    20 budget_area  B            320                         500 
    21 z            B        93237.5                             

   No. Column name  St   Activity     Lower bound   Upper bound    Marginal
------ ------------ -- ------------- ------------- ------------- -------------
     1 x[Acqua_dolce]
                    B         4902.5             0               
     2 x[Sali_minerali]
                    B          67250             0               
     3 x[Calore]    B         130000             0               
     4 x[Luce]      B         559250             0               
     5 x[Vitamine]  B        24162.5             0               
     6 y[Azalea]    B              5             0               
     7 y[Begonia]   B            100             0               
     8 y[Carota]    B            100             0               
     9 y[Datteri]   B              5             0               
    10 y[Erba_cipollina]
                    B              5             0               
    11 y[Fragolina_di_bosco]
                    B              5             0               
    12 y[Giaggiolo] B            100             0               

Karush-Kuhn-Tucker optimality conditions:

KKT.PE: max.abs.err = 0.00e+000 on row 0
        max.rel.err = 0.00e+000 on row 0
        High quality

KKT.PB: max.abs.err = 0.00e+000 on row 0
        max.rel.err = 0.00e+000 on row 0
        High quality

KKT.DE: max.abs.err = 0.00e+000 on column 0
        max.rel.err = 0.00e+000 on column 0
        High quality

KKT.DB: max.abs.err = 0.00e+000 on row 0
        max.rel.err = 0.00e+000 on row 0
        High quality

End of output
