GLPK 4.45 - SENSITIVITY ANALYSIS REPORT                                                                         Page   1

Problem:    Caramelle
Objective:  z = 862.5537041 (MAXimum)

#Commento:
#Tutti i tipi di caramella sono convenienti? Tutti tranne la delizia perché è fuori base, non ne produciamo nemmeno una.
#Quale dovrebbe essere il prezzo della delizia per diventare conveniente? Dovrebbe aumentare del valore negativo sul costo ridotto, quindi di -3.13.
#Per quelle convenienti, per rimanere tale è sufficiente confrontare il prezzo (obj coef) con il suo range e valutare.
#È possibile ridurre i costi di approvigionamento degli ingredienti? Quelli usati del tutto no, mentre su quelli con avanzo si può ridurre non acquistando le quantità eccedenti.
#Dopo si moltiplica la quantità per il prezzo e si ricava quanti soldi sono stati sprecati.

#Ulteriori dettagli sull'analisi post-ottimale:
#Se la variabile di slack è in base, significa che non stiamo consumando del tutto quella risorsa. Se è fuori base la stiamo usando tutta.
#Per esempio sul Saccarosio abbiamo consumato tutto(5 kg), lo slack è 0 e l'upper bound coincide.
#Il prezzo ombra se non consumiamo tutto è zero, altrimenti ha un valore. Quel valore ci indica il prezzo a cui compreremmo altre risorse di quel tipo.


   No. Row name     St      Activity         Slack   Lower bound       Activity      Obj coef  Obj value at Limiting
                                          Marginal   Upper bound          range         range   break point variable
------ ------------ -- ------------- ------------- -------------  ------------- ------------- ------------- ------------
     1 consumo[Fruttosio]
                    BS       8.83401        .16599          -Inf        7.80974      -3.40014     832.51680 consumo[Saccarosio]
                                            .            9.00000        9.88789      15.38462     998.46154 consumo[Estratti_di_erbe]

     2 consumo[Saccarosio]
                    NU       5.00000        .               -Inf        4.26433      -4.73399     859.07103 x[Dolce]
                                           4.73399       5.00000        5.11922          +Inf     863.11810 consumo[Fruttosio]

     3 consumo[Glucosio]
                    NU      20.00000        .               -Inf       16.98723     -14.85913     817.78656 consumo[Conservanti]
                                          14.85913      20.00000       20.70889          +Inf     873.08717 consumo[Fruttosio]

     4 consumo[Destrosio]
                    NU      18.00000        .               -Inf       12.63211      -3.91822     841.52113 x[Golosa]
                                           3.91822      18.00000       21.75199          +Inf     877.25483 consumo[Conservanti]

     5 consumo[Estratti_di_erbe]
                    NU      20.00000        .               -Inf       18.80000      -2.12809     860.00000 consumo[Fruttosio]
                                           2.12809      20.00000       23.55513          +Inf     870.11933 consumo[Aromatizzanti]

     6 consumo[Estratti_di_frutta]
                    NU      17.00000        .               -Inf       12.71940     -14.45627     800.67214 x[Slurp]
                                          14.45627      17.00000       18.03523          +Inf     877.51920 consumo[Fruttosio]

     7 consumo[Coloranti]
                    NU      18.40000        .               -Inf       17.26272      -9.93776     851.25172 consumo[Fruttosio]
                                           9.93776      18.40000       18.92470          +Inf     867.76807 consumo[Conservanti]

     8 consumo[Conservanti]
                    BS      12.16844        .33156          -Inf       11.44979     -15.72677     671.18348 consumo[Coloranti]
                                            .           12.50000       12.20000      80.91603    1847.17557 consumo[Estratti_di_erbe]

     9 consumo[Aromatizzanti]
                    BS       9.70094        .29906          -Inf        9.08253     -18.27580     685.26121 consumo[Coloranti]
                                            .           10.00000        9.80064      34.93333    1201.44000 consumo[Saccarosio]

    10 z            BS     862.55370    -862.55370          -Inf      851.25172      -1.00000        .      consumo[Coloranti]
                                            .               +Inf      862.55370          +Inf          +Inf

GLPK 4.45 - SENSITIVITY ANALYSIS REPORT                                                                         Page   2

Problem:    Caramelle
Objective:  z = 862.5537041 (MAXimum)


#Commento:
#Se la variabile è in base abbiamo anche al produzione(Activity), altrimenti non abbiamo niente come vediamo nella caramella delizia.
#nell'obj coef il primo valore è il prezzo che abbiamo inserito noi, il secondo è il costo marginale(che è 0 per ogni var in base).
#Avendo massimizzato, abbiamo un meno sul costo marginale della var fuori base, poiché dobbiamo cambiare segno alla funzione obiettivo per metterla in forma standard.
#Se non avessimo cambiato di segno la funz obiettivo, il test di ottimalità invece di essere "tutti i costi ridotti devono essere >= 0" sarebbe stato "<= 0", quindi quel valore negativo
#soddisfa il test e fa riferimento alla funzione obiettivo vera, quella che stiamo massimizzando.
#Ad esempio nella delizia, se aumentassimo la produzione, la funzione obiettivo diminuirebbe di 3.1 per ogni unità prodotta.
#Activity range è l'intervallo in cui può variare la produzione di una caramella.
#l'obj coef range è l'intervallo in cui può variare il prezzo della caramella.
#colonna break point: valore in funzione delle colonne precedenti.
#Per le caramelle convenienti, se diminuisco il coefficiente la z diminuisce, altrimenti aumenta.
#Per la delizia che è sconveniente, è il contrario visto che già con zero non andava bene.

   No. Column name  St      Activity      Obj coef   Lower bound       Activity      Obj coef  Obj value at Limiting
                                          Marginal   Upper bound          range         range   break point variable
------ ------------ -- ------------- ------------- -------------  ------------- ------------- ------------- ------------
     1 x[Dolce]     BS       3.70126       5.00000        .            -7.40148       4.05906     859.07103 consumo[Saccarosio]
                                            .               +Inf        5.66713      10.74913     883.83275 consumo[Coloranti]

     2 x[Delizia]   NL        .            4.00000        .             -.36186          -Inf     863.68815 consumo[Fruttosio]
                                          -3.13508          +Inf        2.40021       7.13508     855.02886 x[Dolce]

     3 x[Bacetto]   BS      56.01445       8.00000        .            46.89328       3.09195     587.63218 consumo[Glucosio]
                                            .               +Inf       57.85475       9.89246     968.55859 consumo[Saccarosio]

     4 x[Golosa]    BS      16.57820       5.00000        .            -1.49836       3.73131     841.52113 consumo[Destrosio]
                                            .               +Inf       23.30617      11.65388     972.86305 consumo[Glucosio]

     5 x[Sfizio]    BS      23.73901       6.00000        .            20.00000       5.31701     846.34021 consumo[Estratti_di_erbe]
                                            .               +Inf       35.81972       7.74101     903.88344 consumo[Destrosio]

     6 x[Slurp]     BS      13.26320       7.50000        .           -38.66667       2.83434     800.67214 consumo[Estratti_di_frutta]
                                            .               +Inf       16.00000       8.43310     874.92958 consumo[Estratti_di_erbe]

     7 x[Sweety]    BS      15.80727       4.50000        .            11.93948       1.57792     816.36364 consumo[Coloranti]
                                            .               +Inf       25.32354      11.00271     965.34377 consumo[Estratti_di_frutta]

End of report
