Problem:    Cavalli
Rows:       6
Columns:    5
Non-zeros:  13
Status:     OPTIMAL
Objective:  z = 60 (MAXimum)

   No.   Row name   St   Activity     Lower bound   Upper bound    Marginal
------ ------------ -- ------------- ------------- ------------- -------------
     1 within_budget
                    NU            57                          57       1.05263 
     2 MaxMin[Fulmine]
                    NU             0                          -0      0.350877 
     3 MaxMin[Freccia]
                    NU             0                          -0      0.263158 
     4 MaxMin[Dardo]
                    NU             0                          -0      0.210526 
     5 MaxMin[Lampo]
                    NU             0                          -0      0.175439 
     6 z            B             60                             

   No. Column name  St   Activity     Lower bound   Upper bound    Marginal
------ ------------ -- ------------- ------------- ------------- -------------
     1 p[Fulmine]   B             20             0               
     2 p[Freccia]   B             15             0               
     3 p[Dardo]     B             12             0               
     4 p[Lampo]     B             10             0               
     5 m            B             60             0               

Karush-Kuhn-Tucker optimality conditions:

KKT.PE: max.abs.err = 0.00e+000 on row 0
        max.rel.err = 0.00e+000 on row 0
        High quality

KKT.PB: max.abs.err = 0.00e+000 on row 0
        max.rel.err = 0.00e+000 on row 0
        High quality

KKT.DE: max.abs.err = 1.11e-016 on column 5
        max.rel.err = 3.70e-017 on column 5
        High quality

KKT.DB: max.abs.err = 0.00e+000 on row 0
        max.rel.err = 0.00e+000 on row 0
        High quality

End of output
