Problem:    Feriti
Rows:       51
Columns:    145
Non-zeros:  441
Status:     OPTIMAL
Objective:  z2 = 1.12 (MINimum)

   No.   Row name   St   Activity     Lower bound   Upper bound    Marginal
------ ------------ -- ------------- ------------- ------------- -------------
     1 domanda_feriti[1,1]
                    NL             3             3                  0.00888889 
     2 domanda_feriti[1,2]
                    NL            11            11                  0.00888889 
     3 domanda_feriti[1,3]
                    NL            23            23                  0.00888889 
     4 domanda_feriti[1,4]
                    NL            12            12                  0.00888889 
     5 domanda_feriti[1,5]
                    NL            19            19                  0.00888889 
     6 domanda_feriti[1,6]
                    NL            22            22                  0.00888889 
     7 domanda_feriti[2,1]
                    B              0            -0               
     8 domanda_feriti[2,2]
                    NL             1             1                  0.00888889 
     9 domanda_feriti[2,3]
                    NL             9             9                  0.00888889 
    10 domanda_feriti[2,4]
                    NL             5             5                  0.00888889 
    11 domanda_feriti[2,5]
                    NL             2             2                  0.00888889 
    12 domanda_feriti[2,6]
                    NL             3             3                  0.00888889 
    13 domanda_feriti[3,1]
                    NL             5             5                  0.00888889 
    14 domanda_feriti[3,2]
                    NL             6             6                  0.00888889 
    15 domanda_feriti[3,3]
                    B              0            -0               
    16 domanda_feriti[3,4]
                    NL            12            12                  0.00888889 
    17 domanda_feriti[3,5]
                    NL            19            19                  0.00888889 
    18 domanda_feriti[3,6]
                    NL            28            28                  0.00888889 
    19 offerta_feriti[1,1]
                    NU            12                          12         < eps
    20 offerta_feriti[1,2]
                    NU            10                          10   -0.00888889 
    21 offerta_feriti[1,3]
                    NU             8                           8   -0.00888889 
    22 offerta_feriti[1,4]
                    NU            10                          10   -0.00888889 
    23 offerta_feriti[1,5]
                    NU            15                          15         < eps
    24 offerta_feriti[1,6]
                    B            7.6                          20 
    25 offerta_feriti[1,7]
                    B           12.2                          20 
    26 offerta_feriti[1,8]
                    B           15.2                          20 
    27 offerta_feriti[2,1]
                    NU             5                           5         < eps
    28 offerta_feriti[2,2]
                    NU             0                          -0   -0.00888889 
    29 offerta_feriti[2,3]
                    NU             2                           2   -0.00888889 
    30 offerta_feriti[2,4]
                    NU             0                          -0   -0.00888889 
    31 offerta_feriti[2,5]
                    B              3                           8 
    32 offerta_feriti[2,6]
                    B              0                          -0 
    33 offerta_feriti[2,7]
                    B              0                          -0 
    34 offerta_feriti[2,8]
                    NU            10                          10         < eps
    35 offerta_feriti[3,1]
                    B            8.2                          15 
    36 offerta_feriti[3,2]
                    NU             8                           8   -0.00888889 
    37 offerta_feriti[3,3]
                    NU            11                          11   -0.00888889 
    38 offerta_feriti[3,4]
                    NU             5                           5   -0.00888889 
    39 offerta_feriti[3,5]
                    B            7.2                          20 
    40 offerta_feriti[3,6]
                    B           17.6                          18 
    41 offerta_feriti[3,7]
                    NU            13                          13         < eps
    42 offerta_feriti[3,8]
                    B              0                          -0 
    43 z2           B           1.12                             
    44 minmax[1]    NL             0            -0                         0.2 
    45 minmax[2]    B           0.32            -0               
    46 minmax[3]    B       0.186667            -0               
    47 minmax[4]    B       0.453333            -0               
    48 minmax[5]    NL             0            -0                         0.2 
    49 minmax[6]    NL             0            -0                         0.2 
    50 minmax[7]    NL             0            -0                         0.2 
    51 minmax[8]    NL             0            -0                         0.2 

   No. Column name  St   Activity     Lower bound   Upper bound    Marginal
------ ------------ -- ------------- ------------- ------------- -------------
     1 x[1,1,1]     NL             0             0                       < eps
     2 x[1,1,2]     B              3             0               
     3 x[1,1,3]     NL             0             0                       < eps
     4 x[1,1,4]     NL             0             0                       < eps
     5 x[1,1,5]     NL             0             0                       < eps
     6 x[1,1,6]     NL             0             0                       < eps
     7 x[1,1,7]     NL             0             0                       < eps
     8 x[1,1,8]     NL             0             0                       < eps
     9 x[1,2,1]     B              3             0               
    10 x[1,2,2]     NL             0             0                       < eps
    11 x[1,2,3]     B              8             0               
    12 x[1,2,4]     NL             0             0                       < eps
    13 x[1,2,5]     NL             0             0                       < eps
    14 x[1,2,6]     NL             0             0                       < eps
    15 x[1,2,7]     NL             0             0                       < eps
    16 x[1,2,8]     NL             0             0                       < eps
    17 x[1,3,1]     NL             0             0                       < eps
    18 x[1,3,2]     B              7             0               
    19 x[1,3,3]     NL             0             0                       < eps
    20 x[1,3,4]     B              1             0               
    21 x[1,3,5]     B             15             0               
    22 x[1,3,6]     NL             0             0                       < eps
    23 x[1,3,7]     NL             0             0                       < eps
    24 x[1,3,8]     NL             0             0                       < eps
    25 x[1,4,1]     NL             0             0                       < eps
    26 x[1,4,2]     NL             0             0                       < eps
    27 x[1,4,3]     NL             0             0                       < eps
    28 x[1,4,4]     NL             0             0                       < eps
    29 x[1,4,5]     NL             0             0                       < eps
    30 x[1,4,6]     B            7.6             0               
    31 x[1,4,7]     B            2.2             0               
    32 x[1,4,8]     B            2.2             0               
    33 x[1,5,1]     B              9             0               
    34 x[1,5,2]     NL             0             0                       < eps
    35 x[1,5,3]     NL             0             0                       < eps
    36 x[1,5,4]     NL             0             0                       < eps
    37 x[1,5,5]     NL             0             0                       < eps
    38 x[1,5,6]     NL             0             0                       < eps
    39 x[1,5,7]     B             10             0               
    40 x[1,5,8]     NL             0             0                       < eps
    41 x[1,6,1]     NL             0             0                       < eps
    42 x[1,6,2]     NL             0             0                       < eps
    43 x[1,6,3]     NL             0             0                       < eps
    44 x[1,6,4]     B              9             0               
    45 x[1,6,5]     NL             0             0                       < eps
    46 x[1,6,6]     NL             0             0                       < eps
    47 x[1,6,7]     NL             0             0                       < eps
    48 x[1,6,8]     B             13             0               
    49 x[2,1,1]     NL             0             0                  0.00888889 
    50 x[2,1,2]     NL             0             0                  0.00888889 
    51 x[2,1,3]     NL             0             0                  0.00888889 
    52 x[2,1,4]     NL             0             0                  0.00888889 
    53 x[2,1,5]     NL             0             0                  0.00888889 
    54 x[2,1,6]     NL             0             0                  0.00888889 
    55 x[2,1,7]     NL             0             0                  0.00888889 
    56 x[2,1,8]     NL             0             0                  0.00888889 
    57 x[2,2,1]     NL             0             0                       < eps
    58 x[2,2,2]     B              0             0               
    59 x[2,2,3]     B              1             0               
    60 x[2,2,4]     B              0             0               
    61 x[2,2,5]     NL             0             0                       < eps
    62 x[2,2,6]     NL             0             0                       < eps
    63 x[2,2,7]     NL             0             0                       < eps
    64 x[2,2,8]     NL             0             0                       < eps
    65 x[2,3,1]     B              5             0               
    66 x[2,3,2]     NL             0             0                       < eps
    67 x[2,3,3]     B              1             0               
    68 x[2,3,4]     NL             0             0                       < eps
    69 x[2,3,5]     NL             0             0                       < eps
    70 x[2,3,6]     NL             0             0                       < eps
    71 x[2,3,7]     NL             0             0                       < eps
    72 x[2,3,8]     B              3             0               
    73 x[2,4,1]     NL             0             0                       < eps
    74 x[2,4,2]     NL             0             0                       < eps
    75 x[2,4,3]     NL             0             0                       < eps
    76 x[2,4,4]     NL             0             0                       < eps
    77 x[2,4,5]     B              3             0               
    78 x[2,4,6]     NL             0             0                       < eps
    79 x[2,4,7]     NL             0             0                       < eps
    80 x[2,4,8]     B              2             0               
    81 x[2,5,1]     NL             0             0                       < eps
    82 x[2,5,2]     NL             0             0                       < eps
    83 x[2,5,3]     NL             0             0                       < eps
    84 x[2,5,4]     NL             0             0                       < eps
    85 x[2,5,5]     NL             0             0                       < eps
    86 x[2,5,6]     NL             0             0                       < eps
    87 x[2,5,7]     NL             0             0                       < eps
    88 x[2,5,8]     B              2             0               
    89 x[2,6,1]     NL             0             0                       < eps
    90 x[2,6,2]     NL             0             0                       < eps
    91 x[2,6,3]     NL             0             0                       < eps
    92 x[2,6,4]     NL             0             0                       < eps
    93 x[2,6,5]     NL             0             0                       < eps
    94 x[2,6,6]     NL             0             0                       < eps
    95 x[2,6,7]     NL             0             0                       < eps
    96 x[2,6,8]     B              3             0               
    97 x[3,1,1]     NL             0             0                       < eps
    98 x[3,1,2]     B              5             0               
    99 x[3,1,3]     NL             0             0                       < eps
   100 x[3,1,4]     NL             0             0                       < eps
   101 x[3,1,5]     NL             0             0                       < eps
   102 x[3,1,6]     NL             0             0                       < eps
   103 x[3,1,7]     NL             0             0                       < eps
   104 x[3,1,8]     NL             0             0                       < eps
   105 x[3,2,1]     NL             0             0                       < eps
   106 x[3,2,2]     NL             0             0                       < eps
   107 x[3,2,3]     B              6             0               
   108 x[3,2,4]     NL             0             0                       < eps
   109 x[3,2,5]     NL             0             0                       < eps
   110 x[3,2,6]     NL             0             0                       < eps
   111 x[3,2,7]     NL             0             0                       < eps
   112 x[3,2,8]     NL             0             0                       < eps
   113 x[3,3,1]     NL             0             0                  0.00888889 
   114 x[3,3,2]     NL             0             0                  0.00888889 
   115 x[3,3,3]     NL             0             0                  0.00888889 
   116 x[3,3,4]     NL             0             0                  0.00888889 
   117 x[3,3,5]     NL             0             0                  0.00888889 
   118 x[3,3,6]     NL             0             0                  0.00888889 
   119 x[3,3,7]     NL             0             0                  0.00888889 
   120 x[3,3,8]     NL             0             0                  0.00888889 
   121 x[3,4,1]     NL             0             0                       < eps
   122 x[3,4,2]     NL             0             0                       < eps
   123 x[3,4,3]     B              5             0               
   124 x[3,4,4]     B              5             0               
   125 x[3,4,5]     NL             0             0                       < eps
   126 x[3,4,6]     B              2             0               
   127 x[3,4,7]     NL             0             0                       < eps
   128 x[3,4,8]     NL             0             0                       < eps
   129 x[3,5,1]     B            8.2             0               
   130 x[3,5,2]     B              3             0               
   131 x[3,5,3]     NL             0             0                       < eps
   132 x[3,5,4]     NL             0             0                       < eps
   133 x[3,5,5]     B            7.2             0               
   134 x[3,5,6]     B            0.6             0               
   135 x[3,5,7]     NL             0             0                       < eps
   136 x[3,5,8]     NL             0             0                       < eps
   137 x[3,6,1]     NL             0             0                       < eps
   138 x[3,6,2]     NL             0             0                       < eps
   139 x[3,6,3]     NL             0             0                       < eps
   140 x[3,6,4]     NL             0             0                       < eps
   141 x[3,6,5]     NL             0             0                       < eps
   142 x[3,6,6]     B             15             0               
   143 x[3,6,7]     B             13             0               
   144 x[3,6,8]     NL             0             0                       < eps
   145 delta        B           1.12             0               

Karush-Kuhn-Tucker optimality conditions:

KKT.PE: max.abs.err = 1.78e-015 on row 22
        max.rel.err = 8.46e-017 on row 22
        High quality

KKT.PB: max.abs.err = 0.00e+000 on row 0
        max.rel.err = 0.00e+000 on row 0
        High quality

KKT.DE: max.abs.err = 1.11e-016 on column 145
        max.rel.err = 3.70e-017 on column 145
        High quality

KKT.DB: max.abs.err = 0.00e+000 on row 0
        max.rel.err = 0.00e+000 on row 0
        High quality

End of output
