Problem:    Forno
Rows:       6
Columns:    4
Non-zeros:  12
Status:     OPTIMAL
Objective:  z = 71.16666667 (MAXimum)

   No.   Row name   St   Activity     Lower bound   Upper bound    Marginal
------ ------------ -- ------------- ------------- ------------- -------------
     1 min_prod[Pane]
                    NL             5             5                    -4.16667 
     2 min_prod[Biscotti]
                    B        10.4167             2               
     3 min_prod[Focacce]
                    NL             3             3                         -13 
     4 min_prod[Paste]
                    NL             2             2                       -14.5 
     5 capacity     NU            24                          24       6.66667 
     6 z            B        71.1667                             

   No. Column name  St   Activity     Lower bound   Upper bound    Marginal
------ ------------ -- ------------- ------------- ------------- -------------
     1 x[Pane]      B              5             0               
     2 x[Biscotti]  B        10.4167             0               
     3 x[Focacce]   B              3             0               
     4 x[Paste]     B              2             0               

Karush-Kuhn-Tucker optimality conditions:

KKT.PE: max.abs.err = 0.00e+000 on row 0
        max.rel.err = 0.00e+000 on row 0
        High quality

KKT.PB: max.abs.err = 0.00e+000 on row 0
        max.rel.err = 0.00e+000 on row 0
        High quality

KKT.DE: max.abs.err = 4.44e-016 on column 2
        max.rel.err = 4.93e-017 on column 2
        High quality

KKT.DB: max.abs.err = 0.00e+000 on row 0
        max.rel.err = 0.00e+000 on row 0
        High quality

End of output
