Problem:    Idrocarburi
Rows:       36
Columns:    19
Non-zeros:  88
Status:     OPTIMAL
Objective:  z = 7166.666667 (MAXimum)

   No.   Row name   St   Activity     Lower bound   Upper bound    Marginal
------ ------------ -- ------------- ------------- ------------- -------------
     1 tot_benzina[Super]
                    NS             0            -0             =       4.16667 
     2 tot_benzina[Normale]
                    NS             0            -0             =       4.16667 
     3 tot_benzina[Verde]
                    NS             0            -0             =           3.5 
     4 tot_sostanza[1]
                    NS             0            -0             =            -3 
     5 tot_sostanza[2]
                    NS             0            -0             =            -6 
     6 tot_sostanza[3]
                    NS             0            -0             =            -4 
     7 tot_sostanza[4]
                    NS             0            -0             =            -5 
     8 lower_sostanza[1,Super]
                    B           1100            -0               
     9 lower_sostanza[1,Normale]
                    B           1900            -0               
    10 lower_sostanza[1,Verde]
                    B              0            -0               
    11 lower_sostanza[2,Super]
                    NL             0            -0                    -3.33333 
    12 lower_sostanza[2,Normale]
                    NL             0            -0                    -3.33333 
    13 lower_sostanza[2,Verde]
                    B              0            -0               
    14 lower_sostanza[3,Super]
                    B           1100            -0               
    15 lower_sostanza[3,Normale]
                    B           2900            -0               
    16 lower_sostanza[3,Verde]
                    B              0            -0               
    17 lower_sostanza[4,Super]
                    B              0            -0               
    18 lower_sostanza[4,Normale]
                    B              0            -0               
    19 lower_sostanza[4,Verde]
                    B              0            -0               
    20 upper_sostanza[1,Super]
                    NU             0                          -0         < eps
    21 upper_sostanza[1,Normale]
                    B       -766.667                          -0 
    22 upper_sostanza[1,Verde]
                    B              0                          -0 
    23 upper_sostanza[2,Super]
                    B          -2200                          -0 
    24 upper_sostanza[2,Normale]
                    B          -4800                          -0 
    25 upper_sostanza[2,Verde]
                    B              0                          -0 
    26 upper_sostanza[3,Super]
                    B       -733.333                          -0 
    27 upper_sostanza[3,Normale]
                    B       -2433.33                          -0 
    28 upper_sostanza[3,Verde]
                    B              0                          -0 
    29 upper_sostanza[4,Super]
                    B       -3666.67                          -0 
    30 upper_sostanza[4,Normale]
                    B       -5333.33                          -0 
    31 upper_sostanza[4,Verde]
                    B              0                          -0 
    32 consumo_sostanze[1]
                    NU          3000                        3000       1.16667 
    33 consumo_sostanze[2]
                    NU          2000                        2000           1.5 
    34 consumo_sostanze[3]
                    NU          4000                        4000      0.166667 
    35 consumo_sostanze[4]
                    B              0                        1000 
    36 z            B        7166.67                             

   No. Column name  St   Activity     Lower bound   Upper bound    Marginal
------ ------------ -- ------------- ------------- ------------- -------------
     1 x[1,Super]   B           1100             0               
     2 x[2,Super]   B        1466.67             0               
     3 x[3,Super]   B           1100             0               
     4 x[4,Super]   NL             0             0                   -0.833333 
     5 x[1,Normale] B           1900             0               
     6 x[2,Normale] B        533.333             0               
     7 x[3,Normale] B           2900             0               
     8 x[4,Normale] NL             0             0                   -0.833333 
     9 x[1,Verde]   NL             0             0                   -0.666667 
    10 x[2,Verde]   NL             0             0                          -4 
    11 x[3,Verde]   NL             0             0                   -0.666667 
    12 x[4,Verde]   NL             0             0                        -1.5 
    13 totb[Super]  B        3666.67                             
    14 totb[Normale]
                    B        5333.33                             
    15 totb[Verde]  B              0                             
    16 tots[1]      B           3000                             
    17 tots[2]      B           2000                             
    18 tots[3]      B           4000                             
    19 tots[4]      B              0                             

Karush-Kuhn-Tucker optimality conditions:

KKT.PE: max.abs.err = 0.00e+000 on row 0
        max.rel.err = 0.00e+000 on row 0
        High quality

KKT.PB: max.abs.err = 0.00e+000 on row 0
        max.rel.err = 0.00e+000 on row 0
        High quality

KKT.DE: max.abs.err = 8.88e-016 on column 6
        max.rel.err = 5.55e-017 on column 6
        High quality

KKT.DB: max.abs.err = 8.53e-017 on row 20
        max.rel.err = 8.53e-017 on row 20
        High quality

End of output
