Problem:    marte
Rows:       8
Columns:    6
Non-zeros:  18
Status:     OPTIMAL
Objective:  z = 0.1666666667 (MINimum)

   No.   Row name   St   Activity     Lower bound   Upper bound    Marginal
------ ------------ -- ------------- ------------- ------------- -------------
     1 size_memory[1]
                    B              0                      721449 
     2 size_memory[2]
                    B              0                      721470 
     3 size_memory[3]
                    B              0                      721500 
     4 size_memory[4]
                    B             45                      721450 
     5 size_memory[5]
                    B              0                      721459 
     6 size_memory[6]
                    B              0                      721482 
     7 fifo         NS             1             1             =      0.166667 
     8 z            B       0.166667                             

   No. Column name  St   Activity     Lower bound   Upper bound    Marginal
------ ------------ -- ------------- ------------- ------------- -------------
     1 x[1]         NL             0             0                   0.0833333 
     2 x[2]         NL             0             0                   0.0833333 
     3 x[3]         NL             0             0                   0.0833333 
     4 x[4]         B              1             0               
     5 x[5]         NL             0             0                    0.153333 
     6 x[6]         NL             0             0                    0.120833 

Karush-Kuhn-Tucker optimality conditions:

KKT.PE: max.abs.err = 0.00e+000 on row 0
        max.rel.err = 0.00e+000 on row 0
        High quality

KKT.PB: max.abs.err = 0.00e+000 on row 0
        max.rel.err = 0.00e+000 on row 0
        High quality

KKT.DE: max.abs.err = 0.00e+000 on column 0
        max.rel.err = 0.00e+000 on column 0
        High quality

KKT.DB: max.abs.err = 0.00e+000 on row 0
        max.rel.err = 0.00e+000 on row 0
        High quality

End of output
