GLPK 4.45 - SENSITIVITY ANALYSIS REPORT                                                                         Page   1

Problem:    ReteLogistica
Objective:  z = 5870250 (MINimum)

   No. Row name     St      Activity         Slack   Lower bound       Activity      Obj coef  Obj value at Limiting
                                          Marginal   Upper bound          range         range   break point variable
------ ------------ -- ------------- ------------- -------------  ------------- ------------- ------------- ------------
     1 capacity[Bristol]
                    BS   42500.00000  107500.00000          -Inf    55000.00000     -39.30000      4.2e+006 x[Bristol,Leeds]
                                            .       150000.00000    22500.00000      26.70000    7.005e+006 x[Middlesborough,Birmingham]

     2 capacity[Middlesborough]
                    BS   30000.00000  120000.00000          -Inf    50000.00000     -26.70000  5.06925e+006 x[Middlesborough,Birmingham]
                                            .       150000.00000    17500.00000      39.30000  7.04925e+006 x[Bristol,Leeds]

     3 Flow[Bristol]
                    NS        .             .             .       -430000.00000          -Inf    8.504e+006 capacity[Bristol]
                                          -6.12500        .        170000.00000          +Inf    4.829e+006 y[Bristol]

     4 Flow[Middlesborough]
                    NS        .             .             .       -480000.00000          -Inf  8.99025e+006 capacity[Middlesborough]
                                          -6.50000        .        120000.00000          +Inf  5.09025e+006 y[Middlesborough]

     5 dom[Londra]  NS   90000.00000        .        90000.00000         .               -Inf    4.005e+006 x[Bristol,Londra]
                                          20.72500   90000.00000   520000.00000          +Inf   1.4782e+007 capacity[Bristol]

     6 dom[Birmingham]
                    NS   80000.00000        .        80000.00000         .               -Inf  4.42025e+006 x[Bristol,Birmingham]
                                          18.12500   80000.00000   510000.00000          +Inf   1.3664e+007 capacity[Bristol]

     7 dom[Leeds]   NS   50000.00000        .        50000.00000         .               -Inf  5.04525e+006 x[Middlesborough,Leeds]
                                          16.50000   50000.00000   530000.00000          +Inf  1.37903e+007 capacity[Middlesborough]

     8 dom[Edimburgo]
                    NS   70000.00000        .        70000.00000         .               -Inf  4.27425e+006 x[Middlesborough,Edimburgo]
                                          22.80000   70000.00000   550000.00000          +Inf  1.68143e+007 capacity[Middlesborough]

     9 z            BS  5.73625e+006 -5.73625e+006          -Inf     6.914e+006      -1.00000  134000.00000 x[Bristol,Edimburgo]
                                            .               +Inf   5.73625e+006          +Inf          +Inf

GLPK 4.45 - SENSITIVITY ANALYSIS REPORT                                                                         Page   2

Problem:    ReteLogistica
Objective:  z = 5870250 (MINimum)

   No. Column name  St      Activity      Obj coef   Lower bound       Activity      Obj coef  Obj value at Limiting
                                          Marginal   Upper bound          range         range   break point variable
------ ------------ -- ------------- ------------- -------------  ------------- ------------- ------------- ------------
     1 x[Bristol,Londra]
                    BS   90000.00000      14.60000        .         90000.00000          -Inf          -Inf
                                            .               +Inf   -80000.00000      24.87500    6.795e+006 x[Middlesborough,Londra]

     2 x[Bristol,Birmingham]
                    BS   80000.00000      12.00000        .         80000.00000          -Inf          -Inf
                                            .               +Inf   -90000.00000      18.67500  6.40425e+006 x[Middlesborough,Birmingham]

     3 x[Bristol,Leeds]
                    NL        .           20.20000        .       -170000.00000      10.37500      4.2e+006 y[Bristol]
                                           9.82500          +Inf    50000.00000          +Inf   6.3615e+006 x[Middlesborough,Leeds]

     4 x[Bristol,Edimburgo]
                    NL        .           33.50000        .       -170000.00000      16.67500     3.01e+006 y[Bristol]
                                          16.82500          +Inf    70000.00000          +Inf    7.048e+006 x[Middlesborough,Edimburgo]

     5 x[Middlesborough,Londra]
                    NL        .           24.50000        .       -120000.00000      14.22500  4.63725e+006 y[Middlesborough]
                                          10.27500          +Inf    90000.00000          +Inf    6.795e+006 x[Bristol,Londra]

     6 x[Middlesborough,Birmingham]
                    NL        .           18.30000        .       -120000.00000      11.62500  5.06925e+006 y[Middlesborough]
                                           6.67500          +Inf    80000.00000          +Inf  6.40425e+006 x[Bristol,Birmingham]

     7 x[Middlesborough,Leeds]
                    BS   50000.00000      10.00000        .         50000.00000          -Inf          -Inf
                                            .               +Inf   -70000.00000      19.82500   6.3615e+006 x[Bristol,Leeds]

     8 x[Middlesborough,Edimburgo]
                    BS   70000.00000      16.30000        .         70000.00000          -Inf          -Inf
                                            .               +Inf   -50000.00000      33.12500    7.048e+006 x[Bristol,Edimburgo]

     9 y[Bristol]   BS   42500.00000      24.50000        .         55000.00000     -14.80000      4.2e+006 x[Bristol,Leeds]
                                            .               +Inf    22500.00000      51.20000    7.005e+006 x[Middlesborough,Birmingham]

    10 y[Middlesborough]
                    BS   30000.00000      26.00000        .         50000.00000       -.70000  5.06925e+006 x[Middlesborough,Birmingham]
                                            .               +Inf    17500.00000      65.30000  7.04925e+006 x[Bristol,Leeds]

End of report
