Problem:    Birrav3
Rows:       117
Columns:    296 (200 integer, 8 binary)
Non-zeros:  496
Status:     INTEGER OPTIMAL
Objective:  z1 = 3 (MINimum)

   No.   Row name        Activity     Lower bound   Upper bound
------ ------------    ------------- ------------- -------------
     1 capacity[A]               -40                          -0 
     2 capacity[B]                 0                          -0 
     3 capacity[C]                 0                          -0 
     4 capacity[D]                 0                          -0 
     5 capacity[F]                 0                          -0 
     6 capacity[G]                 0                          -0 
     7 capacity[J]               -60                          -0 
     8 capacity[M]                 0                          -0 
     9 domanda[A]                 80            80               
    10 domanda[B]                 70            70               
    11 domanda[C]                 60            60               
    12 domanda[D]                 70            70               
    13 domanda[E]                 80            80               
    14 domanda[F]                 40            40               
    15 domanda[G]                 60            60               
    16 domanda[H]                 70            70               
    17 domanda[J]                150           150               
    18 domanda[K]                 40            40               
    19 domanda[L]                 30            30               
    20 domanda[M]                 50            50               
    21 capacityV[A,A]
                                   0                          -0 
    22 capacityV[A,B]
                                 -10                          -0 
    23 capacityV[A,C]
                                   0                          -0 
    24 capacityV[A,D]
                                   0                          -0 
    25 capacityV[A,E]
                                   0                          -0 
    26 capacityV[A,F]
                                   0                          -0 
    27 capacityV[A,G]
                                   0                          -0 
    28 capacityV[A,H]
                                 -10                          -0 
    29 capacityV[A,J]
                                   0                          -0 
    30 capacityV[A,K]
                                   0                          -0 
    31 capacityV[A,L]
                                   0                          -0 
    32 capacityV[A,M]
                                   0                          -0 
    33 capacityV[B,A]
                                   0                          -0 
    34 capacityV[B,B]
                                   0                          -0 
    35 capacityV[B,C]
                                   0                          -0 
    36 capacityV[B,D]
                                   0                          -0 
    37 capacityV[B,E]
                                   0                          -0 
    38 capacityV[B,F]
                                   0                          -0 
    39 capacityV[B,G]
                                   0                          -0 
    40 capacityV[B,H]
                                   0                          -0 
    41 capacityV[B,J]
                                   0                          -0 
    42 capacityV[B,K]
                                   0                          -0 
    43 capacityV[B,L]
                                   0                          -0 
    44 capacityV[B,M]
                                   0                          -0 
    45 capacityV[C,A]
                                   0                          -0 
    46 capacityV[C,B]
                                   0                          -0 
    47 capacityV[C,C]
                                   0                          -0 
    48 capacityV[C,D]
                                   0                          -0 
    49 capacityV[C,E]
                                   0                          -0 
    50 capacityV[C,F]
                                   0                          -0 
    51 capacityV[C,G]
                                   0                          -0 
    52 capacityV[C,H]
                                   0                          -0 
    53 capacityV[C,J]
                                   0                          -0 
    54 capacityV[C,K]
                                   0                          -0 
    55 capacityV[C,L]
                                   0                          -0 
    56 capacityV[C,M]
                                   0                          -0 
    57 capacityV[D,A]
                                   0                          -0 
    58 capacityV[D,B]
                                   0                          -0 
    59 capacityV[D,C]
                                   0                          -0 
    60 capacityV[D,D]
                                   0                          -0 
    61 capacityV[D,E]
                                   0                          -0 
    62 capacityV[D,F]
                                   0                          -0 
    63 capacityV[D,G]
                                   0                          -0 
    64 capacityV[D,H]
                                   0                          -0 
    65 capacityV[D,J]
                                   0                          -0 
    66 capacityV[D,K]
                                   0                          -0 
    67 capacityV[D,L]
                                   0                          -0 
    68 capacityV[D,M]
                                   0                          -0 
    69 capacityV[F,A]
                                   0                          -0 
    70 capacityV[F,B]
                                   0                          -0 
    71 capacityV[F,C]
                                   0                          -0 
    72 capacityV[F,D]
                                   0                          -0 
    73 capacityV[F,E]
                                   0                          -0 
    74 capacityV[F,F]
                                   0                          -0 
    75 capacityV[F,G]
                                   0                          -0 
    76 capacityV[F,H]
                                   0                          -0 
    77 capacityV[F,J]
                                   0                          -0 
    78 capacityV[F,K]
                                   0                          -0 
    79 capacityV[F,L]
                                   0                          -0 
    80 capacityV[F,M]
                                   0                          -0 
    81 capacityV[G,A]
                                   0                          -0 
    82 capacityV[G,B]
                                   0                          -0 
    83 capacityV[G,C]
                                   0                          -0 
    84 capacityV[G,D]
                                   0                          -0 
    85 capacityV[G,E]
                                   0                          -0 
    86 capacityV[G,F]
                                   0                          -0 
    87 capacityV[G,G]
                                   0                          -0 
    88 capacityV[G,H]
                                   0                          -0 
    89 capacityV[G,J]
                                   0                          -0 
    90 capacityV[G,K]
                                   0                          -0 
    91 capacityV[G,L]
                                   0                          -0 
    92 capacityV[G,M]
                                   0                          -0 
    93 capacityV[J,A]
                                   0                          -0 
    94 capacityV[J,B]
                                   0                          -0 
    95 capacityV[J,C]
                                   0                          -0 
    96 capacityV[J,D]
                                   0                          -0 
    97 capacityV[J,E]
                                   0                          -0 
    98 capacityV[J,F]
                                   0                          -0 
    99 capacityV[J,G]
                                   0                          -0 
   100 capacityV[J,H]
                                 -80                          -0 
   101 capacityV[J,J]
                                 -10                          -0 
   102 capacityV[J,K]
                                   0                          -0 
   103 capacityV[J,L]
                                   0                          -0 
   104 capacityV[J,M]
                                 -10                          -0 
   105 capacityV[M,A]
                                   0                          -0 
   106 capacityV[M,B]
                                   0                          -0 
   107 capacityV[M,C]
                                   0                          -0 
   108 capacityV[M,D]
                                 -10                          -0 
   109 capacityV[M,E]
                                 -10                          -0 
   110 capacityV[M,F]
                                   0                          -0 
   111 capacityV[M,G]
                                   0                          -0 
   112 capacityV[M,H]
                                   0                          -0 
   113 capacityV[M,J]
                                   0                          -0 
   114 capacityV[M,K]
                                   0                          -0 
   115 capacityV[M,L]
                                 -10                          -0 
   116 capacityV[M,M]
                                   0                          -0 
   117 z1                          3                             

   No. Column name       Activity     Lower bound   Upper bound
------ ------------    ------------- ------------- -------------
     1 x[A,A]                     60             0               
     2 x[A,B]                     70             0               
     3 x[A,C]                     60             0               
     4 x[A,D]                      0             0               
     5 x[A,E]                      0             0               
     6 x[A,F]                      0             0               
     7 x[A,G]                      0             0               
     8 x[A,H]                     70             0               
     9 x[A,J]                      0             0               
    10 x[A,K]                      0             0               
    11 x[A,L]                      0             0               
    12 x[A,M]                      0             0               
    13 x[B,A]                      0             0               
    14 x[B,B]                      0             0               
    15 x[B,C]                      0             0               
    16 x[B,D]                      0             0               
    17 x[B,E]                      0             0               
    18 x[B,F]                      0             0               
    19 x[B,G]                      0             0               
    20 x[B,H]                      0             0               
    21 x[B,J]                      0             0               
    22 x[B,K]                      0             0               
    23 x[B,L]                      0             0               
    24 x[B,M]                      0             0               
    25 x[C,A]                      0             0               
    26 x[C,B]                      0             0               
    27 x[C,C]                      0             0               
    28 x[C,D]                      0             0               
    29 x[C,E]                      0             0               
    30 x[C,F]                      0             0               
    31 x[C,G]                      0             0               
    32 x[C,H]                      0             0               
    33 x[C,J]                      0             0               
    34 x[C,K]                      0             0               
    35 x[C,L]                      0             0               
    36 x[C,M]                      0             0               
    37 x[D,A]                      0             0               
    38 x[D,B]                      0             0               
    39 x[D,C]                      0             0               
    40 x[D,D]                      0             0               
    41 x[D,E]                      0             0               
    42 x[D,F]                      0             0               
    43 x[D,G]                      0             0               
    44 x[D,H]                      0             0               
    45 x[D,J]                      0             0               
    46 x[D,K]                      0             0               
    47 x[D,L]                      0             0               
    48 x[D,M]                      0             0               
    49 x[F,A]                      0             0               
    50 x[F,B]                      0             0               
    51 x[F,C]                      0             0               
    52 x[F,D]                      0             0               
    53 x[F,E]                      0             0               
    54 x[F,F]                      0             0               
    55 x[F,G]                      0             0               
    56 x[F,H]                      0             0               
    57 x[F,J]                      0             0               
    58 x[F,K]                      0             0               
    59 x[F,L]                      0             0               
    60 x[F,M]                      0             0               
    61 x[G,A]                      0             0               
    62 x[G,B]                      0             0               
    63 x[G,C]                      0             0               
    64 x[G,D]                      0             0               
    65 x[G,E]                      0             0               
    66 x[G,F]                      0             0               
    67 x[G,G]                      0             0               
    68 x[G,H]                      0             0               
    69 x[G,J]                      0             0               
    70 x[G,K]                      0             0               
    71 x[G,L]                      0             0               
    72 x[G,M]                      0             0               
    73 x[J,A]                      0             0               
    74 x[J,B]                      0             0               
    75 x[J,C]                      0             0               
    76 x[J,D]                      0             0               
    77 x[J,E]                      0             0               
    78 x[J,F]                     40             0               
    79 x[J,G]                      0             0               
    80 x[J,H]                      0             0               
    81 x[J,J]                    150             0               
    82 x[J,K]                      0             0               
    83 x[J,L]                      0             0               
    84 x[J,M]                     50             0               
    85 x[M,A]                     20             0               
    86 x[M,B]                      0             0               
    87 x[M,C]                      0             0               
    88 x[M,D]                     70             0               
    89 x[M,E]                     80             0               
    90 x[M,F]                      0             0               
    91 x[M,G]                     60             0               
    92 x[M,H]                      0             0               
    93 x[M,J]                      0             0               
    94 x[M,K]                     40             0               
    95 x[M,L]                     30             0               
    96 x[M,M]                      0             0               
    97 y[A,A,Small] *              3             0               
    98 y[A,A,Big]   *              0             0               
    99 y[A,B,Small] *              4             0               
   100 y[A,B,Big]   *              0             0               
   101 y[A,C,Small] *              3             0               
   102 y[A,C,Big]   *              0             0               
   103 y[A,D,Small] *              0             0               
   104 y[A,D,Big]   *              0             0               
   105 y[A,E,Small] *              0             0               
   106 y[A,E,Big]   *              0             0               
   107 y[A,F,Small] *              0             0               
   108 y[A,F,Big]   *              0             0               
   109 y[A,G,Small] *              0             0               
   110 y[A,G,Big]   *              0             0               
   111 y[A,H,Small] *              4             0               
   112 y[A,H,Big]   *              0             0               
   113 y[A,J,Small] *              0             0               
   114 y[A,J,Big]   *              0             0               
   115 y[A,K,Small] *              0             0               
   116 y[A,K,Big]   *              0             0               
   117 y[A,L,Small] *              0             0               
   118 y[A,L,Big]   *              0             0               
   119 y[A,M,Small] *              0             0               
   120 y[A,M,Big]   *              0             0               
   121 y[B,A,Small] *              0             0               
   122 y[B,A,Big]   *              0             0               
   123 y[B,B,Small] *              0             0               
   124 y[B,B,Big]   *              0             0               
   125 y[B,C,Small] *              0             0               
   126 y[B,C,Big]   *              0             0               
   127 y[B,D,Small] *              0             0               
   128 y[B,D,Big]   *              0             0               
   129 y[B,E,Small] *              0             0               
   130 y[B,E,Big]   *              0             0               
   131 y[B,F,Small] *              0             0               
   132 y[B,F,Big]   *              0             0               
   133 y[B,G,Small] *              0             0               
   134 y[B,G,Big]   *              0             0               
   135 y[B,H,Small] *              0             0               
   136 y[B,H,Big]   *              0             0               
   137 y[B,J,Small] *              0             0               
   138 y[B,J,Big]   *              0             0               
   139 y[B,K,Small] *              0             0               
   140 y[B,K,Big]   *              0             0               
   141 y[B,L,Small] *              0             0               
   142 y[B,L,Big]   *              0             0               
   143 y[B,M,Small] *              0             0               
   144 y[B,M,Big]   *              0             0               
   145 y[C,A,Small] *              0             0               
   146 y[C,A,Big]   *              0             0               
   147 y[C,B,Small] *              0             0               
   148 y[C,B,Big]   *              0             0               
   149 y[C,C,Small] *              0             0               
   150 y[C,C,Big]   *              0             0               
   151 y[C,D,Small] *              0             0               
   152 y[C,D,Big]   *              0             0               
   153 y[C,E,Small] *              0             0               
   154 y[C,E,Big]   *              0             0               
   155 y[C,F,Small] *              0             0               
   156 y[C,F,Big]   *              0             0               
   157 y[C,G,Small] *              0             0               
   158 y[C,G,Big]   *              0             0               
   159 y[C,H,Small] *              0             0               
   160 y[C,H,Big]   *              0             0               
   161 y[C,J,Small] *              0             0               
   162 y[C,J,Big]   *              0             0               
   163 y[C,K,Small] *              0             0               
   164 y[C,K,Big]   *              0             0               
   165 y[C,L,Small] *              0             0               
   166 y[C,L,Big]   *              0             0               
   167 y[C,M,Small] *              0             0               
   168 y[C,M,Big]   *              0             0               
   169 y[D,A,Small] *              0             0               
   170 y[D,A,Big]   *              0             0               
   171 y[D,B,Small] *              0             0               
   172 y[D,B,Big]   *              0             0               
   173 y[D,C,Small] *              0             0               
   174 y[D,C,Big]   *              0             0               
   175 y[D,D,Small] *              0             0               
   176 y[D,D,Big]   *              0             0               
   177 y[D,E,Small] *              0             0               
   178 y[D,E,Big]   *              0             0               
   179 y[D,F,Small] *              0             0               
   180 y[D,F,Big]   *              0             0               
   181 y[D,G,Small] *              0             0               
   182 y[D,G,Big]   *              0             0               
   183 y[D,H,Small] *              0             0               
   184 y[D,H,Big]   *              0             0               
   185 y[D,J,Small] *              0             0               
   186 y[D,J,Big]   *              0             0               
   187 y[D,K,Small] *              0             0               
   188 y[D,K,Big]   *              0             0               
   189 y[D,L,Small] *              0             0               
   190 y[D,L,Big]   *              0             0               
   191 y[D,M,Small] *              0             0               
   192 y[D,M,Big]   *              0             0               
   193 y[F,A,Small] *              0             0               
   194 y[F,A,Big]   *              0             0               
   195 y[F,B,Small] *              0             0               
   196 y[F,B,Big]   *              0             0               
   197 y[F,C,Small] *              0             0               
   198 y[F,C,Big]   *              0             0               
   199 y[F,D,Small] *              0             0               
   200 y[F,D,Big]   *              0             0               
   201 y[F,E,Small] *              0             0               
   202 y[F,E,Big]   *              0             0               
   203 y[F,F,Small] *              0             0               
   204 y[F,F,Big]   *              0             0               
   205 y[F,G,Small] *              0             0               
   206 y[F,G,Big]   *              0             0               
   207 y[F,H,Small] *              0             0               
   208 y[F,H,Big]   *              0             0               
   209 y[F,J,Small] *              0             0               
   210 y[F,J,Big]   *              0             0               
   211 y[F,K,Small] *              0             0               
   212 y[F,K,Big]   *              0             0               
   213 y[F,L,Small] *              0             0               
   214 y[F,L,Big]   *              0             0               
   215 y[F,M,Small] *              0             0               
   216 y[F,M,Big]   *              0             0               
   217 y[G,A,Small] *              0             0               
   218 y[G,A,Big]   *              0             0               
   219 y[G,B,Small] *              0             0               
   220 y[G,B,Big]   *              0             0               
   221 y[G,C,Small] *              0             0               
   222 y[G,C,Big]   *              0             0               
   223 y[G,D,Small] *              0             0               
   224 y[G,D,Big]   *              0             0               
   225 y[G,E,Small] *              0             0               
   226 y[G,E,Big]   *              0             0               
   227 y[G,F,Small] *              0             0               
   228 y[G,F,Big]   *              0             0               
   229 y[G,G,Small] *              0             0               
   230 y[G,G,Big]   *              0             0               
   231 y[G,H,Small] *              0             0               
   232 y[G,H,Big]   *              0             0               
   233 y[G,J,Small] *              0             0               
   234 y[G,J,Big]   *              0             0               
   235 y[G,K,Small] *              0             0               
   236 y[G,K,Big]   *              0             0               
   237 y[G,L,Small] *              0             0               
   238 y[G,L,Big]   *              0             0               
   239 y[G,M,Small] *              0             0               
   240 y[G,M,Big]   *              0             0               
   241 y[J,A,Small] *              0             0               
   242 y[J,A,Big]   *              0             0               
   243 y[J,B,Small] *              0             0               
   244 y[J,B,Big]   *              0             0               
   245 y[J,C,Small] *              0             0               
   246 y[J,C,Big]   *              0             0               
   247 y[J,D,Small] *              0             0               
   248 y[J,D,Big]   *              0             0               
   249 y[J,E,Small] *              0             0               
   250 y[J,E,Big]   *              0             0               
   251 y[J,F,Small] *              2             0               
   252 y[J,F,Big]   *              0             0               
   253 y[J,G,Small] *              0             0               
   254 y[J,G,Big]   *              0             0               
   255 y[J,H,Small] *              4             0               
   256 y[J,H,Big]   *              0             0               
   257 y[J,J,Small] *              8             0               
   258 y[J,J,Big]   *              0             0               
   259 y[J,K,Small] *              0             0               
   260 y[J,K,Big]   *              0             0               
   261 y[J,L,Small] *              0             0               
   262 y[J,L,Big]   *              0             0               
   263 y[J,M,Small] *              3             0               
   264 y[J,M,Big]   *              0             0               
   265 y[M,A,Small] *              1             0               
   266 y[M,A,Big]   *              0             0               
   267 y[M,B,Small] *              0             0               
   268 y[M,B,Big]   *              0             0               
   269 y[M,C,Small] *              0             0               
   270 y[M,C,Big]   *              0             0               
   271 y[M,D,Small] *              4             0               
   272 y[M,D,Big]   *              0             0               
   273 y[M,E,Small] *              0             0               
   274 y[M,E,Big]   *              3             0               
   275 y[M,F,Small] *              0             0               
   276 y[M,F,Big]   *              0             0               
   277 y[M,G,Small] *              3             0               
   278 y[M,G,Big]   *              0             0               
   279 y[M,H,Small] *              0             0               
   280 y[M,H,Big]   *              0             0               
   281 y[M,J,Small] *              0             0               
   282 y[M,J,Big]   *              0             0               
   283 y[M,K,Small] *              2             0               
   284 y[M,K,Big]   *              0             0               
   285 y[M,L,Small] *              2             0               
   286 y[M,L,Big]   *              0             0               
   287 y[M,M,Small] *              0             0               
   288 y[M,M,Big]   *              0             0               
   289 w[A]         *              1             0             1 
   290 w[B]         *              0             0             1 
   291 w[C]         *              0             0             1 
   292 w[D]         *              0             0             1 
   293 w[F]         *              0             0             1 
   294 w[G]         *              0             0             1 
   295 w[J]         *              1             0             1 
   296 w[M]         *              1             0             1 

Integer feasibility conditions:

KKT.PE: max.abs.err = 0.00e+000 on row 0
        max.rel.err = 0.00e+000 on row 0
        High quality

KKT.PB: max.abs.err = 0.00e+000 on row 0
        max.rel.err = 0.00e+000 on row 0
        High quality

End of output
