GLPK 4.45 - SENSITIVITY ANALYSIS REPORT                                                                         Page   1

Problem:    Esame_fornitura
Objective:  z = 3044.176471 (MINimum)

   No. Row name     St      Activity         Slack   Lower bound       Activity      Obj coef  Obj value at Limiting
                                          Marginal   Upper bound          range         range   break point variable
------ ------------ -- ------------- ------------- -------------  ------------- ------------- ------------- ------------
     1 capacity     NU    7100.00000        .               -Inf     6997.50000          -Inf    3069.50000 s[A,1]
                                           -.24706    7100.00000     7847.50000        .24706    2859.50000 y[B,2]

     2 forn_min     NL     300.00000        .          300.00000      273.30357     -16.71765    2597.87500 y[B,2]
                                          16.71765          +Inf      305.25641          +Inf    3132.05128 s[A,1]

     3 trasp_min[0] NL      65.00000        .           65.00000       30.00000       -.40000    3030.17647 trasp_max[2]
                                            .40000          +Inf      115.00000          +Inf    3064.17647 trasp_min[2]

     4 trasp_min[1] BS     135.00000     -65.00000      70.00000      135.00000          -Inf          -Inf
                                            .               +Inf      100.00000       1.80000    3287.17647 trasp_max[1]

     5 trasp_min[2] BS     100.00000     -50.00000      50.00000      135.00000      -1.80000    2864.17647 trasp_max[1]
                                            .               +Inf       30.00000        .40000    3084.17647 trasp_min[0]

     6 trasp_max[0] BS      65.00000      70.00000          -Inf      115.00000       -.40000    3018.17647 trasp_min[0]
                                            .          135.00000       65.00000          +Inf          +Inf

     7 trasp_max[1] NU     135.00000        .               -Inf      100.00000          -Inf    3107.17647 trasp_max[2]
                                          -1.80000     135.00000      147.05882       1.80000    3022.47059 y[A,2]

     8 trasp_max[2] BS     100.00000      35.00000          -Inf      165.00000      -1.80000    2864.17647 trasp_max[1]
                                            .          135.00000       50.00000        .40000    3084.17647 trasp_min[0]

     9 flow[A,0]    NS        .             .             .           -38.33333          -Inf    2388.00000 y[B,2]
                                          17.11765        .              .               +Inf    3044.17647 y[A,0]

    10 flow[A,1]    NS        .             .             .           -26.69643          -Inf    2645.92857 y[B,2]
                                          14.91765        .             3.66071          +Inf    3098.78571 s[A,1]

GLPK 4.45 - SENSITIVITY ANALYSIS REPORT                                                                         Page   2

Problem:    Esame_fornitura
Objective:  z = 3044.176471 (MINimum)

   No. Row name     St      Activity         Slack   Lower bound       Activity      Obj coef  Obj value at Limiting
                                          Marginal   Upper bound          range         range   break point variable
------ ------------ -- ------------- ------------- -------------  ------------- ------------- ------------- ------------
    11 flow[A,2]    NS        .             .             .           -26.69643          -Inf    2597.87500 y[B,2]
                                          16.71765        .             3.66071          +Inf    3105.37500 y[A,2]

    12 flow[B,0]    NS        .             .             .           -38.33333          -Inf    2388.00000 y[B,2]
                                          17.11765        .             5.25641          +Inf    3134.15385 s[A,1]

    13 flow[B,1]    NS        .             .             .           -38.33333          -Inf    2418.66667 y[B,2]
                                          16.31765        .             5.25641          +Inf    3129.94872 s[A,1]

    14 flow[B,2]    NS        .             .             .           -38.33333          -Inf    2403.33333 y[B,2]
                                          16.71765        .             5.25641          +Inf    3132.05128 s[A,1]

    15 consumo[X]   NS        .             .             .           -37.37500          -Inf    2859.50000 y[B,2]
                                           4.94118        .             5.12500          +Inf    3069.50000 s[A,1]

    16 consumo[Y]   NS        .             .             .           -21.35714          -Inf    2859.50000 y[B,2]
                                           8.64706        .             2.92857          +Inf    3069.50000 y[A,2]

    17 consumo[Z]   NS        .             .             .           -49.83333          -Inf    2859.50000 y[B,2]
                                           3.70588        .             6.83333          +Inf    3069.50000 y[A,2]

    18 z            BS    3044.17647   -3044.17647          -Inf     3167.29412      -1.00000        .      y[B,1]
                                            .               +Inf     3044.17647          +Inf          +Inf

GLPK 4.45 - SENSITIVITY ANALYSIS REPORT                                                                         Page   3

Problem:    Esame_fornitura
Objective:  z = 3044.176471 (MINimum)

   No. Column name  St      Activity      Obj coef   Lower bound       Activity      Obj coef  Obj value at Limiting
                                          Marginal   Upper bound          range         range   break point variable
------ ------------ -- ------------- ------------- -------------  ------------- ------------- ------------- ------------
     1 x[A,0]       NL        .           12.00000        .              .           10.20000    3044.17647 y[A,0]
                                           1.80000          +Inf       12.05882          +Inf    3065.88235 y[A,2]

     2 x[A,1]       BS     147.05882       8.00000        .           147.05882          -Inf          -Inf
                                            .               +Inf      135.00000       8.20000    3073.58824 x[A,2]

     3 x[A,2]       NL        .           10.00000        .                -Inf       9.80000          -Inf
                                            .20000          +Inf       12.05882          +Inf    3046.58824 s[A,1]

     4 x[B,0]       NL        .           15.00000        .                -Inf      12.30000          -Inf
                                           2.70000          +Inf       65.00000          +Inf    3219.67647 s[B,2]

     5 x[B,1]       BS     152.94118      11.50000        .           165.00000       9.40000    2723.00000 capacity
                                            .               +Inf         .           11.60000    3059.47059 x[B,2]

     6 x[B,2]       NL        .           12.00000        .                -Inf      11.90000          -Inf
                                            .10000          +Inf      152.94118          +Inf    3059.47059 x[B,1]

     7 y[A,0]       BS        .             .             .            12.05882      -1.40000    3044.17647 s[A,2]
                                            .               +Inf      -87.94118       4.00000    3044.17647 s[A,0]

     8 y[A,1]       BS     135.00000        .             .           135.00000          -Inf          -Inf
                                            .               +Inf       47.05882       1.40000    3233.17647 y[B,1]

     9 y[A,2]       BS      12.05882        .             .           100.00000      -1.40000    3027.29412 y[B,1]
                                            .               +Inf      -52.94118       1.40000    3061.05882 s[A,2]

    10 y[B,0]       BS      65.00000        .             .           115.00000       -.40000    3018.17647 trasp_min[0]
                                            .               +Inf       52.94118       1.40000    3135.17647 s[A,2]

GLPK 4.45 - SENSITIVITY ANALYSIS REPORT                                                                         Page   4

Problem:    Esame_fornitura
Objective:  z = 3044.176471 (MINimum)

   No. Column name  St      Activity      Obj coef   Lower bound       Activity      Obj coef  Obj value at Limiting
                                          Marginal   Upper bound          range         range   break point variable
------ ------------ -- ------------- ------------- -------------  ------------- ------------- ------------- ------------
    11 y[B,1]       NL        .             .             .           -12.05882      -1.40000    3027.29412 y[A,2]
                                           1.40000          +Inf       87.94118          +Inf    3167.29412 y[B,2]

    12 y[B,2]       BS      87.94118        .             .           100.00000      -1.40000    2921.05882 s[A,2]
                                            .               +Inf       37.94118        .40000    3079.35294 trasp_min[0]

    13 s[A,2]       NL        .            1.80000        .              .             .40000    3044.17647 y[A,0]
                                           1.40000          +Inf       12.05882          +Inf    3061.05882 y[A,2]

    14 s[A,0]       NL        .            1.80000        .           -12.05882      -2.20000    2995.94118 y[A,2]
                                           4.00000          +Inf         .               +Inf    3044.17647 y[A,0]

    15 s[A,1]       BS      12.05882       1.80000        .           100.00000        .40000    3027.29412 y[B,1]
                                            .               +Inf     -135.00000       2.00000    3046.58824 x[A,2]

    16 s[B,2]       BS      65.00000        .40000        .           115.00000        .         3018.17647 trasp_min[0]
                                            .               +Inf       52.94118       1.80000    3135.17647 s[A,2]

    17 s[B,0]       NL        .             .40000        .           -65.00000       -.80000    2966.17647 s[B,2]
                                           1.20000          +Inf           +Inf          +Inf          +Inf

    18 s[B,1]       BS     152.94118        .40000        .                +Inf       -.80000    2860.64706 s[B,0]
                                            .               +Inf         .             .50000    3059.47059 x[B,2]

    19 b[X]         BS     105.88235        .             .           109.50000      -7.00000    2303.00000 capacity
                                            .               +Inf      105.88235          +Inf          +Inf

    20 b[Y]         BS     103.52941        .             .           103.52941          -Inf          -Inf
                                            .               +Inf       97.50000       4.20000    3479.00000 capacity

GLPK 4.45 - SENSITIVITY ANALYSIS REPORT                                                                         Page   5

Problem:    Esame_fornitura
Objective:  z = 3044.176471 (MINimum)

   No. Column name  St      Activity      Obj coef   Lower bound       Activity      Obj coef  Obj value at Limiting
                                          Marginal   Upper bound          range         range   break point variable
------ ------------ -- ------------- ------------- -------------  ------------- ------------- ------------- ------------
    21 b[Z]         BS      90.58824        .             .            93.00000     -10.50000    2093.00000 capacity
                                            .               +Inf       90.58824          +Inf          +Inf

End of report
