Problem:    Esame_Trasporto_Merci
Rows:       23
Columns:    18 (18 integer, 0 binary)
Non-zeros:  58
Status:     INTEGER OPTIMAL
Objective:  flusso = 18 (MAXimum)

   No.   Row name        Activity     Lower bound   Upper bound
------ ------------    ------------- ------------- -------------
     1 Flow[1,1]                   0            -0             = 
     2 Flow[1,2]                   0            -0             = 
     3 Flow[2,1]                   0            -0             = 
     4 Flow[2,2]                   0            -0             = 
     5 Flow[3,1]                   0            -0             = 
     6 Flow[3,2]                   0            -0             = 
     7 Flow[4,1]                   0            -0             = 
     8 Flow[4,2]                   0            -0             = 
     9 peso[s1,1]                  7                          11 
    10 peso[s2,1]                  2                           2 
    11 peso[s2,2]                  9                           9 
    12 peso[1,2]                   3                           9 
    13 peso[1,4]                   6                           6 
    14 peso[2,3]                  12                          13 
    15 peso[3,4]                   4                           4 
    16 peso[3,t]                   8                           8 
    17 peso[4,t]                  10                          12 
    18 capacitys1P1                6                           6 
    19 capacitys1P2                1                           5 
    20 capacitys2P1                0                           4 
    21 capacitys2P2                0                           7 
    22 MaxFlow                    18            18             = 
    23 flusso                     18                             

   No. Column name       Activity     Lower bound   Upper bound
------ ------------    ------------- ------------- -------------
     1 x[1,s1,1]    *              6             0               
     2 x[1,s2,1]    *              0             0               
     3 x[1,1,2]     *              3             0               
     4 x[1,1,4]     *              3             0               
     5 x[2,s1,1]    *              1             0               
     6 x[2,s2,1]    *              2             0               
     7 x[2,1,2]     *              0             0               
     8 x[2,1,4]     *              3             0               
     9 x[1,s2,2]    *              0             0               
    10 x[1,2,3]     *              3             0               
    11 x[2,s2,2]    *              9             0               
    12 x[2,2,3]     *              9             0               
    13 x[1,3,4]     *              3             0               
    14 x[1,3,t]     *              0             0               
    15 x[2,3,4]     *              1             0               
    16 x[2,3,t]     *              8             0               
    17 x[1,4,t]     *              6             0               
    18 x[2,4,t]     *              4             0               

Integer feasibility conditions:

KKT.PE: max.abs.err = 0.00e+000 on row 0
        max.rel.err = 0.00e+000 on row 0
        High quality

KKT.PB: max.abs.err = 0.00e+000 on row 0
        max.rel.err = 0.00e+000 on row 0
        High quality

End of output
